#! /usr/bin/vvp
:ivl_version "11.0 (stable)";
:ivl_delay_selection "TYPICAL";
:vpi_time_precision - 12;
:vpi_module "/usr/lib/x86_64-linux-gnu/ivl/system.vpi";
:vpi_module "/usr/lib/x86_64-linux-gnu/ivl/vhdl_sys.vpi";
:vpi_module "/usr/lib/x86_64-linux-gnu/ivl/vhdl_textio.vpi";
:vpi_module "/usr/lib/x86_64-linux-gnu/ivl/v2005_math.vpi";
:vpi_module "/usr/lib/x86_64-linux-gnu/ivl/va_math.vpi";
S_0x5580e9d91c30 .scope module, "fast_inv_sqrt_tb" "fast_inv_sqrt_tb" 2 3;
 .timescale -9 -12;
v0x5580e9e25980_0 .var "clk", 0 0;
v0x5580e9e25a90_0 .var "data_in", 26 0;
v0x5580e9e25b50_0 .net "data_out", 26 0, L_0x5580e9e41640;  1 drivers
v0x5580e9e25c40_0 .var/i "f1", 31 0;
v0x5580e9e25d00_0 .var/i "f2", 31 0;
v0x5580e9e25e30_0 .var "input_count", 5 0;
v0x5580e9e25f10_0 .var/i "res", 31 0;
v0x5580e9e25ff0_0 .var "rst", 0 0;
E_0x5580e9db0dc0 .event posedge, v0x5580e9e18f80_0;
S_0x5580e9d886d0 .scope module, "DUT" "fast_inv_sqrt" 2 18, 3 9 0, S_0x5580e9d91c30;
 .timescale 0 0;
    .port_info 0 /INPUT 1 "i_clk";
    .port_info 1 /INPUT 1 "i_rst";
    .port_info 2 /INPUT 27 "i_x";
    .port_info 3 /OUTPUT 27 "o_inv_sqrt";
L_0x5580e9e3ce90 .functor BUFZ 27, v0x5580e9e24ad0_0, C4<000000000000000000000000000>, C4<000000000000000000000000000>, C4<000000000000000000000000000>;
L_0x5580e9e3ddb0 .functor NOT 1, L_0x5580e9e3dd10, C4<0>, C4<0>, C4<0>;
L_0x5580e9e3e0e0 .functor BUFZ 27, v0x5580e9e24c70_0, C4<000000000000000000000000000>, C4<000000000000000000000000000>, C4<000000000000000000000000000>;
L_0x5580e9e3e150 .functor BUFZ 27, v0x5580e9e24d50_0, C4<000000000000000000000000000>, C4<000000000000000000000000000>, C4<000000000000000000000000000>;
v0x5580e9e23f30_0 .net *"_ivl_10", 25 0, L_0x5580e9e36350;  1 drivers
L_0x7f76c289d060 .functor BUFT 1, C4<0>, C4<0>, C4<0>, C4<0>;
v0x5580e9e24010_0 .net *"_ivl_12", 0 0, L_0x7f76c289d060;  1 drivers
L_0x7f76c289d0a8 .functor BUFT 1, C4<00000001>, C4<0>, C4<0>, C4<0>;
v0x5580e9e240f0_0 .net/2u *"_ivl_16", 7 0, L_0x7f76c289d0a8;  1 drivers
v0x5580e9e241b0_0 .net *"_ivl_18", 7 0, L_0x5580e9e36720;  1 drivers
v0x5580e9e24290_0 .net *"_ivl_27", 0 0, L_0x5580e9e3dd10;  1 drivers
v0x5580e9e24370_0 .net *"_ivl_28", 0 0, L_0x5580e9e3ddb0;  1 drivers
v0x5580e9e24450_0 .net *"_ivl_31", 25 0, L_0x5580e9e3dea0;  1 drivers
L_0x7f76c289d018 .functor BUFT 1, C4<010111110011011101011001110>, C4<0>, C4<0>, C4<0>;
v0x5580e9e24530_0 .net/2u *"_ivl_6", 26 0, L_0x7f76c289d018;  1 drivers
v0x5580e9e24610_0 .net *"_ivl_8", 26 0, L_0x5580e9e36480;  1 drivers
v0x5580e9e246f0_0 .net "i_clk", 0 0, v0x5580e9e25980_0;  1 drivers
v0x5580e9e24790_0 .net "i_rst", 0 0, v0x5580e9e25ff0_0;  1 drivers
v0x5580e9e24830_0 .net "i_x", 26 0, v0x5580e9e25a90_0;  1 drivers
v0x5580e9e248d0_0 .net "o_inv_sqrt", 26 0, L_0x5580e9e41640;  alias, 1 drivers
v0x5580e9e24990_0 .var "r_s12_a", 26 0;
v0x5580e9e24a30_0 .var "r_s12_b", 26 0;
v0x5580e9e24ad0_0 .var "r_s12_c", 26 0;
v0x5580e9e24b90_0 .var "r_s23_a", 26 0;
v0x5580e9e24c70_0 .var "r_s23_b", 26 0;
v0x5580e9e24d50_0 .var "r_s34_a", 26 0;
v0x5580e9e24e30_0 .var "r_s45_a", 26 0;
v0x5580e9e24f20_0 .var "r_s45_b", 26 0;
v0x5580e9e24ff0_0 .net "w_exponent", 7 0, L_0x5580e9e261d0;  1 drivers
v0x5580e9e250b0_0 .net "w_mantissa", 17 0, L_0x5580e9e26270;  1 drivers
v0x5580e9e25190_0 .net "w_s12_a", 26 0, L_0x5580e9e399c0;  1 drivers
v0x5580e9e25280_0 .net "w_s12_b", 26 0, L_0x5580e9e36860;  1 drivers
v0x5580e9e25340_0 .net "w_s12_c", 26 0, L_0x5580e9e365a0;  1 drivers
v0x5580e9e25400_0 .net "w_s23_a", 26 0, L_0x5580e9e3cc70;  1 drivers
v0x5580e9e254c0_0 .net "w_s23_b", 26 0, L_0x5580e9e3ce90;  1 drivers
v0x5580e9e25580_0 .net "w_s34_a", 26 0, L_0x5580e9e3e0e0;  1 drivers
v0x5580e9e25660_0 .net "w_s45_a", 26 0, v0x5580e9e1a470_0;  1 drivers
v0x5580e9e25750_0 .net "w_s45_b", 26 0, L_0x5580e9e3e150;  1 drivers
v0x5580e9e25810_0 .net "w_sign", 0 0, L_0x5580e9e260e0;  1 drivers
L_0x5580e9e260e0 .part v0x5580e9e25a90_0, 26, 1;
L_0x5580e9e261d0 .part v0x5580e9e25a90_0, 18, 8;
L_0x5580e9e26270 .part v0x5580e9e25a90_0, 0, 18;
L_0x5580e9e36350 .part v0x5580e9e25a90_0, 1, 26;
L_0x5580e9e36480 .concat [ 26 1 0 0], L_0x5580e9e36350, L_0x7f76c289d060;
L_0x5580e9e365a0 .arith/sub 27, L_0x7f76c289d018, L_0x5580e9e36480;
L_0x5580e9e36720 .arith/sub 8, L_0x5580e9e261d0, L_0x7f76c289d0a8;
L_0x5580e9e36860 .concat [ 18 8 1 0], L_0x5580e9e26270, L_0x5580e9e36720, L_0x5580e9e260e0;
L_0x5580e9e3dd10 .part v0x5580e9e24b90_0, 26, 1;
L_0x5580e9e3dea0 .part v0x5580e9e24b90_0, 0, 26;
L_0x5580e9e3dff0 .concat [ 26 1 0 0], L_0x5580e9e3dea0, L_0x5580e9e3ddb0;
S_0x5580e9d897a0 .scope module, "a_inst1" "FpAdd" 3 72, 4 16 0, S_0x5580e9d886d0;
 .timescale -9 -12;
    .port_info 0 /INPUT 1 "clk";
    .port_info 1 /INPUT 27 "in1";
    .port_info 2 /INPUT 27 "in2";
    .port_info 3 /OUTPUT 27 "sum";
    .port_info 4 /INPUT 1 "rst";
P_0x5580e9e00390 .param/l "ex_end" 0 4 41, +C4<00000000000000000000000000011001>;
P_0x5580e9e003d0 .param/l "ex_st" 0 4 42, +C4<00000000000000000000000000010010>;
P_0x5580e9e00410 .param/l "ma_end" 0 4 43, +C4<00000000000000000000000000010001>;
P_0x5580e9e00450 .param/l "ma_st" 0 4 44, +C4<00000000000000000000000000000000>;
P_0x5580e9e00490 .param/l "sign" 0 4 40, +C4<00000000000000000000000000011010>;
L_0x5580e9e3d0e0 .functor XOR 1, L_0x5580e9e3d1f0, L_0x5580e9e3d290, C4<0>, C4<0>;
v0x5580e9da1c10_0 .net *"_ivl_1", 7 0, L_0x5580e9e3cf00;  1 drivers
v0x5580e9dff240_0 .net *"_ivl_13", 0 0, L_0x5580e9e3d400;  1 drivers
v0x5580e9dff2e0_0 .net *"_ivl_15", 17 0, L_0x5580e9e3d4e0;  1 drivers
v0x5580e9dfe830_0 .net *"_ivl_16", 17 0, L_0x5580e9e3d5d0;  1 drivers
v0x5580e9dfe8d0_0 .net *"_ivl_19", 17 0, L_0x5580e9e3d710;  1 drivers
L_0x7f76c289d720 .functor BUFT 1, C4<1>, C4<0>, C4<0>, C4<0>;
v0x5580e9de84c0_0 .net/2u *"_ivl_24", 0 0, L_0x7f76c289d720;  1 drivers
v0x5580e9d5ed50_0 .net *"_ivl_27", 17 0, L_0x5580e9e3da70;  1 drivers
v0x5580e9e18b20_0 .net *"_ivl_3", 7 0, L_0x5580e9e3cfa0;  1 drivers
v0x5580e9e18c00_0 .net *"_ivl_7", 0 0, L_0x5580e9e3d1f0;  1 drivers
v0x5580e9e18ce0_0 .net *"_ivl_9", 0 0, L_0x5580e9e3d290;  1 drivers
v0x5580e9e18dc0_0 .var "add_out", 19 0;
v0x5580e9e18ea0_0 .var "add_result", 26 0;
v0x5580e9e18f80_0 .net "clk", 0 0, v0x5580e9e25980_0;  alias, 1 drivers
v0x5580e9e19040_0 .var "expt_carry", 25 18;
v0x5580e9e19120_0 .net "final_add", 17 0, L_0x5580e9e3d7b0;  1 drivers
v0x5580e9e19200_0 .var "final_sub", 17 0;
v0x5580e9e192e0_0 .var "gr", 26 0;
v0x5580e9e193c0_0 .net "gr_mant", 18 0, L_0x5580e9e3dbd0;  1 drivers
v0x5580e9e194a0_0 .var "greater", 26 0;
L_0x7f76c289d768 .functor BUFT 1, C4<001111111100000000000000000>, C4<0>, C4<0>, C4<0>;
v0x5580e9e19580_0 .net "in1", 26 0, L_0x7f76c289d768;  1 drivers
v0x5580e9e19660_0 .net "in2", 26 0, L_0x5580e9e3dff0;  1 drivers
v0x5580e9e19740_0 .var "net_expt", 25 18;
v0x5580e9e19820_0 .var "net_small", 18 0;
v0x5580e9e19900_0 .net "rst", 0 0, v0x5580e9e25ff0_0;  alias, 1 drivers
v0x5580e9e199c0_0 .var "sm", 19 0;
v0x5580e9e19aa0_0 .net "sm_mant", 18 0, L_0x5580e9e3d980;  1 drivers
v0x5580e9e19b80_0 .var "sm_shift", 25 18;
v0x5580e9e19c60_0 .net "small_shift", 25 18, L_0x5580e9e3d040;  1 drivers
v0x5580e9e19d40_0 .var "smaller", 26 0;
v0x5580e9e19e20_0 .net "sub", 0 0, L_0x5580e9e3d0e0;  1 drivers
v0x5580e9e19ee0_0 .var "sub_expt", 7 0;
v0x5580e9e19fc0_0 .var "sub_out", 18 0;
v0x5580e9e1a0a0_0 .var "sub_result", 26 0;
v0x5580e9e1a390_0 .var "sub_shift", 4 0;
v0x5580e9e1a470_0 .var "sum", 26 0;
v0x5580e9e1a550_0 .var "temp_sub", 18 0;
E_0x5580e9dc2b80 .event edge, v0x5580e9e19e20_0, v0x5580e9e1a0a0_0, v0x5580e9e18ea0_0;
E_0x5580e9d82ab0 .event edge, v0x5580e9e192e0_0, v0x5580e9e19ee0_0, v0x5580e9e19200_0;
E_0x5580e9e011a0 .event edge, v0x5580e9e19fc0_0, v0x5580e9e1a390_0, v0x5580e9e1a550_0;
E_0x5580e9e011e0 .event edge, v0x5580e9e19740_0, v0x5580e9e1a390_0;
E_0x5580e9e012e0 .event edge, v0x5580e9e19fc0_0;
E_0x5580e9dedc30 .event edge, v0x5580e9e192e0_0, v0x5580e9e199c0_0;
E_0x5580e9ded1c0 .event edge, v0x5580e9e192e0_0, v0x5580e9e19040_0, v0x5580e9e19120_0;
E_0x5580e9dee410 .event edge, v0x5580e9e19740_0, v0x5580e9e18dc0_0;
E_0x5580e9de0370/0 .event negedge, v0x5580e9e19900_0;
E_0x5580e9de0370/1 .event posedge, v0x5580e9e18f80_0;
E_0x5580e9de0370 .event/or E_0x5580e9de0370/0, E_0x5580e9de0370/1;
E_0x5580e9dec450 .event edge, v0x5580e9e194a0_0, v0x5580e9e19d40_0, v0x5580e9e19c60_0;
E_0x5580e9d93a80 .event edge, v0x5580e9e19580_0, v0x5580e9e19660_0;
L_0x5580e9e3cf00 .part v0x5580e9e194a0_0, 18, 8;
L_0x5580e9e3cfa0 .part v0x5580e9e19d40_0, 18, 8;
L_0x5580e9e3d040 .arith/sub 8, L_0x5580e9e3cf00, L_0x5580e9e3cfa0;
L_0x5580e9e3d1f0 .part v0x5580e9e192e0_0, 26, 1;
L_0x5580e9e3d290 .part v0x5580e9e199c0_0, 19, 1;
L_0x5580e9e3d400 .part v0x5580e9e18dc0_0, 19, 1;
L_0x5580e9e3d4e0 .part v0x5580e9e18dc0_0, 1, 18;
L_0x5580e9e3d5d0 .concat [ 18 0 0 0], L_0x5580e9e3d4e0;
L_0x5580e9e3d710 .part v0x5580e9e18dc0_0, 0, 18;
L_0x5580e9e3d7b0 .functor MUXZ 18, L_0x5580e9e3d710, L_0x5580e9e3d5d0, L_0x5580e9e3d400, C4<>;
L_0x5580e9e3d980 .part v0x5580e9e199c0_0, 0, 19;
L_0x5580e9e3da70 .part v0x5580e9e192e0_0, 0, 18;
L_0x5580e9e3dbd0 .concat [ 18 1 0 0], L_0x5580e9e3da70, L_0x7f76c289d720;
S_0x5580e9d8af70 .scope module, "m_inst1" "fp_mul" 3 65, 5 1 0, S_0x5580e9d886d0;
 .timescale -9 -12;
    .port_info 0 /INPUT 27 "num1";
    .port_info 1 /INPUT 27 "num2";
    .port_info 2 /OUTPUT 27 "res";
L_0x5580e9dfe710 .functor AND 1, L_0x5580e9e36ae0, L_0x5580e9e36c20, C4<1>, C4<1>;
L_0x5580e9de8310 .functor NOT 1, L_0x5580e9dfe710, C4<0>, C4<0>, C4<0>;
L_0x5580e9e37550 .functor XOR 1, L_0x5580e9e36e30, L_0x5580e9e36ed0, C4<0>, C4<0>;
L_0x5580e9d5edf0 .functor NOT 1, L_0x5580e9e391a0, C4<0>, C4<0>, C4<0>;
L_0x5580e9e39420 .functor OR 1, L_0x5580e9d5edf0, L_0x5580e9de8310, C4<0>, C4<0>;
v0x5580e9e1a790_0 .net *"_ivl_1", 25 0, L_0x5580e9e36a40;  1 drivers
v0x5580e9e1a890_0 .net *"_ivl_100", 26 0, L_0x5580e9e39880;  1 drivers
v0x5580e9e1a970_0 .net *"_ivl_21", 7 0, L_0x5580e9e37140;  1 drivers
v0x5580e9e1aa30_0 .net *"_ivl_23", 0 0, L_0x5580e9e371e0;  1 drivers
L_0x7f76c289d0f0 .functor BUFT 1, C4<1>, C4<0>, C4<0>, C4<0>;
v0x5580e9e1aaf0_0 .net/2u *"_ivl_24", 0 0, L_0x7f76c289d0f0;  1 drivers
v0x5580e9e1ac20_0 .net *"_ivl_27", 17 0, L_0x5580e9e37360;  1 drivers
v0x5580e9e1ad00_0 .net *"_ivl_28", 18 0, L_0x5580e9e37430;  1 drivers
v0x5580e9e1ade0_0 .net *"_ivl_3", 0 0, L_0x5580e9e36ae0;  1 drivers
L_0x7f76c289d138 .functor BUFT 1, C4<0>, C4<0>, C4<0>, C4<0>;
v0x5580e9e1aea0_0 .net/2u *"_ivl_30", 0 0, L_0x7f76c289d138;  1 drivers
v0x5580e9e1af80_0 .net *"_ivl_33", 17 0, L_0x5580e9e37610;  1 drivers
v0x5580e9e1b060_0 .net *"_ivl_34", 18 0, L_0x5580e9e376b0;  1 drivers
v0x5580e9e1b140_0 .net *"_ivl_39", 7 0, L_0x5580e9e37a00;  1 drivers
v0x5580e9e1b220_0 .net *"_ivl_41", 0 0, L_0x5580e9e37b30;  1 drivers
L_0x7f76c289d180 .functor BUFT 1, C4<1>, C4<0>, C4<0>, C4<0>;
v0x5580e9e1b2e0_0 .net/2u *"_ivl_42", 0 0, L_0x7f76c289d180;  1 drivers
v0x5580e9e1b3c0_0 .net *"_ivl_45", 17 0, L_0x5580e9e37c20;  1 drivers
v0x5580e9e1b4a0_0 .net *"_ivl_46", 18 0, L_0x5580e9e37d60;  1 drivers
L_0x7f76c289d1c8 .functor BUFT 1, C4<0>, C4<0>, C4<0>, C4<0>;
v0x5580e9e1b580_0 .net/2u *"_ivl_48", 0 0, L_0x7f76c289d1c8;  1 drivers
v0x5580e9e1b660_0 .net *"_ivl_5", 25 0, L_0x5580e9e36b80;  1 drivers
v0x5580e9e1b740_0 .net *"_ivl_51", 17 0, L_0x5580e9e37ea0;  1 drivers
v0x5580e9e1b820_0 .net *"_ivl_52", 18 0, L_0x5580e9e37cc0;  1 drivers
v0x5580e9e1b900_0 .net *"_ivl_58", 8 0, L_0x5580e9e383b0;  1 drivers
L_0x7f76c289d210 .functor BUFT 1, C4<0>, C4<0>, C4<0>, C4<0>;
v0x5580e9e1b9e0_0 .net *"_ivl_61", 0 0, L_0x7f76c289d210;  1 drivers
v0x5580e9e1bac0_0 .net *"_ivl_62", 8 0, L_0x5580e9e384f0;  1 drivers
L_0x7f76c289d258 .functor BUFT 1, C4<0>, C4<0>, C4<0>, C4<0>;
v0x5580e9e1bba0_0 .net *"_ivl_65", 0 0, L_0x7f76c289d258;  1 drivers
v0x5580e9e1bc80_0 .net *"_ivl_68", 37 0, L_0x5580e9e387f0;  1 drivers
v0x5580e9e1bd60_0 .net *"_ivl_7", 0 0, L_0x5580e9e36c20;  1 drivers
L_0x7f76c289d2a0 .functor BUFT 1, C4<0000000000000000000>, C4<0>, C4<0>, C4<0>;
v0x5580e9e1be20_0 .net *"_ivl_71", 18 0, L_0x7f76c289d2a0;  1 drivers
v0x5580e9e1bf00_0 .net *"_ivl_72", 37 0, L_0x5580e9e38a10;  1 drivers
L_0x7f76c289d2e8 .functor BUFT 1, C4<0000000000000000000>, C4<0>, C4<0>, C4<0>;
v0x5580e9e1bfe0_0 .net *"_ivl_75", 18 0, L_0x7f76c289d2e8;  1 drivers
v0x5580e9e1c0c0_0 .net *"_ivl_79", 0 0, L_0x5580e9e38d80;  1 drivers
L_0x7f76c289d330 .functor BUFT 1, C4<1>, C4<0>, C4<0>, C4<0>;
v0x5580e9e1c1a0_0 .net/2u *"_ivl_80", 0 0, L_0x7f76c289d330;  1 drivers
L_0x7f76c289d378 .functor BUFT 1, C4<0>, C4<0>, C4<0>, C4<0>;
v0x5580e9e1c280_0 .net/2u *"_ivl_82", 0 0, L_0x7f76c289d378;  1 drivers
v0x5580e9e1c360_0 .net *"_ivl_86", 26 0, L_0x5580e9e39100;  1 drivers
v0x5580e9e1c650_0 .net *"_ivl_89", 0 0, L_0x5580e9e391a0;  1 drivers
v0x5580e9e1c710_0 .net *"_ivl_9", 0 0, L_0x5580e9dfe710;  1 drivers
v0x5580e9e1c7d0_0 .net *"_ivl_93", 0 0, L_0x5580e9e39420;  1 drivers
L_0x7f76c289d3c0 .functor BUFT 1, C4<00000000000000000000000000>, C4<0>, C4<0>, C4<0>;
v0x5580e9e1c890_0 .net/2u *"_ivl_94", 25 0, L_0x7f76c289d3c0;  1 drivers
v0x5580e9e1c970_0 .net *"_ivl_96", 26 0, L_0x5580e9e39530;  1 drivers
v0x5580e9e1ca50_0 .net *"_ivl_99", 7 0, L_0x5580e9e39670;  1 drivers
v0x5580e9e1cb30_0 .net "exp_a", 7 0, L_0x5580e9e36fb0;  1 drivers
v0x5580e9e1cc10_0 .net "exp_b", 7 0, L_0x5580e9e37050;  1 drivers
v0x5580e9e1ccf0_0 .var "exp_res", 8 0;
v0x5580e9e1cdd0_0 .net "exp_sum", 8 0, L_0x5580e9e38700;  1 drivers
v0x5580e9e1ceb0_0 .net "frac_a", 18 0, L_0x5580e9e37870;  1 drivers
v0x5580e9e1cf90_0 .net "frac_b", 18 0, L_0x5580e9e380c0;  1 drivers
v0x5580e9e1d070_0 .var "mantissa", 17 0;
v0x5580e9e1d150_0 .net "norm", 0 0, L_0x5580e9e38e70;  1 drivers
v0x5580e9e1d210_0 .net "num1", 26 0, L_0x5580e9e365a0;  alias, 1 drivers
v0x5580e9e1d2f0_0 .net "num2", 26 0, L_0x5580e9e365a0;  alias, 1 drivers
v0x5580e9e1d3b0_0 .net "prod", 37 0, L_0x5580e9e38b50;  1 drivers
v0x5580e9e1d470_0 .net "res", 26 0, L_0x5580e9e399c0;  alias, 1 drivers
v0x5580e9e1d550_0 .net "sign_a", 0 0, L_0x5580e9e36e30;  1 drivers
v0x5580e9e1d610_0 .net "sign_b", 0 0, L_0x5580e9e36ed0;  1 drivers
v0x5580e9e1d6d0_0 .net "sign_res", 0 0, L_0x5580e9e37550;  1 drivers
v0x5580e9e1d790_0 .net "zero", 0 0, L_0x5580e9de8310;  1 drivers
v0x5580e9e1d850_0 .net "zero_res", 0 0, L_0x5580e9d5edf0;  1 drivers
E_0x5580e9d9f4e0 .event edge, v0x5580e9e1cdd0_0, v0x5580e9e1d150_0, v0x5580e9e1d3b0_0, v0x5580e9e1ccf0_0;
L_0x5580e9e36a40 .part L_0x5580e9e365a0, 0, 26;
L_0x5580e9e36ae0 .reduce/or L_0x5580e9e36a40;
L_0x5580e9e36b80 .part L_0x5580e9e365a0, 0, 26;
L_0x5580e9e36c20 .reduce/or L_0x5580e9e36b80;
L_0x5580e9e36e30 .part L_0x5580e9e365a0, 26, 1;
L_0x5580e9e36ed0 .part L_0x5580e9e365a0, 26, 1;
L_0x5580e9e36fb0 .part L_0x5580e9e365a0, 18, 8;
L_0x5580e9e37050 .part L_0x5580e9e365a0, 18, 8;
L_0x5580e9e37140 .part L_0x5580e9e365a0, 18, 8;
L_0x5580e9e371e0 .reduce/or L_0x5580e9e37140;
L_0x5580e9e37360 .part L_0x5580e9e365a0, 0, 18;
L_0x5580e9e37430 .concat [ 18 1 0 0], L_0x5580e9e37360, L_0x7f76c289d0f0;
L_0x5580e9e37610 .part L_0x5580e9e365a0, 0, 18;
L_0x5580e9e376b0 .concat [ 18 1 0 0], L_0x5580e9e37610, L_0x7f76c289d138;
L_0x5580e9e37870 .functor MUXZ 19, L_0x5580e9e376b0, L_0x5580e9e37430, L_0x5580e9e371e0, C4<>;
L_0x5580e9e37a00 .part L_0x5580e9e365a0, 18, 8;
L_0x5580e9e37b30 .reduce/or L_0x5580e9e37a00;
L_0x5580e9e37c20 .part L_0x5580e9e365a0, 0, 18;
L_0x5580e9e37d60 .concat [ 18 1 0 0], L_0x5580e9e37c20, L_0x7f76c289d180;
L_0x5580e9e37ea0 .part L_0x5580e9e365a0, 0, 18;
L_0x5580e9e37cc0 .concat [ 18 1 0 0], L_0x5580e9e37ea0, L_0x7f76c289d1c8;
L_0x5580e9e380c0 .functor MUXZ 19, L_0x5580e9e37cc0, L_0x5580e9e37d60, L_0x5580e9e37b30, C4<>;
L_0x5580e9e383b0 .concat [ 8 1 0 0], L_0x5580e9e36fb0, L_0x7f76c289d210;
L_0x5580e9e384f0 .concat [ 8 1 0 0], L_0x5580e9e37050, L_0x7f76c289d258;
L_0x5580e9e38700 .arith/sum 9, L_0x5580e9e383b0, L_0x5580e9e384f0;
L_0x5580e9e387f0 .concat [ 19 19 0 0], L_0x5580e9e37870, L_0x7f76c289d2a0;
L_0x5580e9e38a10 .concat [ 19 19 0 0], L_0x5580e9e380c0, L_0x7f76c289d2e8;
L_0x5580e9e38b50 .arith/mult 38, L_0x5580e9e387f0, L_0x5580e9e38a10;
L_0x5580e9e38d80 .part L_0x5580e9e38b50, 37, 1;
L_0x5580e9e38e70 .functor MUXZ 1, L_0x7f76c289d378, L_0x7f76c289d330, L_0x5580e9e38d80, C4<>;
L_0x5580e9e39100 .concat [ 18 9 0 0], v0x5580e9e1d070_0, v0x5580e9e1ccf0_0;
L_0x5580e9e391a0 .reduce/or L_0x5580e9e39100;
L_0x5580e9e39530 .concat [ 26 1 0 0], L_0x7f76c289d3c0, L_0x5580e9e37550;
L_0x5580e9e39670 .part v0x5580e9e1ccf0_0, 0, 8;
L_0x5580e9e39880 .concat [ 18 8 1 0], v0x5580e9e1d070_0, L_0x5580e9e39670, L_0x5580e9e37550;
L_0x5580e9e399c0 .functor MUXZ 27, L_0x5580e9e39880, L_0x5580e9e39530, L_0x5580e9e39420, C4<>;
S_0x5580e9d8c040 .scope module, "m_inst2" "fp_mul" 3 68, 5 1 0, S_0x5580e9d886d0;
 .timescale -9 -12;
    .port_info 0 /INPUT 27 "num1";
    .port_info 1 /INPUT 27 "num2";
    .port_info 2 /OUTPUT 27 "res";
L_0x5580e9e39fa0 .functor AND 1, L_0x5580e9e39cd0, L_0x5580e9e39eb0, C4<1>, C4<1>;
L_0x5580e9e3a0b0 .functor NOT 1, L_0x5580e9e39fa0, C4<0>, C4<0>, C4<0>;
L_0x5580e9e3a7f0 .functor XOR 1, L_0x5580e9e3a170, L_0x5580e9e3a210, C4<0>, C4<0>;
L_0x5580e9e3b9c0 .functor NOT 1, L_0x5580e9e3c480, C4<0>, C4<0>, C4<0>;
L_0x5580e9e3c6d0 .functor OR 1, L_0x5580e9e3b9c0, L_0x5580e9e3a0b0, C4<0>, C4<0>;
v0x5580e9e1da10_0 .net *"_ivl_1", 25 0, L_0x5580e9e39be0;  1 drivers
v0x5580e9e1db10_0 .net *"_ivl_100", 26 0, L_0x5580e9e3cb30;  1 drivers
v0x5580e9e1dbf0_0 .net *"_ivl_21", 7 0, L_0x5580e9e3a510;  1 drivers
v0x5580e9e1dcb0_0 .net *"_ivl_23", 0 0, L_0x5580e9e3a5b0;  1 drivers
L_0x7f76c289d408 .functor BUFT 1, C4<1>, C4<0>, C4<0>, C4<0>;
v0x5580e9e1dd70_0 .net/2u *"_ivl_24", 0 0, L_0x7f76c289d408;  1 drivers
v0x5580e9e1dea0_0 .net *"_ivl_27", 17 0, L_0x5580e9e3a6b0;  1 drivers
v0x5580e9e1df80_0 .net *"_ivl_28", 18 0, L_0x5580e9e3a750;  1 drivers
v0x5580e9e1e060_0 .net *"_ivl_3", 0 0, L_0x5580e9e39cd0;  1 drivers
L_0x7f76c289d450 .functor BUFT 1, C4<0>, C4<0>, C4<0>, C4<0>;
v0x5580e9e1e120_0 .net/2u *"_ivl_30", 0 0, L_0x7f76c289d450;  1 drivers
v0x5580e9e1e200_0 .net *"_ivl_33", 17 0, L_0x5580e9e3a860;  1 drivers
v0x5580e9e1e2e0_0 .net *"_ivl_34", 18 0, L_0x5580e9e3a900;  1 drivers
v0x5580e9e1e3c0_0 .net *"_ivl_39", 7 0, L_0x5580e9e3ac50;  1 drivers
v0x5580e9e1e4a0_0 .net *"_ivl_41", 0 0, L_0x5580e9e3ad80;  1 drivers
L_0x7f76c289d498 .functor BUFT 1, C4<1>, C4<0>, C4<0>, C4<0>;
v0x5580e9e1e560_0 .net/2u *"_ivl_42", 0 0, L_0x7f76c289d498;  1 drivers
v0x5580e9e1e640_0 .net *"_ivl_45", 17 0, L_0x5580e9e3ae70;  1 drivers
v0x5580e9e1e720_0 .net *"_ivl_46", 18 0, L_0x5580e9e3afb0;  1 drivers
L_0x7f76c289d4e0 .functor BUFT 1, C4<0>, C4<0>, C4<0>, C4<0>;
v0x5580e9e1e800_0 .net/2u *"_ivl_48", 0 0, L_0x7f76c289d4e0;  1 drivers
v0x5580e9e1e8e0_0 .net *"_ivl_5", 25 0, L_0x5580e9e39dc0;  1 drivers
v0x5580e9e1e9c0_0 .net *"_ivl_51", 17 0, L_0x5580e9e3b0f0;  1 drivers
v0x5580e9e1eaa0_0 .net *"_ivl_52", 18 0, L_0x5580e9e3af10;  1 drivers
v0x5580e9e1eb80_0 .net *"_ivl_58", 8 0, L_0x5580e9e3b5d0;  1 drivers
L_0x7f76c289d528 .functor BUFT 1, C4<0>, C4<0>, C4<0>, C4<0>;
v0x5580e9e1ec60_0 .net *"_ivl_61", 0 0, L_0x7f76c289d528;  1 drivers
v0x5580e9e1ed40_0 .net *"_ivl_62", 8 0, L_0x5580e9e3b710;  1 drivers
L_0x7f76c289d570 .functor BUFT 1, C4<0>, C4<0>, C4<0>, C4<0>;
v0x5580e9e1ee20_0 .net *"_ivl_65", 0 0, L_0x7f76c289d570;  1 drivers
v0x5580e9e1ef00_0 .net *"_ivl_68", 37 0, L_0x5580e9e3bad0;  1 drivers
v0x5580e9e1efe0_0 .net *"_ivl_7", 0 0, L_0x5580e9e39eb0;  1 drivers
L_0x7f76c289d5b8 .functor BUFT 1, C4<0000000000000000000>, C4<0>, C4<0>, C4<0>;
v0x5580e9e1f0a0_0 .net *"_ivl_71", 18 0, L_0x7f76c289d5b8;  1 drivers
v0x5580e9e1f180_0 .net *"_ivl_72", 37 0, L_0x5580e9e3bcf0;  1 drivers
L_0x7f76c289d600 .functor BUFT 1, C4<0000000000000000000>, C4<0>, C4<0>, C4<0>;
v0x5580e9e1f260_0 .net *"_ivl_75", 18 0, L_0x7f76c289d600;  1 drivers
v0x5580e9e1f340_0 .net *"_ivl_79", 0 0, L_0x5580e9e3c060;  1 drivers
L_0x7f76c289d648 .functor BUFT 1, C4<1>, C4<0>, C4<0>, C4<0>;
v0x5580e9e1f420_0 .net/2u *"_ivl_80", 0 0, L_0x7f76c289d648;  1 drivers
L_0x7f76c289d690 .functor BUFT 1, C4<0>, C4<0>, C4<0>, C4<0>;
v0x5580e9e1f500_0 .net/2u *"_ivl_82", 0 0, L_0x7f76c289d690;  1 drivers
v0x5580e9e1f5e0_0 .net *"_ivl_86", 26 0, L_0x5580e9e3c3e0;  1 drivers
v0x5580e9e1f8d0_0 .net *"_ivl_89", 0 0, L_0x5580e9e3c480;  1 drivers
v0x5580e9e1f990_0 .net *"_ivl_9", 0 0, L_0x5580e9e39fa0;  1 drivers
v0x5580e9e1fa50_0 .net *"_ivl_93", 0 0, L_0x5580e9e3c6d0;  1 drivers
L_0x7f76c289d6d8 .functor BUFT 1, C4<00000000000000000000000000>, C4<0>, C4<0>, C4<0>;
v0x5580e9e1fb10_0 .net/2u *"_ivl_94", 25 0, L_0x7f76c289d6d8;  1 drivers
v0x5580e9e1fbf0_0 .net *"_ivl_96", 26 0, L_0x5580e9e3c7e0;  1 drivers
v0x5580e9e1fcd0_0 .net *"_ivl_99", 7 0, L_0x5580e9e3c920;  1 drivers
v0x5580e9e1fdb0_0 .net "exp_a", 7 0, L_0x5580e9e3a2f0;  1 drivers
v0x5580e9e1fe90_0 .net "exp_b", 7 0, L_0x5580e9e3a390;  1 drivers
v0x5580e9e1ff70_0 .var "exp_res", 8 0;
v0x5580e9e20050_0 .net "exp_sum", 8 0, L_0x5580e9e3b920;  1 drivers
v0x5580e9e20130_0 .net "frac_a", 18 0, L_0x5580e9e3aac0;  1 drivers
v0x5580e9e20210_0 .net "frac_b", 18 0, L_0x5580e9e3b2e0;  1 drivers
v0x5580e9e202f0_0 .var "mantissa", 17 0;
v0x5580e9e203d0_0 .net "norm", 0 0, L_0x5580e9e3c150;  1 drivers
v0x5580e9e20490_0 .net "num1", 26 0, v0x5580e9e24990_0;  1 drivers
v0x5580e9e20570_0 .net "num2", 26 0, v0x5580e9e24a30_0;  1 drivers
v0x5580e9e20650_0 .net "prod", 37 0, L_0x5580e9e3be30;  1 drivers
v0x5580e9e20730_0 .net "res", 26 0, L_0x5580e9e3cc70;  alias, 1 drivers
v0x5580e9e20810_0 .net "sign_a", 0 0, L_0x5580e9e3a170;  1 drivers
v0x5580e9e208d0_0 .net "sign_b", 0 0, L_0x5580e9e3a210;  1 drivers
v0x5580e9e20990_0 .net "sign_res", 0 0, L_0x5580e9e3a7f0;  1 drivers
v0x5580e9e20a50_0 .net "zero", 0 0, L_0x5580e9e3a0b0;  1 drivers
v0x5580e9e20b10_0 .net "zero_res", 0 0, L_0x5580e9e3b9c0;  1 drivers
E_0x5580e9de4160 .event edge, v0x5580e9e20050_0, v0x5580e9e203d0_0, v0x5580e9e20650_0, v0x5580e9e1ff70_0;
L_0x5580e9e39be0 .part v0x5580e9e24990_0, 0, 26;
L_0x5580e9e39cd0 .reduce/or L_0x5580e9e39be0;
L_0x5580e9e39dc0 .part v0x5580e9e24a30_0, 0, 26;
L_0x5580e9e39eb0 .reduce/or L_0x5580e9e39dc0;
L_0x5580e9e3a170 .part v0x5580e9e24990_0, 26, 1;
L_0x5580e9e3a210 .part v0x5580e9e24a30_0, 26, 1;
L_0x5580e9e3a2f0 .part v0x5580e9e24990_0, 18, 8;
L_0x5580e9e3a390 .part v0x5580e9e24a30_0, 18, 8;
L_0x5580e9e3a510 .part v0x5580e9e24990_0, 18, 8;
L_0x5580e9e3a5b0 .reduce/or L_0x5580e9e3a510;
L_0x5580e9e3a6b0 .part v0x5580e9e24990_0, 0, 18;
L_0x5580e9e3a750 .concat [ 18 1 0 0], L_0x5580e9e3a6b0, L_0x7f76c289d408;
L_0x5580e9e3a860 .part v0x5580e9e24990_0, 0, 18;
L_0x5580e9e3a900 .concat [ 18 1 0 0], L_0x5580e9e3a860, L_0x7f76c289d450;
L_0x5580e9e3aac0 .functor MUXZ 19, L_0x5580e9e3a900, L_0x5580e9e3a750, L_0x5580e9e3a5b0, C4<>;
L_0x5580e9e3ac50 .part v0x5580e9e24a30_0, 18, 8;
L_0x5580e9e3ad80 .reduce/or L_0x5580e9e3ac50;
L_0x5580e9e3ae70 .part v0x5580e9e24a30_0, 0, 18;
L_0x5580e9e3afb0 .concat [ 18 1 0 0], L_0x5580e9e3ae70, L_0x7f76c289d498;
L_0x5580e9e3b0f0 .part v0x5580e9e24a30_0, 0, 18;
L_0x5580e9e3af10 .concat [ 18 1 0 0], L_0x5580e9e3b0f0, L_0x7f76c289d4e0;
L_0x5580e9e3b2e0 .functor MUXZ 19, L_0x5580e9e3af10, L_0x5580e9e3afb0, L_0x5580e9e3ad80, C4<>;
L_0x5580e9e3b5d0 .concat [ 8 1 0 0], L_0x5580e9e3a2f0, L_0x7f76c289d528;
L_0x5580e9e3b710 .concat [ 8 1 0 0], L_0x5580e9e3a390, L_0x7f76c289d570;
L_0x5580e9e3b920 .arith/sum 9, L_0x5580e9e3b5d0, L_0x5580e9e3b710;
L_0x5580e9e3bad0 .concat [ 19 19 0 0], L_0x5580e9e3aac0, L_0x7f76c289d5b8;
L_0x5580e9e3bcf0 .concat [ 19 19 0 0], L_0x5580e9e3b2e0, L_0x7f76c289d600;
L_0x5580e9e3be30 .arith/mult 38, L_0x5580e9e3bad0, L_0x5580e9e3bcf0;
L_0x5580e9e3c060 .part L_0x5580e9e3be30, 37, 1;
L_0x5580e9e3c150 .functor MUXZ 1, L_0x7f76c289d690, L_0x7f76c289d648, L_0x5580e9e3c060, C4<>;
L_0x5580e9e3c3e0 .concat [ 18 9 0 0], v0x5580e9e202f0_0, v0x5580e9e1ff70_0;
L_0x5580e9e3c480 .reduce/or L_0x5580e9e3c3e0;
L_0x5580e9e3c7e0 .concat [ 26 1 0 0], L_0x7f76c289d6d8, L_0x5580e9e3a7f0;
L_0x5580e9e3c920 .part v0x5580e9e1ff70_0, 0, 8;
L_0x5580e9e3cb30 .concat [ 18 8 1 0], v0x5580e9e202f0_0, L_0x5580e9e3c920, L_0x5580e9e3a7f0;
L_0x5580e9e3cc70 .functor MUXZ 27, L_0x5580e9e3cb30, L_0x5580e9e3c7e0, L_0x5580e9e3c6d0, C4<>;
S_0x5580e9d90b60 .scope module, "m_inst3" "fp_mul" 3 79, 5 1 0, S_0x5580e9d886d0;
 .timescale -9 -12;
    .port_info 0 /INPUT 27 "num1";
    .port_info 1 /INPUT 27 "num2";
    .port_info 2 /OUTPUT 27 "res";
L_0x5580e9e3e670 .functor AND 1, L_0x5580e9e3e370, L_0x5580e9e3e550, C4<1>, C4<1>;
L_0x5580e9e3e780 .functor NOT 1, L_0x5580e9e3e670, C4<0>, C4<0>, C4<0>;
L_0x5580e9e3ef20 .functor XOR 1, L_0x5580e9e3e840, L_0x5580e9e3e8e0, C4<0>, C4<0>;
L_0x5580e9e40360 .functor NOT 1, L_0x5580e9e40e20, C4<0>, C4<0>, C4<0>;
L_0x5580e9e410a0 .functor OR 1, L_0x5580e9e40360, L_0x5580e9e3e780, C4<0>, C4<0>;
v0x5580e9e20cf0_0 .net *"_ivl_1", 25 0, L_0x5580e9e3e250;  1 drivers
v0x5580e9e20df0_0 .net *"_ivl_100", 26 0, L_0x5580e9e41500;  1 drivers
v0x5580e9e20ed0_0 .net *"_ivl_21", 7 0, L_0x5580e9e3eb80;  1 drivers
v0x5580e9e20f90_0 .net *"_ivl_23", 0 0, L_0x5580e9e3ec50;  1 drivers
L_0x7f76c289d7b0 .functor BUFT 1, C4<1>, C4<0>, C4<0>, C4<0>;
v0x5580e9e21050_0 .net/2u *"_ivl_24", 0 0, L_0x7f76c289d7b0;  1 drivers
v0x5580e9e21180_0 .net *"_ivl_27", 17 0, L_0x5580e9e3ed80;  1 drivers
v0x5580e9e21260_0 .net *"_ivl_28", 18 0, L_0x5580e9e3ee50;  1 drivers
v0x5580e9e21340_0 .net *"_ivl_3", 0 0, L_0x5580e9e3e370;  1 drivers
L_0x7f76c289d7f8 .functor BUFT 1, C4<0>, C4<0>, C4<0>, C4<0>;
v0x5580e9e21400_0 .net/2u *"_ivl_30", 0 0, L_0x7f76c289d7f8;  1 drivers
v0x5580e9e214e0_0 .net *"_ivl_33", 17 0, L_0x5580e9e3ef90;  1 drivers
v0x5580e9e215c0_0 .net *"_ivl_34", 18 0, L_0x5580e9e3f030;  1 drivers
v0x5580e9e216a0_0 .net *"_ivl_39", 7 0, L_0x5580e9e3f3b0;  1 drivers
v0x5580e9e21780_0 .net *"_ivl_41", 0 0, L_0x5580e9e3f4e0;  1 drivers
L_0x7f76c289d840 .functor BUFT 1, C4<1>, C4<0>, C4<0>, C4<0>;
v0x5580e9e21840_0 .net/2u *"_ivl_42", 0 0, L_0x7f76c289d840;  1 drivers
v0x5580e9e21920_0 .net *"_ivl_45", 17 0, L_0x5580e9e3f5d0;  1 drivers
v0x5580e9e21a00_0 .net *"_ivl_46", 18 0, L_0x5580e9e3f710;  1 drivers
L_0x7f76c289d888 .functor BUFT 1, C4<0>, C4<0>, C4<0>, C4<0>;
v0x5580e9e21ae0_0 .net/2u *"_ivl_48", 0 0, L_0x7f76c289d888;  1 drivers
v0x5580e9e21bc0_0 .net *"_ivl_5", 25 0, L_0x5580e9e3e460;  1 drivers
v0x5580e9e21ca0_0 .net *"_ivl_51", 17 0, L_0x5580e9e3f850;  1 drivers
v0x5580e9e21d80_0 .net *"_ivl_52", 18 0, L_0x5580e9e3f670;  1 drivers
v0x5580e9e21e60_0 .net *"_ivl_58", 8 0, L_0x5580e9e3fd60;  1 drivers
L_0x7f76c289d8d0 .functor BUFT 1, C4<0>, C4<0>, C4<0>, C4<0>;
v0x5580e9e21f40_0 .net *"_ivl_61", 0 0, L_0x7f76c289d8d0;  1 drivers
v0x5580e9e22020_0 .net *"_ivl_62", 8 0, L_0x5580e9e3fea0;  1 drivers
L_0x7f76c289d918 .functor BUFT 1, C4<0>, C4<0>, C4<0>, C4<0>;
v0x5580e9e22100_0 .net *"_ivl_65", 0 0, L_0x7f76c289d918;  1 drivers
v0x5580e9e221e0_0 .net *"_ivl_68", 37 0, L_0x5580e9e40470;  1 drivers
v0x5580e9e222c0_0 .net *"_ivl_7", 0 0, L_0x5580e9e3e550;  1 drivers
L_0x7f76c289d960 .functor BUFT 1, C4<0000000000000000000>, C4<0>, C4<0>, C4<0>;
v0x5580e9e22380_0 .net *"_ivl_71", 18 0, L_0x7f76c289d960;  1 drivers
v0x5580e9e22460_0 .net *"_ivl_72", 37 0, L_0x5580e9e40690;  1 drivers
L_0x7f76c289d9a8 .functor BUFT 1, C4<0000000000000000000>, C4<0>, C4<0>, C4<0>;
v0x5580e9e22540_0 .net *"_ivl_75", 18 0, L_0x7f76c289d9a8;  1 drivers
v0x5580e9e22620_0 .net *"_ivl_79", 0 0, L_0x5580e9e40a00;  1 drivers
L_0x7f76c289d9f0 .functor BUFT 1, C4<1>, C4<0>, C4<0>, C4<0>;
v0x5580e9e22700_0 .net/2u *"_ivl_80", 0 0, L_0x7f76c289d9f0;  1 drivers
L_0x7f76c289da38 .functor BUFT 1, C4<0>, C4<0>, C4<0>, C4<0>;
v0x5580e9e227e0_0 .net/2u *"_ivl_82", 0 0, L_0x7f76c289da38;  1 drivers
v0x5580e9e228c0_0 .net *"_ivl_86", 26 0, L_0x5580e9e40d80;  1 drivers
v0x5580e9e22bb0_0 .net *"_ivl_89", 0 0, L_0x5580e9e40e20;  1 drivers
v0x5580e9e22c70_0 .net *"_ivl_9", 0 0, L_0x5580e9e3e670;  1 drivers
v0x5580e9e22d30_0 .net *"_ivl_93", 0 0, L_0x5580e9e410a0;  1 drivers
L_0x7f76c289da80 .functor BUFT 1, C4<00000000000000000000000000>, C4<0>, C4<0>, C4<0>;
v0x5580e9e22df0_0 .net/2u *"_ivl_94", 25 0, L_0x7f76c289da80;  1 drivers
v0x5580e9e22ed0_0 .net *"_ivl_96", 26 0, L_0x5580e9e411b0;  1 drivers
v0x5580e9e22fb0_0 .net *"_ivl_99", 7 0, L_0x5580e9e412f0;  1 drivers
v0x5580e9e23090_0 .net "exp_a", 7 0, L_0x5580e9e3e9c0;  1 drivers
v0x5580e9e23170_0 .net "exp_b", 7 0, L_0x5580e9e3ea60;  1 drivers
v0x5580e9e23250_0 .var "exp_res", 8 0;
v0x5580e9e23330_0 .net "exp_sum", 8 0, L_0x5580e9e402c0;  1 drivers
v0x5580e9e23410_0 .net "frac_a", 18 0, L_0x5580e9e3f220;  1 drivers
v0x5580e9e234f0_0 .net "frac_b", 18 0, L_0x5580e9e3fa70;  1 drivers
v0x5580e9e235d0_0 .var "mantissa", 17 0;
v0x5580e9e236b0_0 .net "norm", 0 0, L_0x5580e9e40af0;  1 drivers
v0x5580e9e23770_0 .net "num1", 26 0, v0x5580e9e24e30_0;  1 drivers
v0x5580e9e23850_0 .net "num2", 26 0, v0x5580e9e24f20_0;  1 drivers
v0x5580e9e23930_0 .net "prod", 37 0, L_0x5580e9e407d0;  1 drivers
v0x5580e9e23a10_0 .net "res", 26 0, L_0x5580e9e41640;  alias, 1 drivers
v0x5580e9e23af0_0 .net "sign_a", 0 0, L_0x5580e9e3e840;  1 drivers
v0x5580e9e23bb0_0 .net "sign_b", 0 0, L_0x5580e9e3e8e0;  1 drivers
v0x5580e9e23c70_0 .net "sign_res", 0 0, L_0x5580e9e3ef20;  1 drivers
v0x5580e9e23d30_0 .net "zero", 0 0, L_0x5580e9e3e780;  1 drivers
v0x5580e9e23df0_0 .net "zero_res", 0 0, L_0x5580e9e40360;  1 drivers
E_0x5580e9d96170 .event edge, v0x5580e9e23330_0, v0x5580e9e236b0_0, v0x5580e9e23930_0, v0x5580e9e23250_0;
L_0x5580e9e3e250 .part v0x5580e9e24e30_0, 0, 26;
L_0x5580e9e3e370 .reduce/or L_0x5580e9e3e250;
L_0x5580e9e3e460 .part v0x5580e9e24f20_0, 0, 26;
L_0x5580e9e3e550 .reduce/or L_0x5580e9e3e460;
L_0x5580e9e3e840 .part v0x5580e9e24e30_0, 26, 1;
L_0x5580e9e3e8e0 .part v0x5580e9e24f20_0, 26, 1;
L_0x5580e9e3e9c0 .part v0x5580e9e24e30_0, 18, 8;
L_0x5580e9e3ea60 .part v0x5580e9e24f20_0, 18, 8;
L_0x5580e9e3eb80 .part v0x5580e9e24e30_0, 18, 8;
L_0x5580e9e3ec50 .reduce/or L_0x5580e9e3eb80;
L_0x5580e9e3ed80 .part v0x5580e9e24e30_0, 0, 18;
L_0x5580e9e3ee50 .concat [ 18 1 0 0], L_0x5580e9e3ed80, L_0x7f76c289d7b0;
L_0x5580e9e3ef90 .part v0x5580e9e24e30_0, 0, 18;
L_0x5580e9e3f030 .concat [ 18 1 0 0], L_0x5580e9e3ef90, L_0x7f76c289d7f8;
L_0x5580e9e3f220 .functor MUXZ 19, L_0x5580e9e3f030, L_0x5580e9e3ee50, L_0x5580e9e3ec50, C4<>;
L_0x5580e9e3f3b0 .part v0x5580e9e24f20_0, 18, 8;
L_0x5580e9e3f4e0 .reduce/or L_0x5580e9e3f3b0;
L_0x5580e9e3f5d0 .part v0x5580e9e24f20_0, 0, 18;
L_0x5580e9e3f710 .concat [ 18 1 0 0], L_0x5580e9e3f5d0, L_0x7f76c289d840;
L_0x5580e9e3f850 .part v0x5580e9e24f20_0, 0, 18;
L_0x5580e9e3f670 .concat [ 18 1 0 0], L_0x5580e9e3f850, L_0x7f76c289d888;
L_0x5580e9e3fa70 .functor MUXZ 19, L_0x5580e9e3f670, L_0x5580e9e3f710, L_0x5580e9e3f4e0, C4<>;
L_0x5580e9e3fd60 .concat [ 8 1 0 0], L_0x5580e9e3e9c0, L_0x7f76c289d8d0;
L_0x5580e9e3fea0 .concat [ 8 1 0 0], L_0x5580e9e3ea60, L_0x7f76c289d918;
L_0x5580e9e402c0 .arith/sum 9, L_0x5580e9e3fd60, L_0x5580e9e3fea0;
L_0x5580e9e40470 .concat [ 19 19 0 0], L_0x5580e9e3f220, L_0x7f76c289d960;
L_0x5580e9e40690 .concat [ 19 19 0 0], L_0x5580e9e3fa70, L_0x7f76c289d9a8;
L_0x5580e9e407d0 .arith/mult 38, L_0x5580e9e40470, L_0x5580e9e40690;
L_0x5580e9e40a00 .part L_0x5580e9e407d0, 37, 1;
L_0x5580e9e40af0 .functor MUXZ 1, L_0x7f76c289da38, L_0x7f76c289d9f0, L_0x5580e9e40a00, C4<>;
L_0x5580e9e40d80 .concat [ 18 9 0 0], v0x5580e9e235d0_0, v0x5580e9e23250_0;
L_0x5580e9e40e20 .reduce/or L_0x5580e9e40d80;
L_0x5580e9e411b0 .concat [ 26 1 0 0], L_0x7f76c289da80, L_0x5580e9e3ef20;
L_0x5580e9e412f0 .part v0x5580e9e23250_0, 0, 8;
L_0x5580e9e41500 .concat [ 18 8 1 0], v0x5580e9e235d0_0, L_0x5580e9e412f0, L_0x5580e9e3ef20;
L_0x5580e9e41640 .functor MUXZ 27, L_0x5580e9e41500, L_0x5580e9e411b0, L_0x5580e9e410a0, C4<>;
    .scope S_0x5580e9d8af70;
T_0 ;
    %wait E_0x5580e9d9f4e0;
    %load/vec4 v0x5580e9e1cdd0_0;
    %subi 127, 0, 9;
    %store/vec4 v0x5580e9e1ccf0_0, 0, 9;
    %load/vec4 v0x5580e9e1d150_0;
    %nor/r;
    %flag_set/vec4 8;
    %jmp/0xz  T_0.0, 8;
    %load/vec4 v0x5580e9e1d3b0_0;
    %parti/s 18, 18, 6;
    %store/vec4 v0x5580e9e1d070_0, 0, 18;
    %jmp T_0.1;
T_0.0 ;
    %load/vec4 v0x5580e9e1d3b0_0;
    %parti/s 18, 19, 6;
    %store/vec4 v0x5580e9e1d070_0, 0, 18;
    %load/vec4 v0x5580e9e1ccf0_0;
    %addi 1, 0, 9;
    %store/vec4 v0x5580e9e1ccf0_0, 0, 9;
T_0.1 ;
    %jmp T_0;
    .thread T_0, $push;
    .scope S_0x5580e9d8c040;
T_1 ;
    %wait E_0x5580e9de4160;
    %load/vec4 v0x5580e9e20050_0;
    %subi 127, 0, 9;
    %store/vec4 v0x5580e9e1ff70_0, 0, 9;
    %load/vec4 v0x5580e9e203d0_0;
    %nor/r;
    %flag_set/vec4 8;
    %jmp/0xz  T_1.0, 8;
    %load/vec4 v0x5580e9e20650_0;
    %parti/s 18, 18, 6;
    %store/vec4 v0x5580e9e202f0_0, 0, 18;
    %jmp T_1.1;
T_1.0 ;
    %load/vec4 v0x5580e9e20650_0;
    %parti/s 18, 19, 6;
    %store/vec4 v0x5580e9e202f0_0, 0, 18;
    %load/vec4 v0x5580e9e1ff70_0;
    %addi 1, 0, 9;
    %store/vec4 v0x5580e9e1ff70_0, 0, 9;
T_1.1 ;
    %jmp T_1;
    .thread T_1, $push;
    .scope S_0x5580e9d897a0;
T_2 ;
    %wait E_0x5580e9d93a80;
    %load/vec4 v0x5580e9e19660_0;
    %parti/s 8, 18, 6;
    %load/vec4 v0x5580e9e19580_0;
    %parti/s 8, 18, 6;
    %cmp/u;
    %jmp/0xz  T_2.0, 5;
    %load/vec4 v0x5580e9e19580_0;
    %assign/vec4 v0x5580e9e194a0_0, 0;
    %load/vec4 v0x5580e9e19660_0;
    %assign/vec4 v0x5580e9e19d40_0, 0;
    %jmp T_2.1;
T_2.0 ;
    %load/vec4 v0x5580e9e19580_0;
    %parti/s 8, 18, 6;
    %load/vec4 v0x5580e9e19660_0;
    %parti/s 8, 18, 6;
    %cmp/e;
    %flag_get/vec4 4;
    %load/vec4 v0x5580e9e19660_0;
    %parti/s 18, 0, 2;
    %load/vec4 v0x5580e9e19580_0;
    %parti/s 18, 0, 2;
    %cmp/u;
    %flag_get/vec4 5;
    %and;
    %flag_set/vec4 8;
    %jmp/0xz  T_2.2, 8;
    %load/vec4 v0x5580e9e19580_0;
    %assign/vec4 v0x5580e9e194a0_0, 0;
    %load/vec4 v0x5580e9e19660_0;
    %assign/vec4 v0x5580e9e19d40_0, 0;
    %jmp T_2.3;
T_2.2 ;
    %load/vec4 v0x5580e9e19660_0;
    %assign/vec4 v0x5580e9e194a0_0, 0;
    %load/vec4 v0x5580e9e19580_0;
    %assign/vec4 v0x5580e9e19d40_0, 0;
T_2.3 ;
T_2.1 ;
    %jmp T_2;
    .thread T_2, $push;
    .scope S_0x5580e9d897a0;
T_3 ;
    %wait E_0x5580e9dec450;
    %load/vec4 v0x5580e9e194a0_0;
    %parti/s 8, 18, 6;
    %load/vec4 v0x5580e9e19d40_0;
    %parti/s 8, 18, 6;
    %sub;
    %cmpi/u 18, 0, 8;
    %flag_or 5, 4;
    %jmp/0xz  T_3.0, 5;
    %pushi/vec4 1, 0, 1;
    %load/vec4 v0x5580e9e19d40_0;
    %parti/s 18, 0, 2;
    %concat/vec4; draw_concat_vec4
    %ix/getv 4, v0x5580e9e19c60_0;
    %shiftr 4;
    %assign/vec4 v0x5580e9e19820_0, 0;
    %jmp T_3.1;
T_3.0 ;
    %pushi/vec4 0, 0, 19;
    %assign/vec4 v0x5580e9e19820_0, 0;
T_3.1 ;
    %jmp T_3;
    .thread T_3, $push;
    .scope S_0x5580e9d897a0;
T_4 ;
    %wait E_0x5580e9de0370;
    %load/vec4 v0x5580e9e19900_0;
    %pad/u 32;
    %cmpi/e 0, 0, 32;
    %jmp/0xz  T_4.0, 4;
    %pushi/vec4 0, 0, 27;
    %assign/vec4 v0x5580e9e192e0_0, 0;
    %pushi/vec4 0, 0, 20;
    %assign/vec4 v0x5580e9e199c0_0, 0;
    %pushi/vec4 0, 0, 8;
    %assign/vec4 v0x5580e9e19740_0, 0;
    %pushi/vec4 0, 0, 8;
    %assign/vec4 v0x5580e9e19b80_0, 0;
    %jmp T_4.1;
T_4.0 ;
    %load/vec4 v0x5580e9e194a0_0;
    %assign/vec4 v0x5580e9e192e0_0, 0;
    %load/vec4 v0x5580e9e19d40_0;
    %parti/s 1, 26, 6;
    %load/vec4 v0x5580e9e19820_0;
    %concat/vec4; draw_concat_vec4
    %assign/vec4 v0x5580e9e199c0_0, 0;
    %load/vec4 v0x5580e9e194a0_0;
    %parti/s 8, 18, 6;
    %assign/vec4 v0x5580e9e19740_0, 0;
    %load/vec4 v0x5580e9e19c60_0;
    %assign/vec4 v0x5580e9e19b80_0, 0;
T_4.1 ;
    %jmp T_4;
    .thread T_4;
    .scope S_0x5580e9d897a0;
T_5 ;
    %wait E_0x5580e9dedc30;
    %pushi/vec4 1, 0, 1;
    %load/vec4 v0x5580e9e192e0_0;
    %parti/s 18, 0, 2;
    %concat/vec4; draw_concat_vec4
    %pad/u 20;
    %load/vec4 v0x5580e9e199c0_0;
    %parti/s 19, 0, 2;
    %pad/u 20;
    %add;
    %assign/vec4 v0x5580e9e18dc0_0, 0;
    %jmp T_5;
    .thread T_5, $push;
    .scope S_0x5580e9d897a0;
T_6 ;
    %wait E_0x5580e9dee410;
    %load/vec4 v0x5580e9e19740_0;
    %pushi/vec4 0, 0, 7;
    %load/vec4 v0x5580e9e18dc0_0;
    %parti/s 1, 19, 6;
    %concat/vec4; draw_concat_vec4
    %add;
    %assign/vec4 v0x5580e9e19040_0, 0;
    %jmp T_6;
    .thread T_6, $push;
    .scope S_0x5580e9d897a0;
T_7 ;
    %wait E_0x5580e9ded1c0;
    %load/vec4 v0x5580e9e192e0_0;
    %parti/s 1, 26, 6;
    %load/vec4 v0x5580e9e19040_0;
    %concat/vec4; draw_concat_vec4
    %load/vec4 v0x5580e9e19120_0;
    %concat/vec4; draw_concat_vec4
    %assign/vec4 v0x5580e9e18ea0_0, 0;
    %jmp T_7;
    .thread T_7, $push;
    .scope S_0x5580e9d897a0;
T_8 ;
    %wait E_0x5580e9dedc30;
    %pushi/vec4 1, 0, 1;
    %load/vec4 v0x5580e9e192e0_0;
    %parti/s 18, 0, 2;
    %concat/vec4; draw_concat_vec4
    %load/vec4 v0x5580e9e199c0_0;
    %parti/s 19, 0, 2;
    %sub;
    %assign/vec4 v0x5580e9e19fc0_0, 0;
    %jmp T_8;
    .thread T_8, $push;
    .scope S_0x5580e9d897a0;
T_9 ;
    %wait E_0x5580e9e012e0;
    %load/vec4 v0x5580e9e19fc0_0;
    %dup/vec4;
    %pushi/vec4 524287, 262143, 19;
    %cmp/x;
    %jmp/1 T_9.0, 4;
    %dup/vec4;
    %pushi/vec4 262143, 131071, 19;
    %cmp/x;
    %jmp/1 T_9.1, 4;
    %dup/vec4;
    %pushi/vec4 131071, 65535, 19;
    %cmp/x;
    %jmp/1 T_9.2, 4;
    %dup/vec4;
    %pushi/vec4 65535, 32767, 19;
    %cmp/x;
    %jmp/1 T_9.3, 4;
    %dup/vec4;
    %pushi/vec4 32767, 16383, 19;
    %cmp/x;
    %jmp/1 T_9.4, 4;
    %dup/vec4;
    %pushi/vec4 16383, 8191, 19;
    %cmp/x;
    %jmp/1 T_9.5, 4;
    %dup/vec4;
    %pushi/vec4 8191, 4095, 19;
    %cmp/x;
    %jmp/1 T_9.6, 4;
    %dup/vec4;
    %pushi/vec4 4095, 2047, 19;
    %cmp/x;
    %jmp/1 T_9.7, 4;
    %dup/vec4;
    %pushi/vec4 2047, 1023, 19;
    %cmp/x;
    %jmp/1 T_9.8, 4;
    %dup/vec4;
    %pushi/vec4 1023, 511, 19;
    %cmp/x;
    %jmp/1 T_9.9, 4;
    %dup/vec4;
    %pushi/vec4 511, 255, 19;
    %cmp/x;
    %jmp/1 T_9.10, 4;
    %dup/vec4;
    %pushi/vec4 255, 127, 19;
    %cmp/x;
    %jmp/1 T_9.11, 4;
    %dup/vec4;
    %pushi/vec4 127, 63, 19;
    %cmp/x;
    %jmp/1 T_9.12, 4;
    %dup/vec4;
    %pushi/vec4 63, 31, 19;
    %cmp/x;
    %jmp/1 T_9.13, 4;
    %dup/vec4;
    %pushi/vec4 31, 15, 19;
    %cmp/x;
    %jmp/1 T_9.14, 4;
    %dup/vec4;
    %pushi/vec4 15, 7, 19;
    %cmp/x;
    %jmp/1 T_9.15, 4;
    %dup/vec4;
    %pushi/vec4 7, 3, 19;
    %cmp/x;
    %jmp/1 T_9.16, 4;
    %dup/vec4;
    %pushi/vec4 3, 1, 19;
    %cmp/x;
    %jmp/1 T_9.17, 4;
    %dup/vec4;
    %pushi/vec4 1, 0, 19;
    %cmp/x;
    %jmp/1 T_9.18, 4;
    %dup/vec4;
    %pushi/vec4 0, 0, 19;
    %cmp/x;
    %jmp/1 T_9.19, 4;
    %pushi/vec4 0, 0, 5;
    %assign/vec4 v0x5580e9e1a390_0, 0;
    %jmp T_9.21;
T_9.0 ;
    %pushi/vec4 0, 0, 5;
    %assign/vec4 v0x5580e9e1a390_0, 0;
    %jmp T_9.21;
T_9.1 ;
    %pushi/vec4 1, 0, 5;
    %assign/vec4 v0x5580e9e1a390_0, 0;
    %jmp T_9.21;
T_9.2 ;
    %pushi/vec4 2, 0, 5;
    %assign/vec4 v0x5580e9e1a390_0, 0;
    %jmp T_9.21;
T_9.3 ;
    %pushi/vec4 3, 0, 5;
    %assign/vec4 v0x5580e9e1a390_0, 0;
    %jmp T_9.21;
T_9.4 ;
    %pushi/vec4 4, 0, 5;
    %assign/vec4 v0x5580e9e1a390_0, 0;
    %jmp T_9.21;
T_9.5 ;
    %pushi/vec4 5, 0, 5;
    %assign/vec4 v0x5580e9e1a390_0, 0;
    %jmp T_9.21;
T_9.6 ;
    %pushi/vec4 6, 0, 5;
    %assign/vec4 v0x5580e9e1a390_0, 0;
    %jmp T_9.21;
T_9.7 ;
    %pushi/vec4 7, 0, 5;
    %assign/vec4 v0x5580e9e1a390_0, 0;
    %jmp T_9.21;
T_9.8 ;
    %pushi/vec4 8, 0, 5;
    %assign/vec4 v0x5580e9e1a390_0, 0;
    %jmp T_9.21;
T_9.9 ;
    %pushi/vec4 9, 0, 5;
    %assign/vec4 v0x5580e9e1a390_0, 0;
    %jmp T_9.21;
T_9.10 ;
    %pushi/vec4 10, 0, 5;
    %assign/vec4 v0x5580e9e1a390_0, 0;
    %jmp T_9.21;
T_9.11 ;
    %pushi/vec4 11, 0, 5;
    %assign/vec4 v0x5580e9e1a390_0, 0;
    %jmp T_9.21;
T_9.12 ;
    %pushi/vec4 12, 0, 5;
    %assign/vec4 v0x5580e9e1a390_0, 0;
    %jmp T_9.21;
T_9.13 ;
    %pushi/vec4 13, 0, 5;
    %assign/vec4 v0x5580e9e1a390_0, 0;
    %jmp T_9.21;
T_9.14 ;
    %pushi/vec4 14, 0, 5;
    %assign/vec4 v0x5580e9e1a390_0, 0;
    %jmp T_9.21;
T_9.15 ;
    %pushi/vec4 15, 0, 5;
    %assign/vec4 v0x5580e9e1a390_0, 0;
    %jmp T_9.21;
T_9.16 ;
    %pushi/vec4 16, 0, 5;
    %assign/vec4 v0x5580e9e1a390_0, 0;
    %jmp T_9.21;
T_9.17 ;
    %pushi/vec4 17, 0, 5;
    %assign/vec4 v0x5580e9e1a390_0, 0;
    %jmp T_9.21;
T_9.18 ;
    %pushi/vec4 18, 0, 5;
    %assign/vec4 v0x5580e9e1a390_0, 0;
    %jmp T_9.21;
T_9.19 ;
    %pushi/vec4 19, 0, 5;
    %assign/vec4 v0x5580e9e1a390_0, 0;
    %jmp T_9.21;
T_9.21 ;
    %pop/vec4 1;
    %jmp T_9;
    .thread T_9, $push;
    .scope S_0x5580e9d897a0;
T_10 ;
    %wait E_0x5580e9e011e0;
    %load/vec4 v0x5580e9e19740_0;
    %pushi/vec4 0, 0, 3;
    %load/vec4 v0x5580e9e1a390_0;
    %concat/vec4; draw_concat_vec4
    %sub;
    %assign/vec4 v0x5580e9e19ee0_0, 0;
    %jmp T_10;
    .thread T_10, $push;
    .scope S_0x5580e9d897a0;
T_11 ;
    %wait E_0x5580e9e011a0;
    %load/vec4 v0x5580e9e19fc0_0;
    %ix/getv 4, v0x5580e9e1a390_0;
    %shiftl 4;
    %assign/vec4 v0x5580e9e1a550_0, 0;
    %load/vec4 v0x5580e9e1a550_0;
    %parti/s 18, 0, 2;
    %assign/vec4 v0x5580e9e19200_0, 0;
    %jmp T_11;
    .thread T_11, $push;
    .scope S_0x5580e9d897a0;
T_12 ;
    %wait E_0x5580e9d82ab0;
    %load/vec4 v0x5580e9e192e0_0;
    %parti/s 1, 26, 6;
    %load/vec4 v0x5580e9e19ee0_0;
    %concat/vec4; draw_concat_vec4
    %load/vec4 v0x5580e9e19200_0;
    %concat/vec4; draw_concat_vec4
    %assign/vec4 v0x5580e9e1a0a0_0, 0;
    %jmp T_12;
    .thread T_12, $push;
    .scope S_0x5580e9d897a0;
T_13 ;
    %wait E_0x5580e9dc2b80;
    %load/vec4 v0x5580e9e19e20_0;
    %flag_set/vec4 8;
    %jmp/0xz  T_13.0, 8;
    %load/vec4 v0x5580e9e1a0a0_0;
    %assign/vec4 v0x5580e9e1a470_0, 0;
    %jmp T_13.1;
T_13.0 ;
    %load/vec4 v0x5580e9e18ea0_0;
    %assign/vec4 v0x5580e9e1a470_0, 0;
T_13.1 ;
    %jmp T_13;
    .thread T_13, $push;
    .scope S_0x5580e9d90b60;
T_14 ;
    %wait E_0x5580e9d96170;
    %load/vec4 v0x5580e9e23330_0;
    %subi 127, 0, 9;
    %store/vec4 v0x5580e9e23250_0, 0, 9;
    %load/vec4 v0x5580e9e236b0_0;
    %nor/r;
    %flag_set/vec4 8;
    %jmp/0xz  T_14.0, 8;
    %load/vec4 v0x5580e9e23930_0;
    %parti/s 18, 18, 6;
    %store/vec4 v0x5580e9e235d0_0, 0, 18;
    %jmp T_14.1;
T_14.0 ;
    %load/vec4 v0x5580e9e23930_0;
    %parti/s 18, 19, 6;
    %store/vec4 v0x5580e9e235d0_0, 0, 18;
    %load/vec4 v0x5580e9e23250_0;
    %addi 1, 0, 9;
    %store/vec4 v0x5580e9e23250_0, 0, 9;
T_14.1 ;
    %jmp T_14;
    .thread T_14, $push;
    .scope S_0x5580e9d886d0;
T_15 ;
    %wait E_0x5580e9de0370;
    %load/vec4 v0x5580e9e24790_0;
    %nor/r;
    %flag_set/vec4 8;
    %jmp/0xz  T_15.0, 8;
    %pushi/vec4 0, 0, 27;
    %assign/vec4 v0x5580e9e24990_0, 0;
    %pushi/vec4 0, 0, 27;
    %assign/vec4 v0x5580e9e24a30_0, 0;
    %pushi/vec4 0, 0, 27;
    %assign/vec4 v0x5580e9e24ad0_0, 0;
    %pushi/vec4 0, 0, 27;
    %assign/vec4 v0x5580e9e24b90_0, 0;
    %pushi/vec4 0, 0, 27;
    %assign/vec4 v0x5580e9e24c70_0, 0;
    %pushi/vec4 0, 0, 27;
    %assign/vec4 v0x5580e9e24d50_0, 0;
    %pushi/vec4 0, 0, 27;
    %assign/vec4 v0x5580e9e24e30_0, 0;
    %pushi/vec4 0, 0, 27;
    %assign/vec4 v0x5580e9e24f20_0, 0;
    %jmp T_15.1;
T_15.0 ;
    %load/vec4 v0x5580e9e25190_0;
    %assign/vec4 v0x5580e9e24990_0, 0;
    %load/vec4 v0x5580e9e25280_0;
    %assign/vec4 v0x5580e9e24a30_0, 0;
    %load/vec4 v0x5580e9e25340_0;
    %assign/vec4 v0x5580e9e24ad0_0, 0;
    %load/vec4 v0x5580e9e25400_0;
    %assign/vec4 v0x5580e9e24b90_0, 0;
    %load/vec4 v0x5580e9e254c0_0;
    %assign/vec4 v0x5580e9e24c70_0, 0;
    %load/vec4 v0x5580e9e25580_0;
    %assign/vec4 v0x5580e9e24d50_0, 0;
    %load/vec4 v0x5580e9e25660_0;
    %assign/vec4 v0x5580e9e24e30_0, 0;
    %load/vec4 v0x5580e9e25750_0;
    %assign/vec4 v0x5580e9e24f20_0, 0;
T_15.1 ;
    %jmp T_15;
    .thread T_15;
    .scope S_0x5580e9d91c30;
T_16 ;
T_16.0 ;
    %delay 5000, 0;
    %load/vec4 v0x5580e9e25980_0;
    %nor/r;
    %store/vec4 v0x5580e9e25980_0, 0, 1;
    %jmp T_16.0;
    %end;
    .thread T_16;
    .scope S_0x5580e9d91c30;
T_17 ;
    %wait E_0x5580e9de0370;
    %load/vec4 v0x5580e9e25ff0_0;
    %flag_set/vec4 8;
    %jmp/0xz  T_17.0, 8;
    %load/vec4 v0x5580e9e25e30_0;
    %subi 1, 0, 6;
    %assign/vec4 v0x5580e9e25e30_0, 0;
T_17.0 ;
    %jmp T_17;
    .thread T_17;
    .scope S_0x5580e9d91c30;
T_18 ;
    %vpi_func 2 34 "$fopen" 32, "module_output.txt", "w" {0 0 0};
    %store/vec4 v0x5580e9e25c40_0, 0, 32;
    %vpi_func 2 35 "$fopen" 32, "binary.txt", "r" {0 0 0};
    %store/vec4 v0x5580e9e25d00_0, 0, 32;
    %pushi/vec4 7, 0, 6;
    %store/vec4 v0x5580e9e25e30_0, 0, 6;
    %pushi/vec4 0, 0, 1;
    %store/vec4 v0x5580e9e25980_0, 0, 1;
    %pushi/vec4 0, 0, 1;
    %store/vec4 v0x5580e9e25ff0_0, 0, 1;
    %delay 2000, 0;
    %pushi/vec4 1, 0, 1;
    %store/vec4 v0x5580e9e25ff0_0, 0, 1;
T_18.0 ;
    %vpi_func 2 43 "$feof" 32, v0x5580e9e25d00_0 {0 0 0};
    %nor/r;
    %flag_set/vec4 8;
    %jmp/0xz T_18.1, 8;
    %vpi_func 2 45 "$fscanf" 32, v0x5580e9e25d00_0, "%b\012", v0x5580e9e25a90_0 {0 0 0};
    %store/vec4 v0x5580e9e25f10_0, 0, 32;
    %delay 10000, 0;
    %jmp T_18.0;
T_18.1 ;
    %vpi_call 2 49 "$fclose", v0x5580e9e25d00_0 {0 0 0};
    %end;
    .thread T_18;
    .scope S_0x5580e9d91c30;
T_19 ;
    %wait E_0x5580e9db0dc0;
    %load/vec4 v0x5580e9e25e30_0;
    %cmpi/ne 0, 0, 6;
    %jmp/0xz  T_19.0, 4;
    %vpi_call 2 58 "$fwrite", v0x5580e9e25c40_0, "%b\012", v0x5580e9e25b50_0 {0 0 0};
    %jmp T_19.1;
T_19.0 ;
    %vpi_call 2 63 "$fclose", v0x5580e9e25c40_0 {0 0 0};
    %vpi_call 2 64 "$finish" {0 0 0};
T_19.1 ;
    %jmp T_19;
    .thread T_19;
# The file index is used to find the file name in the following table.
:file_names 6;
    "N/A";
    "<interactive>";
    "fast_inv_sqrt_tb.v";
    "fast_inv_sqrt.v";
    "FpAdd.v";
    "fp_mul_new.v";
