#! /usr/bin/vvp
:ivl_version "11.0 (stable)";
:ivl_delay_selection "TYPICAL";
:vpi_time_precision - 12;
:vpi_module "/usr/lib/x86_64-linux-gnu/ivl/system.vpi";
:vpi_module "/usr/lib/x86_64-linux-gnu/ivl/vhdl_sys.vpi";
:vpi_module "/usr/lib/x86_64-linux-gnu/ivl/vhdl_textio.vpi";
:vpi_module "/usr/lib/x86_64-linux-gnu/ivl/v2005_math.vpi";
:vpi_module "/usr/lib/x86_64-linux-gnu/ivl/va_math.vpi";
S_0x5649866dbeb0 .scope module, "fast_inv_sqrt_tb" "fast_inv_sqrt_tb" 2 3;
 .timescale -9 -12;
v0x56498676edd0_0 .var "clk", 0 0;
v0x56498676eee0_0 .var/i "count", 31 0;
v0x56498676efc0_0 .var "data_in", 26 0;
v0x56498676f060_0 .net "data_out", 26 0, L_0x56498678ab90;  1 drivers
v0x56498676f150_0 .var/i "f1", 31 0;
v0x56498676f280_0 .var/i "f2", 31 0;
v0x56498676f360_0 .var/i "file_res", 31 0;
v0x56498676f440_0 .var "rst", 0 0;
E_0x5649866f10a0 .event posedge, v0x5649867623d0_0;
S_0x5649866d2950 .scope module, "DUT" "fast_inv_sqrt" 2 17, 3 9 0, S_0x5649866dbeb0;
 .timescale 0 0;
    .port_info 0 /INPUT 1 "i_clk";
    .port_info 1 /INPUT 1 "i_rst";
    .port_info 2 /INPUT 27 "i_x";
    .port_info 3 /OUTPUT 27 "o_inv_sqrt";
L_0x5649867863e0 .functor BUFZ 27, v0x56498676df20_0, C4<000000000000000000000000000>, C4<000000000000000000000000000>, C4<000000000000000000000000000>;
L_0x564986787300 .functor NOT 1, L_0x564986787260, C4<0>, C4<0>, C4<0>;
L_0x564986787630 .functor BUFZ 27, v0x56498676e0c0_0, C4<000000000000000000000000000>, C4<000000000000000000000000000>, C4<000000000000000000000000000>;
L_0x5649867876a0 .functor BUFZ 27, v0x56498676e1a0_0, C4<000000000000000000000000000>, C4<000000000000000000000000000>, C4<000000000000000000000000000>;
v0x56498676d380_0 .net *"_ivl_10", 25 0, L_0x56498677f7a0;  1 drivers
L_0x7f39998bc060 .functor BUFT 1, C4<0>, C4<0>, C4<0>, C4<0>;
v0x56498676d460_0 .net *"_ivl_12", 0 0, L_0x7f39998bc060;  1 drivers
L_0x7f39998bc0a8 .functor BUFT 1, C4<00000001>, C4<0>, C4<0>, C4<0>;
v0x56498676d540_0 .net/2u *"_ivl_16", 7 0, L_0x7f39998bc0a8;  1 drivers
v0x56498676d600_0 .net *"_ivl_18", 7 0, L_0x56498677fb70;  1 drivers
v0x56498676d6e0_0 .net *"_ivl_27", 0 0, L_0x564986787260;  1 drivers
v0x56498676d7c0_0 .net *"_ivl_28", 0 0, L_0x564986787300;  1 drivers
v0x56498676d8a0_0 .net *"_ivl_31", 25 0, L_0x5649867873f0;  1 drivers
L_0x7f39998bc018 .functor BUFT 1, C4<010111110011011101011001110>, C4<0>, C4<0>, C4<0>;
v0x56498676d980_0 .net/2u *"_ivl_6", 26 0, L_0x7f39998bc018;  1 drivers
v0x56498676da60_0 .net *"_ivl_8", 26 0, L_0x56498677f8d0;  1 drivers
v0x56498676db40_0 .net "i_clk", 0 0, v0x56498676edd0_0;  1 drivers
v0x56498676dbe0_0 .net "i_rst", 0 0, v0x56498676f440_0;  1 drivers
v0x56498676dc80_0 .net "i_x", 26 0, v0x56498676efc0_0;  1 drivers
v0x56498676dd20_0 .net "o_inv_sqrt", 26 0, L_0x56498678ab90;  alias, 1 drivers
v0x56498676dde0_0 .var "r_s12_a", 26 0;
v0x56498676de80_0 .var "r_s12_b", 26 0;
v0x56498676df20_0 .var "r_s12_c", 26 0;
v0x56498676dfe0_0 .var "r_s23_a", 26 0;
v0x56498676e0c0_0 .var "r_s23_b", 26 0;
v0x56498676e1a0_0 .var "r_s34_a", 26 0;
v0x56498676e280_0 .var "r_s45_a", 26 0;
v0x56498676e370_0 .var "r_s45_b", 26 0;
v0x56498676e440_0 .net "w_exponent", 7 0, L_0x56498676f620;  1 drivers
v0x56498676e500_0 .net "w_mantissa", 17 0, L_0x56498676f6c0;  1 drivers
v0x56498676e5e0_0 .net "w_s12_a", 26 0, L_0x564986782f10;  1 drivers
v0x56498676e6d0_0 .net "w_s12_b", 26 0, L_0x56498677fcb0;  1 drivers
v0x56498676e790_0 .net "w_s12_c", 26 0, L_0x56498677f9f0;  1 drivers
v0x56498676e850_0 .net "w_s23_a", 26 0, L_0x5649867861c0;  1 drivers
v0x56498676e910_0 .net "w_s23_b", 26 0, L_0x5649867863e0;  1 drivers
v0x56498676e9d0_0 .net "w_s34_a", 26 0, L_0x564986787630;  1 drivers
v0x56498676eab0_0 .net "w_s45_a", 26 0, v0x5649867638c0_0;  1 drivers
v0x56498676eba0_0 .net "w_s45_b", 26 0, L_0x5649867876a0;  1 drivers
v0x56498676ec60_0 .net "w_sign", 0 0, L_0x56498676f530;  1 drivers
L_0x56498676f530 .part v0x56498676efc0_0, 26, 1;
L_0x56498676f620 .part v0x56498676efc0_0, 18, 8;
L_0x56498676f6c0 .part v0x56498676efc0_0, 0, 18;
L_0x56498677f7a0 .part v0x56498676efc0_0, 1, 26;
L_0x56498677f8d0 .concat [ 26 1 0 0], L_0x56498677f7a0, L_0x7f39998bc060;
L_0x56498677f9f0 .arith/sub 27, L_0x7f39998bc018, L_0x56498677f8d0;
L_0x56498677fb70 .arith/sub 8, L_0x56498676f620, L_0x7f39998bc0a8;
L_0x56498677fcb0 .concat [ 18 8 1 0], L_0x56498676f6c0, L_0x56498677fb70, L_0x56498676f530;
L_0x564986787260 .part v0x56498676dfe0_0, 26, 1;
L_0x5649867873f0 .part v0x56498676dfe0_0, 0, 26;
L_0x564986787540 .concat [ 26 1 0 0], L_0x5649867873f0, L_0x564986787300;
S_0x5649866d3a20 .scope module, "a_inst1" "FpAdd" 3 72, 4 16 0, S_0x5649866d2950;
 .timescale -9 -12;
    .port_info 0 /INPUT 1 "clk";
    .port_info 1 /INPUT 27 "in1";
    .port_info 2 /INPUT 27 "in2";
    .port_info 3 /OUTPUT 27 "sum";
    .port_info 4 /INPUT 1 "rst";
P_0x564986738bf0 .param/l "ex_end" 0 4 41, +C4<00000000000000000000000000011001>;
P_0x564986738c30 .param/l "ex_st" 0 4 42, +C4<00000000000000000000000000010010>;
P_0x564986738c70 .param/l "ma_end" 0 4 43, +C4<00000000000000000000000000010001>;
P_0x564986738cb0 .param/l "ma_st" 0 4 44, +C4<00000000000000000000000000000000>;
P_0x564986738cf0 .param/l "sign" 0 4 40, +C4<00000000000000000000000000011010>;
L_0x564986786630 .functor XOR 1, L_0x564986786740, L_0x5649867867e0, C4<0>, C4<0>;
v0x564986703b50_0 .net *"_ivl_1", 7 0, L_0x564986786450;  1 drivers
v0x5649866f14a0_0 .net *"_ivl_13", 0 0, L_0x564986786950;  1 drivers
v0x5649866ebdb0_0 .net *"_ivl_15", 17 0, L_0x564986786a30;  1 drivers
v0x564986747fa0_0 .net *"_ivl_16", 17 0, L_0x564986786b20;  1 drivers
v0x564986748040_0 .net *"_ivl_19", 17 0, L_0x564986786c60;  1 drivers
L_0x7f39998bc720 .functor BUFT 1, C4<1>, C4<0>, C4<0>, C4<0>;
v0x564986731be0_0 .net/2u *"_ivl_24", 0 0, L_0x7f39998bc720;  1 drivers
v0x5649866a8d50_0 .net *"_ivl_27", 17 0, L_0x564986786fc0;  1 drivers
v0x564986761f70_0 .net *"_ivl_3", 7 0, L_0x5649867864f0;  1 drivers
v0x564986762050_0 .net *"_ivl_7", 0 0, L_0x564986786740;  1 drivers
v0x564986762130_0 .net *"_ivl_9", 0 0, L_0x5649867867e0;  1 drivers
v0x564986762210_0 .var "add_out", 19 0;
v0x5649867622f0_0 .var "add_result", 26 0;
v0x5649867623d0_0 .net "clk", 0 0, v0x56498676edd0_0;  alias, 1 drivers
v0x564986762490_0 .var "expt_carry", 25 18;
v0x564986762570_0 .net "final_add", 17 0, L_0x564986786d00;  1 drivers
v0x564986762650_0 .var "final_sub", 17 0;
v0x564986762730_0 .var "gr", 26 0;
v0x564986762810_0 .net "gr_mant", 18 0, L_0x564986787120;  1 drivers
v0x5649867628f0_0 .var "greater", 26 0;
L_0x7f39998bc768 .functor BUFT 1, C4<001111111100000000000000000>, C4<0>, C4<0>, C4<0>;
v0x5649867629d0_0 .net "in1", 26 0, L_0x7f39998bc768;  1 drivers
v0x564986762ab0_0 .net "in2", 26 0, L_0x564986787540;  1 drivers
v0x564986762b90_0 .var "net_expt", 25 18;
v0x564986762c70_0 .var "net_small", 18 0;
v0x564986762d50_0 .net "rst", 0 0, v0x56498676f440_0;  alias, 1 drivers
v0x564986762e10_0 .var "sm", 19 0;
v0x564986762ef0_0 .net "sm_mant", 18 0, L_0x564986786ed0;  1 drivers
v0x564986762fd0_0 .var "sm_shift", 25 18;
v0x5649867630b0_0 .net "small_shift", 25 18, L_0x564986786590;  1 drivers
v0x564986763190_0 .var "smaller", 26 0;
v0x564986763270_0 .net "sub", 0 0, L_0x564986786630;  1 drivers
v0x564986763330_0 .var "sub_expt", 7 0;
v0x564986763410_0 .var "sub_out", 18 0;
v0x5649867634f0_0 .var "sub_result", 26 0;
v0x5649867637e0_0 .var "sub_shift", 4 0;
v0x5649867638c0_0 .var "sum", 26 0;
v0x5649867639a0_0 .var "temp_sub", 18 0;
E_0x564986702e60 .event edge, v0x564986763270_0, v0x5649867634f0_0, v0x5649867622f0_0;
E_0x5649866ccad0 .event edge, v0x564986762730_0, v0x564986763330_0, v0x564986762650_0;
E_0x56498674a380 .event edge, v0x564986763410_0, v0x5649867637e0_0, v0x5649867639a0_0;
E_0x56498674a3c0 .event edge, v0x564986762b90_0, v0x5649867637e0_0;
E_0x56498674a740 .event edge, v0x564986763410_0;
E_0x5649867373a0 .event edge, v0x564986762730_0, v0x564986762e10_0;
E_0x564986737b80 .event edge, v0x564986762730_0, v0x564986762490_0, v0x564986762570_0;
E_0x564986735bc0 .event edge, v0x564986762b90_0, v0x564986762210_0;
E_0x564986736930/0 .event negedge, v0x564986762d50_0;
E_0x564986736930/1 .event posedge, v0x5649867623d0_0;
E_0x564986736930 .event/or E_0x564986736930/0, E_0x564986736930/1;
E_0x5649866ddd00 .event edge, v0x5649867628f0_0, v0x564986763190_0, v0x5649867630b0_0;
E_0x5649866cf640 .event edge, v0x5649867629d0_0, v0x564986762ab0_0;
L_0x564986786450 .part v0x5649867628f0_0, 18, 8;
L_0x5649867864f0 .part v0x564986763190_0, 18, 8;
L_0x564986786590 .arith/sub 8, L_0x564986786450, L_0x5649867864f0;
L_0x564986786740 .part v0x564986762730_0, 26, 1;
L_0x5649867867e0 .part v0x564986762e10_0, 19, 1;
L_0x564986786950 .part v0x564986762210_0, 19, 1;
L_0x564986786a30 .part v0x564986762210_0, 1, 18;
L_0x564986786b20 .concat [ 18 0 0 0], L_0x564986786a30;
L_0x564986786c60 .part v0x564986762210_0, 0, 18;
L_0x564986786d00 .functor MUXZ 18, L_0x564986786c60, L_0x564986786b20, L_0x564986786950, C4<>;
L_0x564986786ed0 .part v0x564986762e10_0, 0, 19;
L_0x564986786fc0 .part v0x564986762730_0, 0, 18;
L_0x564986787120 .concat [ 18 1 0 0], L_0x564986786fc0, L_0x7f39998bc720;
S_0x5649866d51f0 .scope module, "m_inst1" "fp_mul" 3 65, 5 1 0, S_0x5649866d2950;
 .timescale -9 -12;
    .port_info 0 /INPUT 27 "num1";
    .port_info 1 /INPUT 27 "num2";
    .port_info 2 /OUTPUT 27 "res";
L_0x564986731a30 .functor AND 1, L_0x56498677ffc0, L_0x564986780100, C4<1>, C4<1>;
L_0x5649866a8df0 .functor NOT 1, L_0x564986731a30, C4<0>, C4<0>, C4<0>;
L_0x564986780a30 .functor XOR 1, L_0x564986780310, L_0x5649867803b0, C4<0>, C4<0>;
L_0x564986781c80 .functor NOT 1, L_0x5649867826f0, C4<0>, C4<0>, C4<0>;
L_0x564986782970 .functor OR 1, L_0x564986781c80, L_0x5649866a8df0, C4<0>, C4<0>;
v0x564986763be0_0 .net *"_ivl_1", 25 0, L_0x56498677fe90;  1 drivers
v0x564986763ce0_0 .net *"_ivl_100", 26 0, L_0x564986782dd0;  1 drivers
v0x564986763dc0_0 .net *"_ivl_21", 7 0, L_0x564986780620;  1 drivers
v0x564986763e80_0 .net *"_ivl_23", 0 0, L_0x5649867806c0;  1 drivers
L_0x7f39998bc0f0 .functor BUFT 1, C4<1>, C4<0>, C4<0>, C4<0>;
v0x564986763f40_0 .net/2u *"_ivl_24", 0 0, L_0x7f39998bc0f0;  1 drivers
v0x564986764070_0 .net *"_ivl_27", 17 0, L_0x564986780840;  1 drivers
v0x564986764150_0 .net *"_ivl_28", 18 0, L_0x564986780910;  1 drivers
v0x564986764230_0 .net *"_ivl_3", 0 0, L_0x56498677ffc0;  1 drivers
L_0x7f39998bc138 .functor BUFT 1, C4<0>, C4<0>, C4<0>, C4<0>;
v0x5649867642f0_0 .net/2u *"_ivl_30", 0 0, L_0x7f39998bc138;  1 drivers
v0x5649867643d0_0 .net *"_ivl_33", 17 0, L_0x564986780af0;  1 drivers
v0x5649867644b0_0 .net *"_ivl_34", 18 0, L_0x564986780b90;  1 drivers
v0x564986764590_0 .net *"_ivl_39", 7 0, L_0x564986780ee0;  1 drivers
v0x564986764670_0 .net *"_ivl_41", 0 0, L_0x564986781010;  1 drivers
L_0x7f39998bc180 .functor BUFT 1, C4<1>, C4<0>, C4<0>, C4<0>;
v0x564986764730_0 .net/2u *"_ivl_42", 0 0, L_0x7f39998bc180;  1 drivers
v0x564986764810_0 .net *"_ivl_45", 17 0, L_0x564986781100;  1 drivers
v0x5649867648f0_0 .net *"_ivl_46", 18 0, L_0x564986781240;  1 drivers
L_0x7f39998bc1c8 .functor BUFT 1, C4<0>, C4<0>, C4<0>, C4<0>;
v0x5649867649d0_0 .net/2u *"_ivl_48", 0 0, L_0x7f39998bc1c8;  1 drivers
v0x564986764ab0_0 .net *"_ivl_5", 25 0, L_0x564986780060;  1 drivers
v0x564986764b90_0 .net *"_ivl_51", 17 0, L_0x564986781380;  1 drivers
v0x564986764c70_0 .net *"_ivl_52", 18 0, L_0x5649867811a0;  1 drivers
v0x564986764d50_0 .net *"_ivl_58", 8 0, L_0x564986781890;  1 drivers
L_0x7f39998bc210 .functor BUFT 1, C4<0>, C4<0>, C4<0>, C4<0>;
v0x564986764e30_0 .net *"_ivl_61", 0 0, L_0x7f39998bc210;  1 drivers
v0x564986764f10_0 .net *"_ivl_62", 8 0, L_0x5649867819d0;  1 drivers
L_0x7f39998bc258 .functor BUFT 1, C4<0>, C4<0>, C4<0>, C4<0>;
v0x564986764ff0_0 .net *"_ivl_65", 0 0, L_0x7f39998bc258;  1 drivers
v0x5649867650d0_0 .net *"_ivl_68", 37 0, L_0x564986781d40;  1 drivers
v0x5649867651b0_0 .net *"_ivl_7", 0 0, L_0x564986780100;  1 drivers
L_0x7f39998bc2a0 .functor BUFT 1, C4<0000000000000000000>, C4<0>, C4<0>, C4<0>;
v0x564986765270_0 .net *"_ivl_71", 18 0, L_0x7f39998bc2a0;  1 drivers
v0x564986765350_0 .net *"_ivl_72", 37 0, L_0x564986781f60;  1 drivers
L_0x7f39998bc2e8 .functor BUFT 1, C4<0000000000000000000>, C4<0>, C4<0>, C4<0>;
v0x564986765430_0 .net *"_ivl_75", 18 0, L_0x7f39998bc2e8;  1 drivers
v0x564986765510_0 .net *"_ivl_79", 0 0, L_0x5649867822d0;  1 drivers
L_0x7f39998bc330 .functor BUFT 1, C4<1>, C4<0>, C4<0>, C4<0>;
v0x5649867655f0_0 .net/2u *"_ivl_80", 0 0, L_0x7f39998bc330;  1 drivers
L_0x7f39998bc378 .functor BUFT 1, C4<0>, C4<0>, C4<0>, C4<0>;
v0x5649867656d0_0 .net/2u *"_ivl_82", 0 0, L_0x7f39998bc378;  1 drivers
v0x5649867657b0_0 .net *"_ivl_86", 26 0, L_0x564986782650;  1 drivers
v0x564986765aa0_0 .net *"_ivl_89", 0 0, L_0x5649867826f0;  1 drivers
v0x564986765b60_0 .net *"_ivl_9", 0 0, L_0x564986731a30;  1 drivers
v0x564986765c20_0 .net *"_ivl_93", 0 0, L_0x564986782970;  1 drivers
L_0x7f39998bc3c0 .functor BUFT 1, C4<00000000000000000000000000>, C4<0>, C4<0>, C4<0>;
v0x564986765ce0_0 .net/2u *"_ivl_94", 25 0, L_0x7f39998bc3c0;  1 drivers
v0x564986765dc0_0 .net *"_ivl_96", 26 0, L_0x564986782a80;  1 drivers
v0x564986765ea0_0 .net *"_ivl_99", 7 0, L_0x564986782bc0;  1 drivers
v0x564986765f80_0 .net "exp_a", 7 0, L_0x564986780490;  1 drivers
v0x564986766060_0 .net "exp_b", 7 0, L_0x564986780530;  1 drivers
v0x564986766140_0 .var "exp_res", 8 0;
v0x564986766220_0 .net "exp_sum", 8 0, L_0x564986781be0;  1 drivers
v0x564986766300_0 .net "frac_a", 18 0, L_0x564986780d50;  1 drivers
v0x5649867663e0_0 .net "frac_b", 18 0, L_0x5649867815a0;  1 drivers
v0x5649867664c0_0 .var "mantissa", 17 0;
v0x5649867665a0_0 .net "norm", 0 0, L_0x5649867823c0;  1 drivers
v0x564986766660_0 .net "num1", 26 0, L_0x56498677f9f0;  alias, 1 drivers
v0x564986766740_0 .net "num2", 26 0, L_0x56498677f9f0;  alias, 1 drivers
v0x564986766800_0 .net "prod", 37 0, L_0x5649867820a0;  1 drivers
v0x5649867668c0_0 .net "res", 26 0, L_0x564986782f10;  alias, 1 drivers
v0x5649867669a0_0 .net "sign_a", 0 0, L_0x564986780310;  1 drivers
v0x564986766a60_0 .net "sign_b", 0 0, L_0x5649867803b0;  1 drivers
v0x564986766b20_0 .net "sign_res", 0 0, L_0x564986780a30;  1 drivers
v0x564986766be0_0 .net "zero", 0 0, L_0x5649866a8df0;  1 drivers
v0x564986766ca0_0 .net "zero_res", 0 0, L_0x564986781c80;  1 drivers
E_0x5649866e94e0 .event edge, v0x564986766220_0, v0x5649867665a0_0, v0x564986766800_0, v0x564986766140_0;
L_0x56498677fe90 .part L_0x56498677f9f0, 0, 26;
L_0x56498677ffc0 .reduce/or L_0x56498677fe90;
L_0x564986780060 .part L_0x56498677f9f0, 0, 26;
L_0x564986780100 .reduce/or L_0x564986780060;
L_0x564986780310 .part L_0x56498677f9f0, 26, 1;
L_0x5649867803b0 .part L_0x56498677f9f0, 26, 1;
L_0x564986780490 .part L_0x56498677f9f0, 18, 8;
L_0x564986780530 .part L_0x56498677f9f0, 18, 8;
L_0x564986780620 .part L_0x56498677f9f0, 18, 8;
L_0x5649867806c0 .reduce/or L_0x564986780620;
L_0x564986780840 .part L_0x56498677f9f0, 0, 18;
L_0x564986780910 .concat [ 18 1 0 0], L_0x564986780840, L_0x7f39998bc0f0;
L_0x564986780af0 .part L_0x56498677f9f0, 0, 18;
L_0x564986780b90 .concat [ 18 1 0 0], L_0x564986780af0, L_0x7f39998bc138;
L_0x564986780d50 .functor MUXZ 19, L_0x564986780b90, L_0x564986780910, L_0x5649867806c0, C4<>;
L_0x564986780ee0 .part L_0x56498677f9f0, 18, 8;
L_0x564986781010 .reduce/or L_0x564986780ee0;
L_0x564986781100 .part L_0x56498677f9f0, 0, 18;
L_0x564986781240 .concat [ 18 1 0 0], L_0x564986781100, L_0x7f39998bc180;
L_0x564986781380 .part L_0x56498677f9f0, 0, 18;
L_0x5649867811a0 .concat [ 18 1 0 0], L_0x564986781380, L_0x7f39998bc1c8;
L_0x5649867815a0 .functor MUXZ 19, L_0x5649867811a0, L_0x564986781240, L_0x564986781010, C4<>;
L_0x564986781890 .concat [ 8 1 0 0], L_0x564986780490, L_0x7f39998bc210;
L_0x5649867819d0 .concat [ 8 1 0 0], L_0x564986780530, L_0x7f39998bc258;
L_0x564986781be0 .arith/sum 9, L_0x564986781890, L_0x5649867819d0;
L_0x564986781d40 .concat [ 19 19 0 0], L_0x564986780d50, L_0x7f39998bc2a0;
L_0x564986781f60 .concat [ 19 19 0 0], L_0x5649867815a0, L_0x7f39998bc2e8;
L_0x5649867820a0 .arith/mult 38, L_0x564986781d40, L_0x564986781f60;
L_0x5649867822d0 .part L_0x5649867820a0, 37, 1;
L_0x5649867823c0 .functor MUXZ 1, L_0x7f39998bc378, L_0x7f39998bc330, L_0x5649867822d0, C4<>;
L_0x564986782650 .concat [ 18 9 0 0], v0x5649867664c0_0, v0x564986766140_0;
L_0x5649867826f0 .reduce/or L_0x564986782650;
L_0x564986782a80 .concat [ 26 1 0 0], L_0x7f39998bc3c0, L_0x564986780a30;
L_0x564986782bc0 .part v0x564986766140_0, 0, 8;
L_0x564986782dd0 .concat [ 18 8 1 0], v0x5649867664c0_0, L_0x564986782bc0, L_0x564986780a30;
L_0x564986782f10 .functor MUXZ 27, L_0x564986782dd0, L_0x564986782a80, L_0x564986782970, C4<>;
S_0x5649866d62c0 .scope module, "m_inst2" "fp_mul" 3 68, 5 1 0, S_0x5649866d2950;
 .timescale -9 -12;
    .port_info 0 /INPUT 27 "num1";
    .port_info 1 /INPUT 27 "num2";
    .port_info 2 /OUTPUT 27 "res";
L_0x5649867834f0 .functor AND 1, L_0x564986783220, L_0x564986783400, C4<1>, C4<1>;
L_0x564986783600 .functor NOT 1, L_0x5649867834f0, C4<0>, C4<0>, C4<0>;
L_0x564986783d40 .functor XOR 1, L_0x5649867836c0, L_0x564986783760, C4<0>, C4<0>;
L_0x564986784f10 .functor NOT 1, L_0x5649867859d0, C4<0>, C4<0>, C4<0>;
L_0x564986785c20 .functor OR 1, L_0x564986784f10, L_0x564986783600, C4<0>, C4<0>;
v0x564986766e60_0 .net *"_ivl_1", 25 0, L_0x564986783130;  1 drivers
v0x564986766f60_0 .net *"_ivl_100", 26 0, L_0x564986786080;  1 drivers
v0x564986767040_0 .net *"_ivl_21", 7 0, L_0x564986783a60;  1 drivers
v0x564986767100_0 .net *"_ivl_23", 0 0, L_0x564986783b00;  1 drivers
L_0x7f39998bc408 .functor BUFT 1, C4<1>, C4<0>, C4<0>, C4<0>;
v0x5649867671c0_0 .net/2u *"_ivl_24", 0 0, L_0x7f39998bc408;  1 drivers
v0x5649867672f0_0 .net *"_ivl_27", 17 0, L_0x564986783c00;  1 drivers
v0x5649867673d0_0 .net *"_ivl_28", 18 0, L_0x564986783ca0;  1 drivers
v0x5649867674b0_0 .net *"_ivl_3", 0 0, L_0x564986783220;  1 drivers
L_0x7f39998bc450 .functor BUFT 1, C4<0>, C4<0>, C4<0>, C4<0>;
v0x564986767570_0 .net/2u *"_ivl_30", 0 0, L_0x7f39998bc450;  1 drivers
v0x564986767650_0 .net *"_ivl_33", 17 0, L_0x564986783db0;  1 drivers
v0x564986767730_0 .net *"_ivl_34", 18 0, L_0x564986783e50;  1 drivers
v0x564986767810_0 .net *"_ivl_39", 7 0, L_0x5649867841a0;  1 drivers
v0x5649867678f0_0 .net *"_ivl_41", 0 0, L_0x5649867842d0;  1 drivers
L_0x7f39998bc498 .functor BUFT 1, C4<1>, C4<0>, C4<0>, C4<0>;
v0x5649867679b0_0 .net/2u *"_ivl_42", 0 0, L_0x7f39998bc498;  1 drivers
v0x564986767a90_0 .net *"_ivl_45", 17 0, L_0x5649867843c0;  1 drivers
v0x564986767b70_0 .net *"_ivl_46", 18 0, L_0x564986784500;  1 drivers
L_0x7f39998bc4e0 .functor BUFT 1, C4<0>, C4<0>, C4<0>, C4<0>;
v0x564986767c50_0 .net/2u *"_ivl_48", 0 0, L_0x7f39998bc4e0;  1 drivers
v0x564986767d30_0 .net *"_ivl_5", 25 0, L_0x564986783310;  1 drivers
v0x564986767e10_0 .net *"_ivl_51", 17 0, L_0x564986784640;  1 drivers
v0x564986767ef0_0 .net *"_ivl_52", 18 0, L_0x564986784460;  1 drivers
v0x564986767fd0_0 .net *"_ivl_58", 8 0, L_0x564986784b20;  1 drivers
L_0x7f39998bc528 .functor BUFT 1, C4<0>, C4<0>, C4<0>, C4<0>;
v0x5649867680b0_0 .net *"_ivl_61", 0 0, L_0x7f39998bc528;  1 drivers
v0x564986768190_0 .net *"_ivl_62", 8 0, L_0x564986784c60;  1 drivers
L_0x7f39998bc570 .functor BUFT 1, C4<0>, C4<0>, C4<0>, C4<0>;
v0x564986768270_0 .net *"_ivl_65", 0 0, L_0x7f39998bc570;  1 drivers
v0x564986768350_0 .net *"_ivl_68", 37 0, L_0x564986785020;  1 drivers
v0x564986768430_0 .net *"_ivl_7", 0 0, L_0x564986783400;  1 drivers
L_0x7f39998bc5b8 .functor BUFT 1, C4<0000000000000000000>, C4<0>, C4<0>, C4<0>;
v0x5649867684f0_0 .net *"_ivl_71", 18 0, L_0x7f39998bc5b8;  1 drivers
v0x5649867685d0_0 .net *"_ivl_72", 37 0, L_0x564986785240;  1 drivers
L_0x7f39998bc600 .functor BUFT 1, C4<0000000000000000000>, C4<0>, C4<0>, C4<0>;
v0x5649867686b0_0 .net *"_ivl_75", 18 0, L_0x7f39998bc600;  1 drivers
v0x564986768790_0 .net *"_ivl_79", 0 0, L_0x5649867855b0;  1 drivers
L_0x7f39998bc648 .functor BUFT 1, C4<1>, C4<0>, C4<0>, C4<0>;
v0x564986768870_0 .net/2u *"_ivl_80", 0 0, L_0x7f39998bc648;  1 drivers
L_0x7f39998bc690 .functor BUFT 1, C4<0>, C4<0>, C4<0>, C4<0>;
v0x564986768950_0 .net/2u *"_ivl_82", 0 0, L_0x7f39998bc690;  1 drivers
v0x564986768a30_0 .net *"_ivl_86", 26 0, L_0x564986785930;  1 drivers
v0x564986768d20_0 .net *"_ivl_89", 0 0, L_0x5649867859d0;  1 drivers
v0x564986768de0_0 .net *"_ivl_9", 0 0, L_0x5649867834f0;  1 drivers
v0x564986768ea0_0 .net *"_ivl_93", 0 0, L_0x564986785c20;  1 drivers
L_0x7f39998bc6d8 .functor BUFT 1, C4<00000000000000000000000000>, C4<0>, C4<0>, C4<0>;
v0x564986768f60_0 .net/2u *"_ivl_94", 25 0, L_0x7f39998bc6d8;  1 drivers
v0x564986769040_0 .net *"_ivl_96", 26 0, L_0x564986785d30;  1 drivers
v0x564986769120_0 .net *"_ivl_99", 7 0, L_0x564986785e70;  1 drivers
v0x564986769200_0 .net "exp_a", 7 0, L_0x564986783840;  1 drivers
v0x5649867692e0_0 .net "exp_b", 7 0, L_0x5649867838e0;  1 drivers
v0x5649867693c0_0 .var "exp_res", 8 0;
v0x5649867694a0_0 .net "exp_sum", 8 0, L_0x564986784e70;  1 drivers
v0x564986769580_0 .net "frac_a", 18 0, L_0x564986784010;  1 drivers
v0x564986769660_0 .net "frac_b", 18 0, L_0x564986784830;  1 drivers
v0x564986769740_0 .var "mantissa", 17 0;
v0x564986769820_0 .net "norm", 0 0, L_0x5649867856a0;  1 drivers
v0x5649867698e0_0 .net "num1", 26 0, v0x56498676dde0_0;  1 drivers
v0x5649867699c0_0 .net "num2", 26 0, v0x56498676de80_0;  1 drivers
v0x564986769aa0_0 .net "prod", 37 0, L_0x564986785380;  1 drivers
v0x564986769b80_0 .net "res", 26 0, L_0x5649867861c0;  alias, 1 drivers
v0x564986769c60_0 .net "sign_a", 0 0, L_0x5649867836c0;  1 drivers
v0x564986769d20_0 .net "sign_b", 0 0, L_0x564986783760;  1 drivers
v0x564986769de0_0 .net "sign_res", 0 0, L_0x564986783d40;  1 drivers
v0x564986769ea0_0 .net "zero", 0 0, L_0x564986783600;  1 drivers
v0x564986769f60_0 .net "zero_res", 0 0, L_0x564986784f10;  1 drivers
E_0x56498672d880 .event edge, v0x5649867694a0_0, v0x564986769820_0, v0x564986769aa0_0, v0x5649867693c0_0;
L_0x564986783130 .part v0x56498676dde0_0, 0, 26;
L_0x564986783220 .reduce/or L_0x564986783130;
L_0x564986783310 .part v0x56498676de80_0, 0, 26;
L_0x564986783400 .reduce/or L_0x564986783310;
L_0x5649867836c0 .part v0x56498676dde0_0, 26, 1;
L_0x564986783760 .part v0x56498676de80_0, 26, 1;
L_0x564986783840 .part v0x56498676dde0_0, 18, 8;
L_0x5649867838e0 .part v0x56498676de80_0, 18, 8;
L_0x564986783a60 .part v0x56498676dde0_0, 18, 8;
L_0x564986783b00 .reduce/or L_0x564986783a60;
L_0x564986783c00 .part v0x56498676dde0_0, 0, 18;
L_0x564986783ca0 .concat [ 18 1 0 0], L_0x564986783c00, L_0x7f39998bc408;
L_0x564986783db0 .part v0x56498676dde0_0, 0, 18;
L_0x564986783e50 .concat [ 18 1 0 0], L_0x564986783db0, L_0x7f39998bc450;
L_0x564986784010 .functor MUXZ 19, L_0x564986783e50, L_0x564986783ca0, L_0x564986783b00, C4<>;
L_0x5649867841a0 .part v0x56498676de80_0, 18, 8;
L_0x5649867842d0 .reduce/or L_0x5649867841a0;
L_0x5649867843c0 .part v0x56498676de80_0, 0, 18;
L_0x564986784500 .concat [ 18 1 0 0], L_0x5649867843c0, L_0x7f39998bc498;
L_0x564986784640 .part v0x56498676de80_0, 0, 18;
L_0x564986784460 .concat [ 18 1 0 0], L_0x564986784640, L_0x7f39998bc4e0;
L_0x564986784830 .functor MUXZ 19, L_0x564986784460, L_0x564986784500, L_0x5649867842d0, C4<>;
L_0x564986784b20 .concat [ 8 1 0 0], L_0x564986783840, L_0x7f39998bc528;
L_0x564986784c60 .concat [ 8 1 0 0], L_0x5649867838e0, L_0x7f39998bc570;
L_0x564986784e70 .arith/sum 9, L_0x564986784b20, L_0x564986784c60;
L_0x564986785020 .concat [ 19 19 0 0], L_0x564986784010, L_0x7f39998bc5b8;
L_0x564986785240 .concat [ 19 19 0 0], L_0x564986784830, L_0x7f39998bc600;
L_0x564986785380 .arith/mult 38, L_0x564986785020, L_0x564986785240;
L_0x5649867855b0 .part L_0x564986785380, 37, 1;
L_0x5649867856a0 .functor MUXZ 1, L_0x7f39998bc690, L_0x7f39998bc648, L_0x5649867855b0, C4<>;
L_0x564986785930 .concat [ 18 9 0 0], v0x564986769740_0, v0x5649867693c0_0;
L_0x5649867859d0 .reduce/or L_0x564986785930;
L_0x564986785d30 .concat [ 26 1 0 0], L_0x7f39998bc6d8, L_0x564986783d40;
L_0x564986785e70 .part v0x5649867693c0_0, 0, 8;
L_0x564986786080 .concat [ 18 8 1 0], v0x564986769740_0, L_0x564986785e70, L_0x564986783d40;
L_0x5649867861c0 .functor MUXZ 27, L_0x564986786080, L_0x564986785d30, L_0x564986785c20, C4<>;
S_0x5649866dade0 .scope module, "m_inst3" "fp_mul" 3 79, 5 1 0, S_0x5649866d2950;
 .timescale -9 -12;
    .port_info 0 /INPUT 27 "num1";
    .port_info 1 /INPUT 27 "num2";
    .port_info 2 /OUTPUT 27 "res";
L_0x564986787bc0 .functor AND 1, L_0x5649867878c0, L_0x564986787aa0, C4<1>, C4<1>;
L_0x564986787cd0 .functor NOT 1, L_0x564986787bc0, C4<0>, C4<0>, C4<0>;
L_0x564986788470 .functor XOR 1, L_0x564986787d90, L_0x564986787e30, C4<0>, C4<0>;
L_0x5649867898b0 .functor NOT 1, L_0x56498678a370, C4<0>, C4<0>, C4<0>;
L_0x56498678a5f0 .functor OR 1, L_0x5649867898b0, L_0x564986787cd0, C4<0>, C4<0>;
v0x56498676a140_0 .net *"_ivl_1", 25 0, L_0x5649867877a0;  1 drivers
v0x56498676a240_0 .net *"_ivl_100", 26 0, L_0x56498678aa50;  1 drivers
v0x56498676a320_0 .net *"_ivl_21", 7 0, L_0x5649867880d0;  1 drivers
v0x56498676a3e0_0 .net *"_ivl_23", 0 0, L_0x5649867881a0;  1 drivers
L_0x7f39998bc7b0 .functor BUFT 1, C4<1>, C4<0>, C4<0>, C4<0>;
v0x56498676a4a0_0 .net/2u *"_ivl_24", 0 0, L_0x7f39998bc7b0;  1 drivers
v0x56498676a5d0_0 .net *"_ivl_27", 17 0, L_0x5649867882d0;  1 drivers
v0x56498676a6b0_0 .net *"_ivl_28", 18 0, L_0x5649867883a0;  1 drivers
v0x56498676a790_0 .net *"_ivl_3", 0 0, L_0x5649867878c0;  1 drivers
L_0x7f39998bc7f8 .functor BUFT 1, C4<0>, C4<0>, C4<0>, C4<0>;
v0x56498676a850_0 .net/2u *"_ivl_30", 0 0, L_0x7f39998bc7f8;  1 drivers
v0x56498676a930_0 .net *"_ivl_33", 17 0, L_0x5649867884e0;  1 drivers
v0x56498676aa10_0 .net *"_ivl_34", 18 0, L_0x564986788580;  1 drivers
v0x56498676aaf0_0 .net *"_ivl_39", 7 0, L_0x564986788900;  1 drivers
v0x56498676abd0_0 .net *"_ivl_41", 0 0, L_0x564986788a30;  1 drivers
L_0x7f39998bc840 .functor BUFT 1, C4<1>, C4<0>, C4<0>, C4<0>;
v0x56498676ac90_0 .net/2u *"_ivl_42", 0 0, L_0x7f39998bc840;  1 drivers
v0x56498676ad70_0 .net *"_ivl_45", 17 0, L_0x564986788b20;  1 drivers
v0x56498676ae50_0 .net *"_ivl_46", 18 0, L_0x564986788c60;  1 drivers
L_0x7f39998bc888 .functor BUFT 1, C4<0>, C4<0>, C4<0>, C4<0>;
v0x56498676af30_0 .net/2u *"_ivl_48", 0 0, L_0x7f39998bc888;  1 drivers
v0x56498676b010_0 .net *"_ivl_5", 25 0, L_0x5649867879b0;  1 drivers
v0x56498676b0f0_0 .net *"_ivl_51", 17 0, L_0x564986788da0;  1 drivers
v0x56498676b1d0_0 .net *"_ivl_52", 18 0, L_0x564986788bc0;  1 drivers
v0x56498676b2b0_0 .net *"_ivl_58", 8 0, L_0x5649867892b0;  1 drivers
L_0x7f39998bc8d0 .functor BUFT 1, C4<0>, C4<0>, C4<0>, C4<0>;
v0x56498676b390_0 .net *"_ivl_61", 0 0, L_0x7f39998bc8d0;  1 drivers
v0x56498676b470_0 .net *"_ivl_62", 8 0, L_0x5649867893f0;  1 drivers
L_0x7f39998bc918 .functor BUFT 1, C4<0>, C4<0>, C4<0>, C4<0>;
v0x56498676b550_0 .net *"_ivl_65", 0 0, L_0x7f39998bc918;  1 drivers
v0x56498676b630_0 .net *"_ivl_68", 37 0, L_0x5649867899c0;  1 drivers
v0x56498676b710_0 .net *"_ivl_7", 0 0, L_0x564986787aa0;  1 drivers
L_0x7f39998bc960 .functor BUFT 1, C4<0000000000000000000>, C4<0>, C4<0>, C4<0>;
v0x56498676b7d0_0 .net *"_ivl_71", 18 0, L_0x7f39998bc960;  1 drivers
v0x56498676b8b0_0 .net *"_ivl_72", 37 0, L_0x564986789be0;  1 drivers
L_0x7f39998bc9a8 .functor BUFT 1, C4<0000000000000000000>, C4<0>, C4<0>, C4<0>;
v0x56498676b990_0 .net *"_ivl_75", 18 0, L_0x7f39998bc9a8;  1 drivers
v0x56498676ba70_0 .net *"_ivl_79", 0 0, L_0x564986789f50;  1 drivers
L_0x7f39998bc9f0 .functor BUFT 1, C4<1>, C4<0>, C4<0>, C4<0>;
v0x56498676bb50_0 .net/2u *"_ivl_80", 0 0, L_0x7f39998bc9f0;  1 drivers
L_0x7f39998bca38 .functor BUFT 1, C4<0>, C4<0>, C4<0>, C4<0>;
v0x56498676bc30_0 .net/2u *"_ivl_82", 0 0, L_0x7f39998bca38;  1 drivers
v0x56498676bd10_0 .net *"_ivl_86", 26 0, L_0x56498678a2d0;  1 drivers
v0x56498676c000_0 .net *"_ivl_89", 0 0, L_0x56498678a370;  1 drivers
v0x56498676c0c0_0 .net *"_ivl_9", 0 0, L_0x564986787bc0;  1 drivers
v0x56498676c180_0 .net *"_ivl_93", 0 0, L_0x56498678a5f0;  1 drivers
L_0x7f39998bca80 .functor BUFT 1, C4<00000000000000000000000000>, C4<0>, C4<0>, C4<0>;
v0x56498676c240_0 .net/2u *"_ivl_94", 25 0, L_0x7f39998bca80;  1 drivers
v0x56498676c320_0 .net *"_ivl_96", 26 0, L_0x56498678a700;  1 drivers
v0x56498676c400_0 .net *"_ivl_99", 7 0, L_0x56498678a840;  1 drivers
v0x56498676c4e0_0 .net "exp_a", 7 0, L_0x564986787f10;  1 drivers
v0x56498676c5c0_0 .net "exp_b", 7 0, L_0x564986787fb0;  1 drivers
v0x56498676c6a0_0 .var "exp_res", 8 0;
v0x56498676c780_0 .net "exp_sum", 8 0, L_0x564986789810;  1 drivers
v0x56498676c860_0 .net "frac_a", 18 0, L_0x564986788770;  1 drivers
v0x56498676c940_0 .net "frac_b", 18 0, L_0x564986788fc0;  1 drivers
v0x56498676ca20_0 .var "mantissa", 17 0;
v0x56498676cb00_0 .net "norm", 0 0, L_0x56498678a040;  1 drivers
v0x56498676cbc0_0 .net "num1", 26 0, v0x56498676e280_0;  1 drivers
v0x56498676cca0_0 .net "num2", 26 0, v0x56498676e370_0;  1 drivers
v0x56498676cd80_0 .net "prod", 37 0, L_0x564986789d20;  1 drivers
v0x56498676ce60_0 .net "res", 26 0, L_0x56498678ab90;  alias, 1 drivers
v0x56498676cf40_0 .net "sign_a", 0 0, L_0x564986787d90;  1 drivers
v0x56498676d000_0 .net "sign_b", 0 0, L_0x564986787e30;  1 drivers
v0x56498676d0c0_0 .net "sign_res", 0 0, L_0x564986788470;  1 drivers
v0x56498676d180_0 .net "zero", 0 0, L_0x564986787cd0;  1 drivers
v0x56498676d240_0 .net "zero_res", 0 0, L_0x5649867898b0;  1 drivers
E_0x5649866e03f0 .event edge, v0x56498676c780_0, v0x56498676cb00_0, v0x56498676cd80_0, v0x56498676c6a0_0;
L_0x5649867877a0 .part v0x56498676e280_0, 0, 26;
L_0x5649867878c0 .reduce/or L_0x5649867877a0;
L_0x5649867879b0 .part v0x56498676e370_0, 0, 26;
L_0x564986787aa0 .reduce/or L_0x5649867879b0;
L_0x564986787d90 .part v0x56498676e280_0, 26, 1;
L_0x564986787e30 .part v0x56498676e370_0, 26, 1;
L_0x564986787f10 .part v0x56498676e280_0, 18, 8;
L_0x564986787fb0 .part v0x56498676e370_0, 18, 8;
L_0x5649867880d0 .part v0x56498676e280_0, 18, 8;
L_0x5649867881a0 .reduce/or L_0x5649867880d0;
L_0x5649867882d0 .part v0x56498676e280_0, 0, 18;
L_0x5649867883a0 .concat [ 18 1 0 0], L_0x5649867882d0, L_0x7f39998bc7b0;
L_0x5649867884e0 .part v0x56498676e280_0, 0, 18;
L_0x564986788580 .concat [ 18 1 0 0], L_0x5649867884e0, L_0x7f39998bc7f8;
L_0x564986788770 .functor MUXZ 19, L_0x564986788580, L_0x5649867883a0, L_0x5649867881a0, C4<>;
L_0x564986788900 .part v0x56498676e370_0, 18, 8;
L_0x564986788a30 .reduce/or L_0x564986788900;
L_0x564986788b20 .part v0x56498676e370_0, 0, 18;
L_0x564986788c60 .concat [ 18 1 0 0], L_0x564986788b20, L_0x7f39998bc840;
L_0x564986788da0 .part v0x56498676e370_0, 0, 18;
L_0x564986788bc0 .concat [ 18 1 0 0], L_0x564986788da0, L_0x7f39998bc888;
L_0x564986788fc0 .functor MUXZ 19, L_0x564986788bc0, L_0x564986788c60, L_0x564986788a30, C4<>;
L_0x5649867892b0 .concat [ 8 1 0 0], L_0x564986787f10, L_0x7f39998bc8d0;
L_0x5649867893f0 .concat [ 8 1 0 0], L_0x564986787fb0, L_0x7f39998bc918;
L_0x564986789810 .arith/sum 9, L_0x5649867892b0, L_0x5649867893f0;
L_0x5649867899c0 .concat [ 19 19 0 0], L_0x564986788770, L_0x7f39998bc960;
L_0x564986789be0 .concat [ 19 19 0 0], L_0x564986788fc0, L_0x7f39998bc9a8;
L_0x564986789d20 .arith/mult 38, L_0x5649867899c0, L_0x564986789be0;
L_0x564986789f50 .part L_0x564986789d20, 37, 1;
L_0x56498678a040 .functor MUXZ 1, L_0x7f39998bca38, L_0x7f39998bc9f0, L_0x564986789f50, C4<>;
L_0x56498678a2d0 .concat [ 18 9 0 0], v0x56498676ca20_0, v0x56498676c6a0_0;
L_0x56498678a370 .reduce/or L_0x56498678a2d0;
L_0x56498678a700 .concat [ 26 1 0 0], L_0x7f39998bca80, L_0x564986788470;
L_0x56498678a840 .part v0x56498676c6a0_0, 0, 8;
L_0x56498678aa50 .concat [ 18 8 1 0], v0x56498676ca20_0, L_0x56498678a840, L_0x564986788470;
L_0x56498678ab90 .functor MUXZ 27, L_0x56498678aa50, L_0x56498678a700, L_0x56498678a5f0, C4<>;
    .scope S_0x5649866d51f0;
T_0 ;
    %wait E_0x5649866e94e0;
    %load/vec4 v0x564986766220_0;
    %subi 127, 0, 9;
    %store/vec4 v0x564986766140_0, 0, 9;
    %load/vec4 v0x5649867665a0_0;
    %nor/r;
    %flag_set/vec4 8;
    %jmp/0xz  T_0.0, 8;
    %load/vec4 v0x564986766800_0;
    %parti/s 18, 18, 6;
    %store/vec4 v0x5649867664c0_0, 0, 18;
    %jmp T_0.1;
T_0.0 ;
    %load/vec4 v0x564986766800_0;
    %parti/s 18, 19, 6;
    %store/vec4 v0x5649867664c0_0, 0, 18;
    %load/vec4 v0x564986766140_0;
    %addi 1, 0, 9;
    %store/vec4 v0x564986766140_0, 0, 9;
T_0.1 ;
    %jmp T_0;
    .thread T_0, $push;
    .scope S_0x5649866d62c0;
T_1 ;
    %wait E_0x56498672d880;
    %load/vec4 v0x5649867694a0_0;
    %subi 127, 0, 9;
    %store/vec4 v0x5649867693c0_0, 0, 9;
    %load/vec4 v0x564986769820_0;
    %nor/r;
    %flag_set/vec4 8;
    %jmp/0xz  T_1.0, 8;
    %load/vec4 v0x564986769aa0_0;
    %parti/s 18, 18, 6;
    %store/vec4 v0x564986769740_0, 0, 18;
    %jmp T_1.1;
T_1.0 ;
    %load/vec4 v0x564986769aa0_0;
    %parti/s 18, 19, 6;
    %store/vec4 v0x564986769740_0, 0, 18;
    %load/vec4 v0x5649867693c0_0;
    %addi 1, 0, 9;
    %store/vec4 v0x5649867693c0_0, 0, 9;
T_1.1 ;
    %jmp T_1;
    .thread T_1, $push;
    .scope S_0x5649866d3a20;
T_2 ;
    %wait E_0x5649866cf640;
    %load/vec4 v0x564986762ab0_0;
    %parti/s 8, 18, 6;
    %load/vec4 v0x5649867629d0_0;
    %parti/s 8, 18, 6;
    %cmp/u;
    %jmp/0xz  T_2.0, 5;
    %load/vec4 v0x5649867629d0_0;
    %assign/vec4 v0x5649867628f0_0, 0;
    %load/vec4 v0x564986762ab0_0;
    %assign/vec4 v0x564986763190_0, 0;
    %jmp T_2.1;
T_2.0 ;
    %load/vec4 v0x5649867629d0_0;
    %parti/s 8, 18, 6;
    %load/vec4 v0x564986762ab0_0;
    %parti/s 8, 18, 6;
    %cmp/e;
    %flag_get/vec4 4;
    %load/vec4 v0x564986762ab0_0;
    %parti/s 18, 0, 2;
    %load/vec4 v0x5649867629d0_0;
    %parti/s 18, 0, 2;
    %cmp/u;
    %flag_get/vec4 5;
    %and;
    %flag_set/vec4 8;
    %jmp/0xz  T_2.2, 8;
    %load/vec4 v0x5649867629d0_0;
    %assign/vec4 v0x5649867628f0_0, 0;
    %load/vec4 v0x564986762ab0_0;
    %assign/vec4 v0x564986763190_0, 0;
    %jmp T_2.3;
T_2.2 ;
    %load/vec4 v0x564986762ab0_0;
    %assign/vec4 v0x5649867628f0_0, 0;
    %load/vec4 v0x5649867629d0_0;
    %assign/vec4 v0x564986763190_0, 0;
T_2.3 ;
T_2.1 ;
    %jmp T_2;
    .thread T_2, $push;
    .scope S_0x5649866d3a20;
T_3 ;
    %wait E_0x5649866ddd00;
    %load/vec4 v0x5649867628f0_0;
    %parti/s 8, 18, 6;
    %load/vec4 v0x564986763190_0;
    %parti/s 8, 18, 6;
    %sub;
    %cmpi/u 18, 0, 8;
    %flag_or 5, 4;
    %jmp/0xz  T_3.0, 5;
    %pushi/vec4 1, 0, 1;
    %load/vec4 v0x564986763190_0;
    %parti/s 18, 0, 2;
    %concat/vec4; draw_concat_vec4
    %ix/getv 4, v0x5649867630b0_0;
    %shiftr 4;
    %assign/vec4 v0x564986762c70_0, 0;
    %jmp T_3.1;
T_3.0 ;
    %pushi/vec4 0, 0, 19;
    %assign/vec4 v0x564986762c70_0, 0;
T_3.1 ;
    %jmp T_3;
    .thread T_3, $push;
    .scope S_0x5649866d3a20;
T_4 ;
    %wait E_0x564986736930;
    %load/vec4 v0x564986762d50_0;
    %pad/u 32;
    %cmpi/e 0, 0, 32;
    %jmp/0xz  T_4.0, 4;
    %pushi/vec4 0, 0, 27;
    %assign/vec4 v0x564986762730_0, 0;
    %pushi/vec4 0, 0, 20;
    %assign/vec4 v0x564986762e10_0, 0;
    %pushi/vec4 0, 0, 8;
    %assign/vec4 v0x564986762b90_0, 0;
    %pushi/vec4 0, 0, 8;
    %assign/vec4 v0x564986762fd0_0, 0;
    %jmp T_4.1;
T_4.0 ;
    %load/vec4 v0x5649867628f0_0;
    %assign/vec4 v0x564986762730_0, 0;
    %load/vec4 v0x564986763190_0;
    %parti/s 1, 26, 6;
    %load/vec4 v0x564986762c70_0;
    %concat/vec4; draw_concat_vec4
    %assign/vec4 v0x564986762e10_0, 0;
    %load/vec4 v0x5649867628f0_0;
    %parti/s 8, 18, 6;
    %assign/vec4 v0x564986762b90_0, 0;
    %load/vec4 v0x5649867630b0_0;
    %assign/vec4 v0x564986762fd0_0, 0;
T_4.1 ;
    %jmp T_4;
    .thread T_4;
    .scope S_0x5649866d3a20;
T_5 ;
    %wait E_0x5649867373a0;
    %pushi/vec4 1, 0, 1;
    %load/vec4 v0x564986762730_0;
    %parti/s 18, 0, 2;
    %concat/vec4; draw_concat_vec4
    %pad/u 20;
    %load/vec4 v0x564986762e10_0;
    %parti/s 19, 0, 2;
    %pad/u 20;
    %add;
    %assign/vec4 v0x564986762210_0, 0;
    %jmp T_5;
    .thread T_5, $push;
    .scope S_0x5649866d3a20;
T_6 ;
    %wait E_0x564986735bc0;
    %load/vec4 v0x564986762b90_0;
    %pushi/vec4 0, 0, 7;
    %load/vec4 v0x564986762210_0;
    %parti/s 1, 19, 6;
    %concat/vec4; draw_concat_vec4
    %add;
    %assign/vec4 v0x564986762490_0, 0;
    %jmp T_6;
    .thread T_6, $push;
    .scope S_0x5649866d3a20;
T_7 ;
    %wait E_0x564986737b80;
    %load/vec4 v0x564986762730_0;
    %parti/s 1, 26, 6;
    %load/vec4 v0x564986762490_0;
    %concat/vec4; draw_concat_vec4
    %load/vec4 v0x564986762570_0;
    %concat/vec4; draw_concat_vec4
    %assign/vec4 v0x5649867622f0_0, 0;
    %jmp T_7;
    .thread T_7, $push;
    .scope S_0x5649866d3a20;
T_8 ;
    %wait E_0x5649867373a0;
    %pushi/vec4 1, 0, 1;
    %load/vec4 v0x564986762730_0;
    %parti/s 18, 0, 2;
    %concat/vec4; draw_concat_vec4
    %load/vec4 v0x564986762e10_0;
    %parti/s 18, 0, 2;
    %pad/u 19;
    %sub;
    %assign/vec4 v0x564986763410_0, 0;
    %jmp T_8;
    .thread T_8, $push;
    .scope S_0x5649866d3a20;
T_9 ;
    %wait E_0x56498674a740;
    %load/vec4 v0x564986763410_0;
    %dup/vec4;
    %pushi/vec4 524287, 262143, 19;
    %cmp/x;
    %jmp/1 T_9.0, 4;
    %dup/vec4;
    %pushi/vec4 262143, 131071, 19;
    %cmp/x;
    %jmp/1 T_9.1, 4;
    %dup/vec4;
    %pushi/vec4 131071, 65535, 19;
    %cmp/x;
    %jmp/1 T_9.2, 4;
    %dup/vec4;
    %pushi/vec4 65535, 32767, 19;
    %cmp/x;
    %jmp/1 T_9.3, 4;
    %dup/vec4;
    %pushi/vec4 32767, 16383, 19;
    %cmp/x;
    %jmp/1 T_9.4, 4;
    %dup/vec4;
    %pushi/vec4 16383, 8191, 19;
    %cmp/x;
    %jmp/1 T_9.5, 4;
    %dup/vec4;
    %pushi/vec4 8191, 4095, 19;
    %cmp/x;
    %jmp/1 T_9.6, 4;
    %dup/vec4;
    %pushi/vec4 4095, 2047, 19;
    %cmp/x;
    %jmp/1 T_9.7, 4;
    %dup/vec4;
    %pushi/vec4 2047, 1023, 19;
    %cmp/x;
    %jmp/1 T_9.8, 4;
    %dup/vec4;
    %pushi/vec4 1023, 511, 19;
    %cmp/x;
    %jmp/1 T_9.9, 4;
    %dup/vec4;
    %pushi/vec4 511, 255, 19;
    %cmp/x;
    %jmp/1 T_9.10, 4;
    %dup/vec4;
    %pushi/vec4 255, 127, 19;
    %cmp/x;
    %jmp/1 T_9.11, 4;
    %dup/vec4;
    %pushi/vec4 127, 63, 19;
    %cmp/x;
    %jmp/1 T_9.12, 4;
    %dup/vec4;
    %pushi/vec4 63, 31, 19;
    %cmp/x;
    %jmp/1 T_9.13, 4;
    %dup/vec4;
    %pushi/vec4 31, 15, 19;
    %cmp/x;
    %jmp/1 T_9.14, 4;
    %dup/vec4;
    %pushi/vec4 15, 7, 19;
    %cmp/x;
    %jmp/1 T_9.15, 4;
    %dup/vec4;
    %pushi/vec4 7, 3, 19;
    %cmp/x;
    %jmp/1 T_9.16, 4;
    %dup/vec4;
    %pushi/vec4 3, 1, 19;
    %cmp/x;
    %jmp/1 T_9.17, 4;
    %dup/vec4;
    %pushi/vec4 1, 0, 19;
    %cmp/x;
    %jmp/1 T_9.18, 4;
    %dup/vec4;
    %pushi/vec4 0, 0, 19;
    %cmp/x;
    %jmp/1 T_9.19, 4;
    %pushi/vec4 0, 0, 5;
    %assign/vec4 v0x5649867637e0_0, 0;
    %jmp T_9.21;
T_9.0 ;
    %pushi/vec4 0, 0, 5;
    %assign/vec4 v0x5649867637e0_0, 0;
    %jmp T_9.21;
T_9.1 ;
    %pushi/vec4 1, 0, 5;
    %assign/vec4 v0x5649867637e0_0, 0;
    %jmp T_9.21;
T_9.2 ;
    %pushi/vec4 2, 0, 5;
    %assign/vec4 v0x5649867637e0_0, 0;
    %jmp T_9.21;
T_9.3 ;
    %pushi/vec4 3, 0, 5;
    %assign/vec4 v0x5649867637e0_0, 0;
    %jmp T_9.21;
T_9.4 ;
    %pushi/vec4 4, 0, 5;
    %assign/vec4 v0x5649867637e0_0, 0;
    %jmp T_9.21;
T_9.5 ;
    %pushi/vec4 5, 0, 5;
    %assign/vec4 v0x5649867637e0_0, 0;
    %jmp T_9.21;
T_9.6 ;
    %pushi/vec4 6, 0, 5;
    %assign/vec4 v0x5649867637e0_0, 0;
    %jmp T_9.21;
T_9.7 ;
    %pushi/vec4 7, 0, 5;
    %assign/vec4 v0x5649867637e0_0, 0;
    %jmp T_9.21;
T_9.8 ;
    %pushi/vec4 8, 0, 5;
    %assign/vec4 v0x5649867637e0_0, 0;
    %jmp T_9.21;
T_9.9 ;
    %pushi/vec4 9, 0, 5;
    %assign/vec4 v0x5649867637e0_0, 0;
    %jmp T_9.21;
T_9.10 ;
    %pushi/vec4 10, 0, 5;
    %assign/vec4 v0x5649867637e0_0, 0;
    %jmp T_9.21;
T_9.11 ;
    %pushi/vec4 11, 0, 5;
    %assign/vec4 v0x5649867637e0_0, 0;
    %jmp T_9.21;
T_9.12 ;
    %pushi/vec4 12, 0, 5;
    %assign/vec4 v0x5649867637e0_0, 0;
    %jmp T_9.21;
T_9.13 ;
    %pushi/vec4 13, 0, 5;
    %assign/vec4 v0x5649867637e0_0, 0;
    %jmp T_9.21;
T_9.14 ;
    %pushi/vec4 14, 0, 5;
    %assign/vec4 v0x5649867637e0_0, 0;
    %jmp T_9.21;
T_9.15 ;
    %pushi/vec4 15, 0, 5;
    %assign/vec4 v0x5649867637e0_0, 0;
    %jmp T_9.21;
T_9.16 ;
    %pushi/vec4 16, 0, 5;
    %assign/vec4 v0x5649867637e0_0, 0;
    %jmp T_9.21;
T_9.17 ;
    %pushi/vec4 17, 0, 5;
    %assign/vec4 v0x5649867637e0_0, 0;
    %jmp T_9.21;
T_9.18 ;
    %pushi/vec4 18, 0, 5;
    %assign/vec4 v0x5649867637e0_0, 0;
    %jmp T_9.21;
T_9.19 ;
    %pushi/vec4 19, 0, 5;
    %assign/vec4 v0x5649867637e0_0, 0;
    %jmp T_9.21;
T_9.21 ;
    %pop/vec4 1;
    %jmp T_9;
    .thread T_9, $push;
    .scope S_0x5649866d3a20;
T_10 ;
    %wait E_0x56498674a3c0;
    %load/vec4 v0x564986762b90_0;
    %pushi/vec4 0, 0, 3;
    %load/vec4 v0x5649867637e0_0;
    %concat/vec4; draw_concat_vec4
    %sub;
    %assign/vec4 v0x564986763330_0, 0;
    %jmp T_10;
    .thread T_10, $push;
    .scope S_0x5649866d3a20;
T_11 ;
    %wait E_0x56498674a380;
    %load/vec4 v0x564986763410_0;
    %ix/getv 4, v0x5649867637e0_0;
    %shiftl 4;
    %assign/vec4 v0x5649867639a0_0, 0;
    %load/vec4 v0x5649867639a0_0;
    %parti/s 18, 0, 2;
    %assign/vec4 v0x564986762650_0, 0;
    %jmp T_11;
    .thread T_11, $push;
    .scope S_0x5649866d3a20;
T_12 ;
    %wait E_0x5649866ccad0;
    %load/vec4 v0x564986762730_0;
    %parti/s 1, 26, 6;
    %load/vec4 v0x564986763330_0;
    %concat/vec4; draw_concat_vec4
    %load/vec4 v0x564986762650_0;
    %concat/vec4; draw_concat_vec4
    %assign/vec4 v0x5649867634f0_0, 0;
    %jmp T_12;
    .thread T_12, $push;
    .scope S_0x5649866d3a20;
T_13 ;
    %wait E_0x564986702e60;
    %load/vec4 v0x564986763270_0;
    %flag_set/vec4 8;
    %jmp/0xz  T_13.0, 8;
    %load/vec4 v0x5649867634f0_0;
    %assign/vec4 v0x5649867638c0_0, 0;
    %jmp T_13.1;
T_13.0 ;
    %load/vec4 v0x5649867622f0_0;
    %assign/vec4 v0x5649867638c0_0, 0;
T_13.1 ;
    %jmp T_13;
    .thread T_13, $push;
    .scope S_0x5649866dade0;
T_14 ;
    %wait E_0x5649866e03f0;
    %load/vec4 v0x56498676c780_0;
    %subi 127, 0, 9;
    %store/vec4 v0x56498676c6a0_0, 0, 9;
    %load/vec4 v0x56498676cb00_0;
    %nor/r;
    %flag_set/vec4 8;
    %jmp/0xz  T_14.0, 8;
    %load/vec4 v0x56498676cd80_0;
    %parti/s 18, 18, 6;
    %store/vec4 v0x56498676ca20_0, 0, 18;
    %jmp T_14.1;
T_14.0 ;
    %load/vec4 v0x56498676cd80_0;
    %parti/s 18, 19, 6;
    %store/vec4 v0x56498676ca20_0, 0, 18;
    %load/vec4 v0x56498676c6a0_0;
    %addi 1, 0, 9;
    %store/vec4 v0x56498676c6a0_0, 0, 9;
T_14.1 ;
    %jmp T_14;
    .thread T_14, $push;
    .scope S_0x5649866d2950;
T_15 ;
    %wait E_0x564986736930;
    %load/vec4 v0x56498676dbe0_0;
    %nor/r;
    %flag_set/vec4 8;
    %jmp/0xz  T_15.0, 8;
    %pushi/vec4 0, 0, 27;
    %assign/vec4 v0x56498676dde0_0, 0;
    %pushi/vec4 0, 0, 27;
    %assign/vec4 v0x56498676de80_0, 0;
    %pushi/vec4 0, 0, 27;
    %assign/vec4 v0x56498676df20_0, 0;
    %pushi/vec4 0, 0, 27;
    %assign/vec4 v0x56498676dfe0_0, 0;
    %pushi/vec4 0, 0, 27;
    %assign/vec4 v0x56498676e0c0_0, 0;
    %pushi/vec4 0, 0, 27;
    %assign/vec4 v0x56498676e1a0_0, 0;
    %pushi/vec4 0, 0, 27;
    %assign/vec4 v0x56498676e280_0, 0;
    %pushi/vec4 0, 0, 27;
    %assign/vec4 v0x56498676e370_0, 0;
    %jmp T_15.1;
T_15.0 ;
    %load/vec4 v0x56498676e5e0_0;
    %assign/vec4 v0x56498676dde0_0, 0;
    %load/vec4 v0x56498676e6d0_0;
    %assign/vec4 v0x56498676de80_0, 0;
    %load/vec4 v0x56498676e790_0;
    %assign/vec4 v0x56498676df20_0, 0;
    %load/vec4 v0x56498676e850_0;
    %assign/vec4 v0x56498676dfe0_0, 0;
    %load/vec4 v0x56498676e910_0;
    %assign/vec4 v0x56498676e0c0_0, 0;
    %load/vec4 v0x56498676e9d0_0;
    %assign/vec4 v0x56498676e1a0_0, 0;
    %load/vec4 v0x56498676eab0_0;
    %assign/vec4 v0x56498676e280_0, 0;
    %load/vec4 v0x56498676eba0_0;
    %assign/vec4 v0x56498676e370_0, 0;
T_15.1 ;
    %jmp T_15;
    .thread T_15;
    .scope S_0x5649866dbeb0;
T_16 ;
    %pushi/vec4 0, 0, 32;
    %store/vec4 v0x56498676eee0_0, 0, 32;
    %end;
    .thread T_16;
    .scope S_0x5649866dbeb0;
T_17 ;
T_17.0 ;
    %delay 5000, 0;
    %load/vec4 v0x56498676edd0_0;
    %nor/r;
    %store/vec4 v0x56498676edd0_0, 0, 1;
    %jmp T_17.0;
    %end;
    .thread T_17;
    .scope S_0x5649866dbeb0;
T_18 ;
    %vpi_func 2 33 "$fopen" 32, "module_output.txt", "w" {0 0 0};
    %store/vec4 v0x56498676f150_0, 0, 32;
    %vpi_func 2 34 "$fopen" 32, "float.txt", "r" {0 0 0};
    %store/vec4 v0x56498676f280_0, 0, 32;
    %pushi/vec4 0, 0, 1;
    %store/vec4 v0x56498676edd0_0, 0, 1;
    %pushi/vec4 0, 0, 1;
    %store/vec4 v0x56498676f440_0, 0, 1;
    %delay 2000, 0;
    %pushi/vec4 1, 0, 1;
    %store/vec4 v0x56498676f440_0, 0, 1;
T_18.0 ;
    %vpi_func 2 41 "$feof" 32, v0x56498676f280_0 {0 0 0};
    %nor/r;
    %flag_set/vec4 8;
    %jmp/0xz T_18.1, 8;
    %vpi_func 2 43 "$fscanf" 32, v0x56498676f280_0, "%b\012", v0x56498676efc0_0 {0 0 0};
    %store/vec4 v0x56498676f360_0, 0, 32;
    %delay 10000, 0;
    %jmp T_18.0;
T_18.1 ;
    %delay 40000, 0;
    %vpi_func 2 48 "$feof" 32, v0x56498676f280_0 {0 0 0};
    %cmpi/ne 0, 0, 32;
    %jmp/0xz  T_18.2, 4;
    %vpi_call 2 50 "$fclose", v0x56498676f280_0 {0 0 0};
    %vpi_call 2 51 "$finish" {0 0 0};
T_18.2 ;
    %end;
    .thread T_18;
    .scope S_0x5649866dbeb0;
T_19 ;
    %wait E_0x5649866f10a0;
    %vpi_call 2 58 "$fwrite", v0x56498676f150_0, "%b\012", v0x56498676f060_0 {0 0 0};
    %jmp T_19;
    .thread T_19;
# The file index is used to find the file name in the following table.
:file_names 6;
    "N/A";
    "<interactive>";
    "fast_inv_sqrt_tb.v";
    "fast_inv_sqrt.v";
    "FpAdd.v";
    "fp_mul_new.v";
