#! /usr/bin/vvp
:ivl_version "11.0 (stable)";
:ivl_delay_selection "TYPICAL";
:vpi_time_precision - 12;
:vpi_module "/usr/lib/x86_64-linux-gnu/ivl/system.vpi";
:vpi_module "/usr/lib/x86_64-linux-gnu/ivl/vhdl_sys.vpi";
:vpi_module "/usr/lib/x86_64-linux-gnu/ivl/vhdl_textio.vpi";
:vpi_module "/usr/lib/x86_64-linux-gnu/ivl/v2005_math.vpi";
:vpi_module "/usr/lib/x86_64-linux-gnu/ivl/va_math.vpi";
S_0x55fdbe610cc0 .scope module, "fast_inv_sqrt_tb" "fast_inv_sqrt_tb" 2 3;
 .timescale -9 -12;
v0x55fdbe6a48d0_0 .var "clk", 0 0;
v0x55fdbe6a49e0_0 .var "data_in", 26 0;
v0x55fdbe6a4aa0_0 .net "data_out", 26 0, L_0x55fdbe6c0590;  1 drivers
v0x55fdbe6a4b90_0 .var/i "f1", 31 0;
v0x55fdbe6a4c50_0 .var/i "f2", 31 0;
v0x55fdbe6a4d80_0 .var "input_count", 5 0;
v0x55fdbe6a4e60_0 .var/i "res", 31 0;
v0x55fdbe6a4f40_0 .var "rst", 0 0;
E_0x55fdbe626b80 .event posedge, v0x55fdbe697ed0_0;
S_0x55fdbe607760 .scope module, "DUT" "fast_inv_sqrt" 2 18, 3 9 0, S_0x55fdbe610cc0;
 .timescale 0 0;
    .port_info 0 /INPUT 1 "i_clk";
    .port_info 1 /INPUT 1 "i_rst";
    .port_info 2 /INPUT 27 "i_x";
    .port_info 3 /OUTPUT 27 "o_inv_sqrt";
L_0x55fdbe6bbde0 .functor BUFZ 27, v0x55fdbe6a3a20_0, C4<000000000000000000000000000>, C4<000000000000000000000000000>, C4<000000000000000000000000000>;
L_0x55fdbe6bcd00 .functor NOT 1, L_0x55fdbe6bcc60, C4<0>, C4<0>, C4<0>;
L_0x55fdbe6bd030 .functor BUFZ 27, v0x55fdbe6a3bc0_0, C4<000000000000000000000000000>, C4<000000000000000000000000000>, C4<000000000000000000000000000>;
L_0x55fdbe6bd0a0 .functor BUFZ 27, v0x55fdbe6a3ca0_0, C4<000000000000000000000000000>, C4<000000000000000000000000000>, C4<000000000000000000000000000>;
v0x55fdbe6a2e80_0 .net *"_ivl_10", 25 0, L_0x55fdbe6b52a0;  1 drivers
L_0x7f2a26b2a060 .functor BUFT 1, C4<0>, C4<0>, C4<0>, C4<0>;
v0x55fdbe6a2f60_0 .net *"_ivl_12", 0 0, L_0x7f2a26b2a060;  1 drivers
L_0x7f2a26b2a0a8 .functor BUFT 1, C4<00000001>, C4<0>, C4<0>, C4<0>;
v0x55fdbe6a3040_0 .net/2u *"_ivl_16", 7 0, L_0x7f2a26b2a0a8;  1 drivers
v0x55fdbe6a3100_0 .net *"_ivl_18", 7 0, L_0x55fdbe6b5670;  1 drivers
v0x55fdbe6a31e0_0 .net *"_ivl_27", 0 0, L_0x55fdbe6bcc60;  1 drivers
v0x55fdbe6a32c0_0 .net *"_ivl_28", 0 0, L_0x55fdbe6bcd00;  1 drivers
v0x55fdbe6a33a0_0 .net *"_ivl_31", 25 0, L_0x55fdbe6bcdf0;  1 drivers
L_0x7f2a26b2a018 .functor BUFT 1, C4<010111110011011101011001110>, C4<0>, C4<0>, C4<0>;
v0x55fdbe6a3480_0 .net/2u *"_ivl_6", 26 0, L_0x7f2a26b2a018;  1 drivers
v0x55fdbe6a3560_0 .net *"_ivl_8", 26 0, L_0x55fdbe6b53d0;  1 drivers
v0x55fdbe6a3640_0 .net "i_clk", 0 0, v0x55fdbe6a48d0_0;  1 drivers
v0x55fdbe6a36e0_0 .net "i_rst", 0 0, v0x55fdbe6a4f40_0;  1 drivers
v0x55fdbe6a3780_0 .net "i_x", 26 0, v0x55fdbe6a49e0_0;  1 drivers
v0x55fdbe6a3820_0 .net "o_inv_sqrt", 26 0, L_0x55fdbe6c0590;  alias, 1 drivers
v0x55fdbe6a38e0_0 .var "r_s12_a", 26 0;
v0x55fdbe6a3980_0 .var "r_s12_b", 26 0;
v0x55fdbe6a3a20_0 .var "r_s12_c", 26 0;
v0x55fdbe6a3ae0_0 .var "r_s23_a", 26 0;
v0x55fdbe6a3bc0_0 .var "r_s23_b", 26 0;
v0x55fdbe6a3ca0_0 .var "r_s34_a", 26 0;
v0x55fdbe6a3d80_0 .var "r_s45_a", 26 0;
v0x55fdbe6a3e70_0 .var "r_s45_b", 26 0;
v0x55fdbe6a3f40_0 .net "w_exponent", 7 0, L_0x55fdbe6a5120;  1 drivers
v0x55fdbe6a4000_0 .net "w_mantissa", 17 0, L_0x55fdbe6a51c0;  1 drivers
v0x55fdbe6a40e0_0 .net "w_s12_a", 26 0, L_0x55fdbe6b8910;  1 drivers
v0x55fdbe6a41d0_0 .net "w_s12_b", 26 0, L_0x55fdbe6b57b0;  1 drivers
v0x55fdbe6a4290_0 .net "w_s12_c", 26 0, L_0x55fdbe6b54f0;  1 drivers
v0x55fdbe6a4350_0 .net "w_s23_a", 26 0, L_0x55fdbe6bbbc0;  1 drivers
v0x55fdbe6a4410_0 .net "w_s23_b", 26 0, L_0x55fdbe6bbde0;  1 drivers
v0x55fdbe6a44d0_0 .net "w_s34_a", 26 0, L_0x55fdbe6bd030;  1 drivers
v0x55fdbe6a45b0_0 .net "w_s45_a", 26 0, v0x55fdbe6993c0_0;  1 drivers
v0x55fdbe6a46a0_0 .net "w_s45_b", 26 0, L_0x55fdbe6bd0a0;  1 drivers
v0x55fdbe6a4760_0 .net "w_sign", 0 0, L_0x55fdbe6a5030;  1 drivers
L_0x55fdbe6a5030 .part v0x55fdbe6a49e0_0, 26, 1;
L_0x55fdbe6a5120 .part v0x55fdbe6a49e0_0, 18, 8;
L_0x55fdbe6a51c0 .part v0x55fdbe6a49e0_0, 0, 18;
L_0x55fdbe6b52a0 .part v0x55fdbe6a49e0_0, 1, 26;
L_0x55fdbe6b53d0 .concat [ 26 1 0 0], L_0x55fdbe6b52a0, L_0x7f2a26b2a060;
L_0x55fdbe6b54f0 .arith/sub 27, L_0x7f2a26b2a018, L_0x55fdbe6b53d0;
L_0x55fdbe6b5670 .arith/sub 8, L_0x55fdbe6a5120, L_0x7f2a26b2a0a8;
L_0x55fdbe6b57b0 .concat [ 18 8 1 0], L_0x55fdbe6a51c0, L_0x55fdbe6b5670, L_0x55fdbe6a5030;
L_0x55fdbe6bcc60 .part v0x55fdbe6a3ae0_0, 26, 1;
L_0x55fdbe6bcdf0 .part v0x55fdbe6a3ae0_0, 0, 26;
L_0x55fdbe6bcf40 .concat [ 26 1 0 0], L_0x55fdbe6bcdf0, L_0x55fdbe6bcd00;
S_0x55fdbe608830 .scope module, "a_inst1" "FpAdd" 3 72, 4 16 0, S_0x55fdbe607760;
 .timescale -9 -12;
    .port_info 0 /INPUT 1 "clk";
    .port_info 1 /INPUT 27 "in1";
    .port_info 2 /INPUT 27 "in2";
    .port_info 3 /OUTPUT 27 "sum";
    .port_info 4 /INPUT 1 "rst";
P_0x55fdbe67f2e0 .param/l "ex_end" 0 4 41, +C4<00000000000000000000000000011001>;
P_0x55fdbe67f320 .param/l "ex_st" 0 4 42, +C4<00000000000000000000000000010010>;
P_0x55fdbe67f360 .param/l "ma_end" 0 4 43, +C4<00000000000000000000000000010001>;
P_0x55fdbe67f3a0 .param/l "ma_st" 0 4 44, +C4<00000000000000000000000000000000>;
P_0x55fdbe67f3e0 .param/l "sign" 0 4 40, +C4<00000000000000000000000000011010>;
L_0x55fdbe6bc030 .functor XOR 1, L_0x55fdbe6bc140, L_0x55fdbe6bc1e0, C4<0>, C4<0>;
v0x55fdbe620c10_0 .net *"_ivl_1", 7 0, L_0x55fdbe6bbe50;  1 drivers
v0x55fdbe67e190_0 .net *"_ivl_13", 0 0, L_0x55fdbe6bc350;  1 drivers
v0x55fdbe67e230_0 .net *"_ivl_15", 17 0, L_0x55fdbe6bc430;  1 drivers
v0x55fdbe67d780_0 .net *"_ivl_16", 17 0, L_0x55fdbe6bc520;  1 drivers
v0x55fdbe67d820_0 .net *"_ivl_19", 17 0, L_0x55fdbe6bc660;  1 drivers
L_0x7f2a26b2a720 .functor BUFT 1, C4<1>, C4<0>, C4<0>, C4<0>;
v0x55fdbe667400_0 .net/2u *"_ivl_24", 0 0, L_0x7f2a26b2a720;  1 drivers
v0x55fdbe5ddd50_0 .net *"_ivl_27", 17 0, L_0x55fdbe6bc9c0;  1 drivers
v0x55fdbe697a70_0 .net *"_ivl_3", 7 0, L_0x55fdbe6bbef0;  1 drivers
v0x55fdbe697b50_0 .net *"_ivl_7", 0 0, L_0x55fdbe6bc140;  1 drivers
v0x55fdbe697c30_0 .net *"_ivl_9", 0 0, L_0x55fdbe6bc1e0;  1 drivers
v0x55fdbe697d10_0 .var "add_out", 19 0;
v0x55fdbe697df0_0 .var "add_result", 26 0;
v0x55fdbe697ed0_0 .net "clk", 0 0, v0x55fdbe6a48d0_0;  alias, 1 drivers
v0x55fdbe697f90_0 .var "expt_carry", 25 18;
v0x55fdbe698070_0 .net "final_add", 17 0, L_0x55fdbe6bc700;  1 drivers
v0x55fdbe698150_0 .var "final_sub", 17 0;
v0x55fdbe698230_0 .var "gr", 26 0;
v0x55fdbe698310_0 .net "gr_mant", 18 0, L_0x55fdbe6bcb20;  1 drivers
v0x55fdbe6983f0_0 .var "greater", 26 0;
L_0x7f2a26b2a768 .functor BUFT 1, C4<001111111100000000000000000>, C4<0>, C4<0>, C4<0>;
v0x55fdbe6984d0_0 .net "in1", 26 0, L_0x7f2a26b2a768;  1 drivers
v0x55fdbe6985b0_0 .net "in2", 26 0, L_0x55fdbe6bcf40;  1 drivers
v0x55fdbe698690_0 .var "net_expt", 25 18;
v0x55fdbe698770_0 .var "net_small", 18 0;
v0x55fdbe698850_0 .net "rst", 0 0, v0x55fdbe6a4f40_0;  alias, 1 drivers
v0x55fdbe698910_0 .var "sm", 19 0;
v0x55fdbe6989f0_0 .net "sm_mant", 18 0, L_0x55fdbe6bc8d0;  1 drivers
v0x55fdbe698ad0_0 .var "sm_shift", 25 18;
v0x55fdbe698bb0_0 .net "small_shift", 25 18, L_0x55fdbe6bbf90;  1 drivers
v0x55fdbe698c90_0 .var "smaller", 26 0;
v0x55fdbe698d70_0 .net "sub", 0 0, L_0x55fdbe6bc030;  1 drivers
v0x55fdbe698e30_0 .var "sub_expt", 7 0;
v0x55fdbe698f10_0 .var "sub_out", 18 0;
v0x55fdbe698ff0_0 .var "sub_result", 26 0;
v0x55fdbe6992e0_0 .var "sub_shift", 4 0;
v0x55fdbe6993c0_0 .var "sum", 26 0;
v0x55fdbe6994a0_0 .var "temp_sub", 18 0;
E_0x55fdbe638940 .event edge, v0x55fdbe698d70_0, v0x55fdbe698ff0_0, v0x55fdbe697df0_0;
E_0x55fdbe601ad0 .event edge, v0x55fdbe698230_0, v0x55fdbe698e30_0, v0x55fdbe698150_0;
E_0x55fdbe6800f0 .event edge, v0x55fdbe698f10_0, v0x55fdbe6992e0_0, v0x55fdbe6994a0_0;
E_0x55fdbe680130 .event edge, v0x55fdbe698690_0, v0x55fdbe6992e0_0;
E_0x55fdbe680230 .event edge, v0x55fdbe698f10_0;
E_0x55fdbe66cbc0 .event edge, v0x55fdbe698230_0, v0x55fdbe698910_0;
E_0x55fdbe66c150 .event edge, v0x55fdbe698230_0, v0x55fdbe697f90_0, v0x55fdbe698070_0;
E_0x55fdbe66d3a0 .event edge, v0x55fdbe698690_0, v0x55fdbe697d10_0;
E_0x55fdbe65f2b0/0 .event negedge, v0x55fdbe698850_0;
E_0x55fdbe65f2b0/1 .event posedge, v0x55fdbe697ed0_0;
E_0x55fdbe65f2b0 .event/or E_0x55fdbe65f2b0/0, E_0x55fdbe65f2b0/1;
E_0x55fdbe66b3e0 .event edge, v0x55fdbe6983f0_0, v0x55fdbe698c90_0, v0x55fdbe698bb0_0;
E_0x55fdbe612b10 .event edge, v0x55fdbe6984d0_0, v0x55fdbe6985b0_0;
L_0x55fdbe6bbe50 .part v0x55fdbe6983f0_0, 18, 8;
L_0x55fdbe6bbef0 .part v0x55fdbe698c90_0, 18, 8;
L_0x55fdbe6bbf90 .arith/sub 8, L_0x55fdbe6bbe50, L_0x55fdbe6bbef0;
L_0x55fdbe6bc140 .part v0x55fdbe698230_0, 26, 1;
L_0x55fdbe6bc1e0 .part v0x55fdbe698910_0, 19, 1;
L_0x55fdbe6bc350 .part v0x55fdbe697d10_0, 19, 1;
L_0x55fdbe6bc430 .part v0x55fdbe697d10_0, 1, 18;
L_0x55fdbe6bc520 .concat [ 18 0 0 0], L_0x55fdbe6bc430;
L_0x55fdbe6bc660 .part v0x55fdbe697d10_0, 0, 18;
L_0x55fdbe6bc700 .functor MUXZ 18, L_0x55fdbe6bc660, L_0x55fdbe6bc520, L_0x55fdbe6bc350, C4<>;
L_0x55fdbe6bc8d0 .part v0x55fdbe698910_0, 0, 19;
L_0x55fdbe6bc9c0 .part v0x55fdbe698230_0, 0, 18;
L_0x55fdbe6bcb20 .concat [ 18 1 0 0], L_0x55fdbe6bc9c0, L_0x7f2a26b2a720;
S_0x55fdbe60a000 .scope module, "m_inst1" "fp_mul" 3 65, 5 1 0, S_0x55fdbe607760;
 .timescale -9 -12;
    .port_info 0 /INPUT 27 "num1";
    .port_info 1 /INPUT 27 "num2";
    .port_info 2 /OUTPUT 27 "res";
L_0x55fdbe67d660 .functor AND 1, L_0x55fdbe6b5a30, L_0x55fdbe6b5b70, C4<1>, C4<1>;
L_0x55fdbe667250 .functor NOT 1, L_0x55fdbe67d660, C4<0>, C4<0>, C4<0>;
L_0x55fdbe6b64a0 .functor XOR 1, L_0x55fdbe6b5d80, L_0x55fdbe6b5e20, C4<0>, C4<0>;
L_0x55fdbe5dddf0 .functor NOT 1, L_0x55fdbe6b80f0, C4<0>, C4<0>, C4<0>;
L_0x55fdbe6b8370 .functor OR 1, L_0x55fdbe5dddf0, L_0x55fdbe667250, C4<0>, C4<0>;
v0x55fdbe6996e0_0 .net *"_ivl_1", 25 0, L_0x55fdbe6b5990;  1 drivers
v0x55fdbe6997e0_0 .net *"_ivl_100", 26 0, L_0x55fdbe6b87d0;  1 drivers
v0x55fdbe6998c0_0 .net *"_ivl_21", 7 0, L_0x55fdbe6b6090;  1 drivers
v0x55fdbe699980_0 .net *"_ivl_23", 0 0, L_0x55fdbe6b6130;  1 drivers
L_0x7f2a26b2a0f0 .functor BUFT 1, C4<1>, C4<0>, C4<0>, C4<0>;
v0x55fdbe699a40_0 .net/2u *"_ivl_24", 0 0, L_0x7f2a26b2a0f0;  1 drivers
v0x55fdbe699b70_0 .net *"_ivl_27", 17 0, L_0x55fdbe6b62b0;  1 drivers
v0x55fdbe699c50_0 .net *"_ivl_28", 18 0, L_0x55fdbe6b6380;  1 drivers
v0x55fdbe699d30_0 .net *"_ivl_3", 0 0, L_0x55fdbe6b5a30;  1 drivers
L_0x7f2a26b2a138 .functor BUFT 1, C4<0>, C4<0>, C4<0>, C4<0>;
v0x55fdbe699df0_0 .net/2u *"_ivl_30", 0 0, L_0x7f2a26b2a138;  1 drivers
v0x55fdbe699ed0_0 .net *"_ivl_33", 17 0, L_0x55fdbe6b6560;  1 drivers
v0x55fdbe699fb0_0 .net *"_ivl_34", 18 0, L_0x55fdbe6b6600;  1 drivers
v0x55fdbe69a090_0 .net *"_ivl_39", 7 0, L_0x55fdbe6b6950;  1 drivers
v0x55fdbe69a170_0 .net *"_ivl_41", 0 0, L_0x55fdbe6b6a80;  1 drivers
L_0x7f2a26b2a180 .functor BUFT 1, C4<1>, C4<0>, C4<0>, C4<0>;
v0x55fdbe69a230_0 .net/2u *"_ivl_42", 0 0, L_0x7f2a26b2a180;  1 drivers
v0x55fdbe69a310_0 .net *"_ivl_45", 17 0, L_0x55fdbe6b6b70;  1 drivers
v0x55fdbe69a3f0_0 .net *"_ivl_46", 18 0, L_0x55fdbe6b6cb0;  1 drivers
L_0x7f2a26b2a1c8 .functor BUFT 1, C4<0>, C4<0>, C4<0>, C4<0>;
v0x55fdbe69a4d0_0 .net/2u *"_ivl_48", 0 0, L_0x7f2a26b2a1c8;  1 drivers
v0x55fdbe69a5b0_0 .net *"_ivl_5", 25 0, L_0x55fdbe6b5ad0;  1 drivers
v0x55fdbe69a690_0 .net *"_ivl_51", 17 0, L_0x55fdbe6b6df0;  1 drivers
v0x55fdbe69a770_0 .net *"_ivl_52", 18 0, L_0x55fdbe6b6c10;  1 drivers
v0x55fdbe69a850_0 .net *"_ivl_58", 8 0, L_0x55fdbe6b7300;  1 drivers
L_0x7f2a26b2a210 .functor BUFT 1, C4<0>, C4<0>, C4<0>, C4<0>;
v0x55fdbe69a930_0 .net *"_ivl_61", 0 0, L_0x7f2a26b2a210;  1 drivers
v0x55fdbe69aa10_0 .net *"_ivl_62", 8 0, L_0x55fdbe6b7440;  1 drivers
L_0x7f2a26b2a258 .functor BUFT 1, C4<0>, C4<0>, C4<0>, C4<0>;
v0x55fdbe69aaf0_0 .net *"_ivl_65", 0 0, L_0x7f2a26b2a258;  1 drivers
v0x55fdbe69abd0_0 .net *"_ivl_68", 37 0, L_0x55fdbe6b7740;  1 drivers
v0x55fdbe69acb0_0 .net *"_ivl_7", 0 0, L_0x55fdbe6b5b70;  1 drivers
L_0x7f2a26b2a2a0 .functor BUFT 1, C4<0000000000000000000>, C4<0>, C4<0>, C4<0>;
v0x55fdbe69ad70_0 .net *"_ivl_71", 18 0, L_0x7f2a26b2a2a0;  1 drivers
v0x55fdbe69ae50_0 .net *"_ivl_72", 37 0, L_0x55fdbe6b7960;  1 drivers
L_0x7f2a26b2a2e8 .functor BUFT 1, C4<0000000000000000000>, C4<0>, C4<0>, C4<0>;
v0x55fdbe69af30_0 .net *"_ivl_75", 18 0, L_0x7f2a26b2a2e8;  1 drivers
v0x55fdbe69b010_0 .net *"_ivl_79", 0 0, L_0x55fdbe6b7cd0;  1 drivers
L_0x7f2a26b2a330 .functor BUFT 1, C4<1>, C4<0>, C4<0>, C4<0>;
v0x55fdbe69b0f0_0 .net/2u *"_ivl_80", 0 0, L_0x7f2a26b2a330;  1 drivers
L_0x7f2a26b2a378 .functor BUFT 1, C4<0>, C4<0>, C4<0>, C4<0>;
v0x55fdbe69b1d0_0 .net/2u *"_ivl_82", 0 0, L_0x7f2a26b2a378;  1 drivers
v0x55fdbe69b2b0_0 .net *"_ivl_86", 26 0, L_0x55fdbe6b8050;  1 drivers
v0x55fdbe69b5a0_0 .net *"_ivl_89", 0 0, L_0x55fdbe6b80f0;  1 drivers
v0x55fdbe69b660_0 .net *"_ivl_9", 0 0, L_0x55fdbe67d660;  1 drivers
v0x55fdbe69b720_0 .net *"_ivl_93", 0 0, L_0x55fdbe6b8370;  1 drivers
L_0x7f2a26b2a3c0 .functor BUFT 1, C4<00000000000000000000000000>, C4<0>, C4<0>, C4<0>;
v0x55fdbe69b7e0_0 .net/2u *"_ivl_94", 25 0, L_0x7f2a26b2a3c0;  1 drivers
v0x55fdbe69b8c0_0 .net *"_ivl_96", 26 0, L_0x55fdbe6b8480;  1 drivers
v0x55fdbe69b9a0_0 .net *"_ivl_99", 7 0, L_0x55fdbe6b85c0;  1 drivers
v0x55fdbe69ba80_0 .net "exp_a", 7 0, L_0x55fdbe6b5f00;  1 drivers
v0x55fdbe69bb60_0 .net "exp_b", 7 0, L_0x55fdbe6b5fa0;  1 drivers
v0x55fdbe69bc40_0 .var "exp_res", 8 0;
v0x55fdbe69bd20_0 .net "exp_sum", 8 0, L_0x55fdbe6b7650;  1 drivers
v0x55fdbe69be00_0 .net "frac_a", 18 0, L_0x55fdbe6b67c0;  1 drivers
v0x55fdbe69bee0_0 .net "frac_b", 18 0, L_0x55fdbe6b7010;  1 drivers
v0x55fdbe69bfc0_0 .var "mantissa", 17 0;
v0x55fdbe69c0a0_0 .net "norm", 0 0, L_0x55fdbe6b7dc0;  1 drivers
v0x55fdbe69c160_0 .net "num1", 26 0, L_0x55fdbe6b54f0;  alias, 1 drivers
v0x55fdbe69c240_0 .net "num2", 26 0, L_0x55fdbe6b54f0;  alias, 1 drivers
v0x55fdbe69c300_0 .net "prod", 37 0, L_0x55fdbe6b7aa0;  1 drivers
v0x55fdbe69c3c0_0 .net "res", 26 0, L_0x55fdbe6b8910;  alias, 1 drivers
v0x55fdbe69c4a0_0 .net "sign_a", 0 0, L_0x55fdbe6b5d80;  1 drivers
v0x55fdbe69c560_0 .net "sign_b", 0 0, L_0x55fdbe6b5e20;  1 drivers
v0x55fdbe69c620_0 .net "sign_res", 0 0, L_0x55fdbe6b64a0;  1 drivers
v0x55fdbe69c6e0_0 .net "zero", 0 0, L_0x55fdbe667250;  1 drivers
v0x55fdbe69c7a0_0 .net "zero_res", 0 0, L_0x55fdbe5dddf0;  1 drivers
E_0x55fdbe61e4e0 .event edge, v0x55fdbe69bd20_0, v0x55fdbe69c0a0_0, v0x55fdbe69c300_0, v0x55fdbe69bc40_0;
L_0x55fdbe6b5990 .part L_0x55fdbe6b54f0, 0, 26;
L_0x55fdbe6b5a30 .reduce/or L_0x55fdbe6b5990;
L_0x55fdbe6b5ad0 .part L_0x55fdbe6b54f0, 0, 26;
L_0x55fdbe6b5b70 .reduce/or L_0x55fdbe6b5ad0;
L_0x55fdbe6b5d80 .part L_0x55fdbe6b54f0, 26, 1;
L_0x55fdbe6b5e20 .part L_0x55fdbe6b54f0, 26, 1;
L_0x55fdbe6b5f00 .part L_0x55fdbe6b54f0, 18, 8;
L_0x55fdbe6b5fa0 .part L_0x55fdbe6b54f0, 18, 8;
L_0x55fdbe6b6090 .part L_0x55fdbe6b54f0, 18, 8;
L_0x55fdbe6b6130 .reduce/or L_0x55fdbe6b6090;
L_0x55fdbe6b62b0 .part L_0x55fdbe6b54f0, 0, 18;
L_0x55fdbe6b6380 .concat [ 18 1 0 0], L_0x55fdbe6b62b0, L_0x7f2a26b2a0f0;
L_0x55fdbe6b6560 .part L_0x55fdbe6b54f0, 0, 18;
L_0x55fdbe6b6600 .concat [ 18 1 0 0], L_0x55fdbe6b6560, L_0x7f2a26b2a138;
L_0x55fdbe6b67c0 .functor MUXZ 19, L_0x55fdbe6b6600, L_0x55fdbe6b6380, L_0x55fdbe6b6130, C4<>;
L_0x55fdbe6b6950 .part L_0x55fdbe6b54f0, 18, 8;
L_0x55fdbe6b6a80 .reduce/or L_0x55fdbe6b6950;
L_0x55fdbe6b6b70 .part L_0x55fdbe6b54f0, 0, 18;
L_0x55fdbe6b6cb0 .concat [ 18 1 0 0], L_0x55fdbe6b6b70, L_0x7f2a26b2a180;
L_0x55fdbe6b6df0 .part L_0x55fdbe6b54f0, 0, 18;
L_0x55fdbe6b6c10 .concat [ 18 1 0 0], L_0x55fdbe6b6df0, L_0x7f2a26b2a1c8;
L_0x55fdbe6b7010 .functor MUXZ 19, L_0x55fdbe6b6c10, L_0x55fdbe6b6cb0, L_0x55fdbe6b6a80, C4<>;
L_0x55fdbe6b7300 .concat [ 8 1 0 0], L_0x55fdbe6b5f00, L_0x7f2a26b2a210;
L_0x55fdbe6b7440 .concat [ 8 1 0 0], L_0x55fdbe6b5fa0, L_0x7f2a26b2a258;
L_0x55fdbe6b7650 .arith/sum 9, L_0x55fdbe6b7300, L_0x55fdbe6b7440;
L_0x55fdbe6b7740 .concat [ 19 19 0 0], L_0x55fdbe6b67c0, L_0x7f2a26b2a2a0;
L_0x55fdbe6b7960 .concat [ 19 19 0 0], L_0x55fdbe6b7010, L_0x7f2a26b2a2e8;
L_0x55fdbe6b7aa0 .arith/mult 38, L_0x55fdbe6b7740, L_0x55fdbe6b7960;
L_0x55fdbe6b7cd0 .part L_0x55fdbe6b7aa0, 36, 1;
L_0x55fdbe6b7dc0 .functor MUXZ 1, L_0x7f2a26b2a378, L_0x7f2a26b2a330, L_0x55fdbe6b7cd0, C4<>;
L_0x55fdbe6b8050 .concat [ 18 9 0 0], v0x55fdbe69bfc0_0, v0x55fdbe69bc40_0;
L_0x55fdbe6b80f0 .reduce/or L_0x55fdbe6b8050;
L_0x55fdbe6b8480 .concat [ 26 1 0 0], L_0x7f2a26b2a3c0, L_0x55fdbe6b64a0;
L_0x55fdbe6b85c0 .part v0x55fdbe69bc40_0, 0, 8;
L_0x55fdbe6b87d0 .concat [ 18 8 1 0], v0x55fdbe69bfc0_0, L_0x55fdbe6b85c0, L_0x55fdbe6b64a0;
L_0x55fdbe6b8910 .functor MUXZ 27, L_0x55fdbe6b87d0, L_0x55fdbe6b8480, L_0x55fdbe6b8370, C4<>;
S_0x55fdbe60b0d0 .scope module, "m_inst2" "fp_mul" 3 68, 5 1 0, S_0x55fdbe607760;
 .timescale -9 -12;
    .port_info 0 /INPUT 27 "num1";
    .port_info 1 /INPUT 27 "num2";
    .port_info 2 /OUTPUT 27 "res";
L_0x55fdbe6b8ef0 .functor AND 1, L_0x55fdbe6b8c20, L_0x55fdbe6b8e00, C4<1>, C4<1>;
L_0x55fdbe6b9000 .functor NOT 1, L_0x55fdbe6b8ef0, C4<0>, C4<0>, C4<0>;
L_0x55fdbe6b9740 .functor XOR 1, L_0x55fdbe6b90c0, L_0x55fdbe6b9160, C4<0>, C4<0>;
L_0x55fdbe6ba910 .functor NOT 1, L_0x55fdbe6bb3d0, C4<0>, C4<0>, C4<0>;
L_0x55fdbe6bb620 .functor OR 1, L_0x55fdbe6ba910, L_0x55fdbe6b9000, C4<0>, C4<0>;
v0x55fdbe69c960_0 .net *"_ivl_1", 25 0, L_0x55fdbe6b8b30;  1 drivers
v0x55fdbe69ca60_0 .net *"_ivl_100", 26 0, L_0x55fdbe6bba80;  1 drivers
v0x55fdbe69cb40_0 .net *"_ivl_21", 7 0, L_0x55fdbe6b9460;  1 drivers
v0x55fdbe69cc00_0 .net *"_ivl_23", 0 0, L_0x55fdbe6b9500;  1 drivers
L_0x7f2a26b2a408 .functor BUFT 1, C4<1>, C4<0>, C4<0>, C4<0>;
v0x55fdbe69ccc0_0 .net/2u *"_ivl_24", 0 0, L_0x7f2a26b2a408;  1 drivers
v0x55fdbe69cdf0_0 .net *"_ivl_27", 17 0, L_0x55fdbe6b9600;  1 drivers
v0x55fdbe69ced0_0 .net *"_ivl_28", 18 0, L_0x55fdbe6b96a0;  1 drivers
v0x55fdbe69cfb0_0 .net *"_ivl_3", 0 0, L_0x55fdbe6b8c20;  1 drivers
L_0x7f2a26b2a450 .functor BUFT 1, C4<0>, C4<0>, C4<0>, C4<0>;
v0x55fdbe69d070_0 .net/2u *"_ivl_30", 0 0, L_0x7f2a26b2a450;  1 drivers
v0x55fdbe69d150_0 .net *"_ivl_33", 17 0, L_0x55fdbe6b97b0;  1 drivers
v0x55fdbe69d230_0 .net *"_ivl_34", 18 0, L_0x55fdbe6b9850;  1 drivers
v0x55fdbe69d310_0 .net *"_ivl_39", 7 0, L_0x55fdbe6b9ba0;  1 drivers
v0x55fdbe69d3f0_0 .net *"_ivl_41", 0 0, L_0x55fdbe6b9cd0;  1 drivers
L_0x7f2a26b2a498 .functor BUFT 1, C4<1>, C4<0>, C4<0>, C4<0>;
v0x55fdbe69d4b0_0 .net/2u *"_ivl_42", 0 0, L_0x7f2a26b2a498;  1 drivers
v0x55fdbe69d590_0 .net *"_ivl_45", 17 0, L_0x55fdbe6b9dc0;  1 drivers
v0x55fdbe69d670_0 .net *"_ivl_46", 18 0, L_0x55fdbe6b9f00;  1 drivers
L_0x7f2a26b2a4e0 .functor BUFT 1, C4<0>, C4<0>, C4<0>, C4<0>;
v0x55fdbe69d750_0 .net/2u *"_ivl_48", 0 0, L_0x7f2a26b2a4e0;  1 drivers
v0x55fdbe69d830_0 .net *"_ivl_5", 25 0, L_0x55fdbe6b8d10;  1 drivers
v0x55fdbe69d910_0 .net *"_ivl_51", 17 0, L_0x55fdbe6ba040;  1 drivers
v0x55fdbe69d9f0_0 .net *"_ivl_52", 18 0, L_0x55fdbe6b9e60;  1 drivers
v0x55fdbe69dad0_0 .net *"_ivl_58", 8 0, L_0x55fdbe6ba520;  1 drivers
L_0x7f2a26b2a528 .functor BUFT 1, C4<0>, C4<0>, C4<0>, C4<0>;
v0x55fdbe69dbb0_0 .net *"_ivl_61", 0 0, L_0x7f2a26b2a528;  1 drivers
v0x55fdbe69dc90_0 .net *"_ivl_62", 8 0, L_0x55fdbe6ba660;  1 drivers
L_0x7f2a26b2a570 .functor BUFT 1, C4<0>, C4<0>, C4<0>, C4<0>;
v0x55fdbe69dd70_0 .net *"_ivl_65", 0 0, L_0x7f2a26b2a570;  1 drivers
v0x55fdbe69de50_0 .net *"_ivl_68", 37 0, L_0x55fdbe6baa20;  1 drivers
v0x55fdbe69df30_0 .net *"_ivl_7", 0 0, L_0x55fdbe6b8e00;  1 drivers
L_0x7f2a26b2a5b8 .functor BUFT 1, C4<0000000000000000000>, C4<0>, C4<0>, C4<0>;
v0x55fdbe69dff0_0 .net *"_ivl_71", 18 0, L_0x7f2a26b2a5b8;  1 drivers
v0x55fdbe69e0d0_0 .net *"_ivl_72", 37 0, L_0x55fdbe6bac40;  1 drivers
L_0x7f2a26b2a600 .functor BUFT 1, C4<0000000000000000000>, C4<0>, C4<0>, C4<0>;
v0x55fdbe69e1b0_0 .net *"_ivl_75", 18 0, L_0x7f2a26b2a600;  1 drivers
v0x55fdbe69e290_0 .net *"_ivl_79", 0 0, L_0x55fdbe6bafb0;  1 drivers
L_0x7f2a26b2a648 .functor BUFT 1, C4<1>, C4<0>, C4<0>, C4<0>;
v0x55fdbe69e370_0 .net/2u *"_ivl_80", 0 0, L_0x7f2a26b2a648;  1 drivers
L_0x7f2a26b2a690 .functor BUFT 1, C4<0>, C4<0>, C4<0>, C4<0>;
v0x55fdbe69e450_0 .net/2u *"_ivl_82", 0 0, L_0x7f2a26b2a690;  1 drivers
v0x55fdbe69e530_0 .net *"_ivl_86", 26 0, L_0x55fdbe6bb330;  1 drivers
v0x55fdbe69e820_0 .net *"_ivl_89", 0 0, L_0x55fdbe6bb3d0;  1 drivers
v0x55fdbe69e8e0_0 .net *"_ivl_9", 0 0, L_0x55fdbe6b8ef0;  1 drivers
v0x55fdbe69e9a0_0 .net *"_ivl_93", 0 0, L_0x55fdbe6bb620;  1 drivers
L_0x7f2a26b2a6d8 .functor BUFT 1, C4<00000000000000000000000000>, C4<0>, C4<0>, C4<0>;
v0x55fdbe69ea60_0 .net/2u *"_ivl_94", 25 0, L_0x7f2a26b2a6d8;  1 drivers
v0x55fdbe69eb40_0 .net *"_ivl_96", 26 0, L_0x55fdbe6bb730;  1 drivers
v0x55fdbe69ec20_0 .net *"_ivl_99", 7 0, L_0x55fdbe6bb870;  1 drivers
v0x55fdbe69ed00_0 .net "exp_a", 7 0, L_0x55fdbe6b9240;  1 drivers
v0x55fdbe69ede0_0 .net "exp_b", 7 0, L_0x55fdbe6b92e0;  1 drivers
v0x55fdbe69eec0_0 .var "exp_res", 8 0;
v0x55fdbe69efa0_0 .net "exp_sum", 8 0, L_0x55fdbe6ba870;  1 drivers
v0x55fdbe69f080_0 .net "frac_a", 18 0, L_0x55fdbe6b9a10;  1 drivers
v0x55fdbe69f160_0 .net "frac_b", 18 0, L_0x55fdbe6ba230;  1 drivers
v0x55fdbe69f240_0 .var "mantissa", 17 0;
v0x55fdbe69f320_0 .net "norm", 0 0, L_0x55fdbe6bb0a0;  1 drivers
v0x55fdbe69f3e0_0 .net "num1", 26 0, v0x55fdbe6a38e0_0;  1 drivers
v0x55fdbe69f4c0_0 .net "num2", 26 0, v0x55fdbe6a3980_0;  1 drivers
v0x55fdbe69f5a0_0 .net "prod", 37 0, L_0x55fdbe6bad80;  1 drivers
v0x55fdbe69f680_0 .net "res", 26 0, L_0x55fdbe6bbbc0;  alias, 1 drivers
v0x55fdbe69f760_0 .net "sign_a", 0 0, L_0x55fdbe6b90c0;  1 drivers
v0x55fdbe69f820_0 .net "sign_b", 0 0, L_0x55fdbe6b9160;  1 drivers
v0x55fdbe69f8e0_0 .net "sign_res", 0 0, L_0x55fdbe6b9740;  1 drivers
v0x55fdbe69f9a0_0 .net "zero", 0 0, L_0x55fdbe6b9000;  1 drivers
v0x55fdbe69fa60_0 .net "zero_res", 0 0, L_0x55fdbe6ba910;  1 drivers
E_0x55fdbe6630a0 .event edge, v0x55fdbe69efa0_0, v0x55fdbe69f320_0, v0x55fdbe69f5a0_0, v0x55fdbe69eec0_0;
L_0x55fdbe6b8b30 .part v0x55fdbe6a38e0_0, 0, 26;
L_0x55fdbe6b8c20 .reduce/or L_0x55fdbe6b8b30;
L_0x55fdbe6b8d10 .part v0x55fdbe6a3980_0, 0, 26;
L_0x55fdbe6b8e00 .reduce/or L_0x55fdbe6b8d10;
L_0x55fdbe6b90c0 .part v0x55fdbe6a38e0_0, 26, 1;
L_0x55fdbe6b9160 .part v0x55fdbe6a3980_0, 26, 1;
L_0x55fdbe6b9240 .part v0x55fdbe6a38e0_0, 18, 8;
L_0x55fdbe6b92e0 .part v0x55fdbe6a3980_0, 18, 8;
L_0x55fdbe6b9460 .part v0x55fdbe6a38e0_0, 18, 8;
L_0x55fdbe6b9500 .reduce/or L_0x55fdbe6b9460;
L_0x55fdbe6b9600 .part v0x55fdbe6a38e0_0, 0, 18;
L_0x55fdbe6b96a0 .concat [ 18 1 0 0], L_0x55fdbe6b9600, L_0x7f2a26b2a408;
L_0x55fdbe6b97b0 .part v0x55fdbe6a38e0_0, 0, 18;
L_0x55fdbe6b9850 .concat [ 18 1 0 0], L_0x55fdbe6b97b0, L_0x7f2a26b2a450;
L_0x55fdbe6b9a10 .functor MUXZ 19, L_0x55fdbe6b9850, L_0x55fdbe6b96a0, L_0x55fdbe6b9500, C4<>;
L_0x55fdbe6b9ba0 .part v0x55fdbe6a3980_0, 18, 8;
L_0x55fdbe6b9cd0 .reduce/or L_0x55fdbe6b9ba0;
L_0x55fdbe6b9dc0 .part v0x55fdbe6a3980_0, 0, 18;
L_0x55fdbe6b9f00 .concat [ 18 1 0 0], L_0x55fdbe6b9dc0, L_0x7f2a26b2a498;
L_0x55fdbe6ba040 .part v0x55fdbe6a3980_0, 0, 18;
L_0x55fdbe6b9e60 .concat [ 18 1 0 0], L_0x55fdbe6ba040, L_0x7f2a26b2a4e0;
L_0x55fdbe6ba230 .functor MUXZ 19, L_0x55fdbe6b9e60, L_0x55fdbe6b9f00, L_0x55fdbe6b9cd0, C4<>;
L_0x55fdbe6ba520 .concat [ 8 1 0 0], L_0x55fdbe6b9240, L_0x7f2a26b2a528;
L_0x55fdbe6ba660 .concat [ 8 1 0 0], L_0x55fdbe6b92e0, L_0x7f2a26b2a570;
L_0x55fdbe6ba870 .arith/sum 9, L_0x55fdbe6ba520, L_0x55fdbe6ba660;
L_0x55fdbe6baa20 .concat [ 19 19 0 0], L_0x55fdbe6b9a10, L_0x7f2a26b2a5b8;
L_0x55fdbe6bac40 .concat [ 19 19 0 0], L_0x55fdbe6ba230, L_0x7f2a26b2a600;
L_0x55fdbe6bad80 .arith/mult 38, L_0x55fdbe6baa20, L_0x55fdbe6bac40;
L_0x55fdbe6bafb0 .part L_0x55fdbe6bad80, 36, 1;
L_0x55fdbe6bb0a0 .functor MUXZ 1, L_0x7f2a26b2a690, L_0x7f2a26b2a648, L_0x55fdbe6bafb0, C4<>;
L_0x55fdbe6bb330 .concat [ 18 9 0 0], v0x55fdbe69f240_0, v0x55fdbe69eec0_0;
L_0x55fdbe6bb3d0 .reduce/or L_0x55fdbe6bb330;
L_0x55fdbe6bb730 .concat [ 26 1 0 0], L_0x7f2a26b2a6d8, L_0x55fdbe6b9740;
L_0x55fdbe6bb870 .part v0x55fdbe69eec0_0, 0, 8;
L_0x55fdbe6bba80 .concat [ 18 8 1 0], v0x55fdbe69f240_0, L_0x55fdbe6bb870, L_0x55fdbe6b9740;
L_0x55fdbe6bbbc0 .functor MUXZ 27, L_0x55fdbe6bba80, L_0x55fdbe6bb730, L_0x55fdbe6bb620, C4<>;
S_0x55fdbe60fbf0 .scope module, "m_inst3" "fp_mul" 3 79, 5 1 0, S_0x55fdbe607760;
 .timescale -9 -12;
    .port_info 0 /INPUT 27 "num1";
    .port_info 1 /INPUT 27 "num2";
    .port_info 2 /OUTPUT 27 "res";
L_0x55fdbe6bd5c0 .functor AND 1, L_0x55fdbe6bd2c0, L_0x55fdbe6bd4a0, C4<1>, C4<1>;
L_0x55fdbe6bd6d0 .functor NOT 1, L_0x55fdbe6bd5c0, C4<0>, C4<0>, C4<0>;
L_0x55fdbe6bde70 .functor XOR 1, L_0x55fdbe6bd790, L_0x55fdbe6bd830, C4<0>, C4<0>;
L_0x55fdbe6bf2b0 .functor NOT 1, L_0x55fdbe6bfd70, C4<0>, C4<0>, C4<0>;
L_0x55fdbe6bfff0 .functor OR 1, L_0x55fdbe6bf2b0, L_0x55fdbe6bd6d0, C4<0>, C4<0>;
v0x55fdbe69fc40_0 .net *"_ivl_1", 25 0, L_0x55fdbe6bd1a0;  1 drivers
v0x55fdbe69fd40_0 .net *"_ivl_100", 26 0, L_0x55fdbe6c0450;  1 drivers
v0x55fdbe69fe20_0 .net *"_ivl_21", 7 0, L_0x55fdbe6bdad0;  1 drivers
v0x55fdbe69fee0_0 .net *"_ivl_23", 0 0, L_0x55fdbe6bdba0;  1 drivers
L_0x7f2a26b2a7b0 .functor BUFT 1, C4<1>, C4<0>, C4<0>, C4<0>;
v0x55fdbe69ffa0_0 .net/2u *"_ivl_24", 0 0, L_0x7f2a26b2a7b0;  1 drivers
v0x55fdbe6a00d0_0 .net *"_ivl_27", 17 0, L_0x55fdbe6bdcd0;  1 drivers
v0x55fdbe6a01b0_0 .net *"_ivl_28", 18 0, L_0x55fdbe6bdda0;  1 drivers
v0x55fdbe6a0290_0 .net *"_ivl_3", 0 0, L_0x55fdbe6bd2c0;  1 drivers
L_0x7f2a26b2a7f8 .functor BUFT 1, C4<0>, C4<0>, C4<0>, C4<0>;
v0x55fdbe6a0350_0 .net/2u *"_ivl_30", 0 0, L_0x7f2a26b2a7f8;  1 drivers
v0x55fdbe6a0430_0 .net *"_ivl_33", 17 0, L_0x55fdbe6bdee0;  1 drivers
v0x55fdbe6a0510_0 .net *"_ivl_34", 18 0, L_0x55fdbe6bdf80;  1 drivers
v0x55fdbe6a05f0_0 .net *"_ivl_39", 7 0, L_0x55fdbe6be300;  1 drivers
v0x55fdbe6a06d0_0 .net *"_ivl_41", 0 0, L_0x55fdbe6be430;  1 drivers
L_0x7f2a26b2a840 .functor BUFT 1, C4<1>, C4<0>, C4<0>, C4<0>;
v0x55fdbe6a0790_0 .net/2u *"_ivl_42", 0 0, L_0x7f2a26b2a840;  1 drivers
v0x55fdbe6a0870_0 .net *"_ivl_45", 17 0, L_0x55fdbe6be520;  1 drivers
v0x55fdbe6a0950_0 .net *"_ivl_46", 18 0, L_0x55fdbe6be660;  1 drivers
L_0x7f2a26b2a888 .functor BUFT 1, C4<0>, C4<0>, C4<0>, C4<0>;
v0x55fdbe6a0a30_0 .net/2u *"_ivl_48", 0 0, L_0x7f2a26b2a888;  1 drivers
v0x55fdbe6a0b10_0 .net *"_ivl_5", 25 0, L_0x55fdbe6bd3b0;  1 drivers
v0x55fdbe6a0bf0_0 .net *"_ivl_51", 17 0, L_0x55fdbe6be7a0;  1 drivers
v0x55fdbe6a0cd0_0 .net *"_ivl_52", 18 0, L_0x55fdbe6be5c0;  1 drivers
v0x55fdbe6a0db0_0 .net *"_ivl_58", 8 0, L_0x55fdbe6becb0;  1 drivers
L_0x7f2a26b2a8d0 .functor BUFT 1, C4<0>, C4<0>, C4<0>, C4<0>;
v0x55fdbe6a0e90_0 .net *"_ivl_61", 0 0, L_0x7f2a26b2a8d0;  1 drivers
v0x55fdbe6a0f70_0 .net *"_ivl_62", 8 0, L_0x55fdbe6bedf0;  1 drivers
L_0x7f2a26b2a918 .functor BUFT 1, C4<0>, C4<0>, C4<0>, C4<0>;
v0x55fdbe6a1050_0 .net *"_ivl_65", 0 0, L_0x7f2a26b2a918;  1 drivers
v0x55fdbe6a1130_0 .net *"_ivl_68", 37 0, L_0x55fdbe6bf3c0;  1 drivers
v0x55fdbe6a1210_0 .net *"_ivl_7", 0 0, L_0x55fdbe6bd4a0;  1 drivers
L_0x7f2a26b2a960 .functor BUFT 1, C4<0000000000000000000>, C4<0>, C4<0>, C4<0>;
v0x55fdbe6a12d0_0 .net *"_ivl_71", 18 0, L_0x7f2a26b2a960;  1 drivers
v0x55fdbe6a13b0_0 .net *"_ivl_72", 37 0, L_0x55fdbe6bf5e0;  1 drivers
L_0x7f2a26b2a9a8 .functor BUFT 1, C4<0000000000000000000>, C4<0>, C4<0>, C4<0>;
v0x55fdbe6a1490_0 .net *"_ivl_75", 18 0, L_0x7f2a26b2a9a8;  1 drivers
v0x55fdbe6a1570_0 .net *"_ivl_79", 0 0, L_0x55fdbe6bf950;  1 drivers
L_0x7f2a26b2a9f0 .functor BUFT 1, C4<1>, C4<0>, C4<0>, C4<0>;
v0x55fdbe6a1650_0 .net/2u *"_ivl_80", 0 0, L_0x7f2a26b2a9f0;  1 drivers
L_0x7f2a26b2aa38 .functor BUFT 1, C4<0>, C4<0>, C4<0>, C4<0>;
v0x55fdbe6a1730_0 .net/2u *"_ivl_82", 0 0, L_0x7f2a26b2aa38;  1 drivers
v0x55fdbe6a1810_0 .net *"_ivl_86", 26 0, L_0x55fdbe6bfcd0;  1 drivers
v0x55fdbe6a1b00_0 .net *"_ivl_89", 0 0, L_0x55fdbe6bfd70;  1 drivers
v0x55fdbe6a1bc0_0 .net *"_ivl_9", 0 0, L_0x55fdbe6bd5c0;  1 drivers
v0x55fdbe6a1c80_0 .net *"_ivl_93", 0 0, L_0x55fdbe6bfff0;  1 drivers
L_0x7f2a26b2aa80 .functor BUFT 1, C4<00000000000000000000000000>, C4<0>, C4<0>, C4<0>;
v0x55fdbe6a1d40_0 .net/2u *"_ivl_94", 25 0, L_0x7f2a26b2aa80;  1 drivers
v0x55fdbe6a1e20_0 .net *"_ivl_96", 26 0, L_0x55fdbe6c0100;  1 drivers
v0x55fdbe6a1f00_0 .net *"_ivl_99", 7 0, L_0x55fdbe6c0240;  1 drivers
v0x55fdbe6a1fe0_0 .net "exp_a", 7 0, L_0x55fdbe6bd910;  1 drivers
v0x55fdbe6a20c0_0 .net "exp_b", 7 0, L_0x55fdbe6bd9b0;  1 drivers
v0x55fdbe6a21a0_0 .var "exp_res", 8 0;
v0x55fdbe6a2280_0 .net "exp_sum", 8 0, L_0x55fdbe6bf210;  1 drivers
v0x55fdbe6a2360_0 .net "frac_a", 18 0, L_0x55fdbe6be170;  1 drivers
v0x55fdbe6a2440_0 .net "frac_b", 18 0, L_0x55fdbe6be9c0;  1 drivers
v0x55fdbe6a2520_0 .var "mantissa", 17 0;
v0x55fdbe6a2600_0 .net "norm", 0 0, L_0x55fdbe6bfa40;  1 drivers
v0x55fdbe6a26c0_0 .net "num1", 26 0, v0x55fdbe6a3d80_0;  1 drivers
v0x55fdbe6a27a0_0 .net "num2", 26 0, v0x55fdbe6a3e70_0;  1 drivers
v0x55fdbe6a2880_0 .net "prod", 37 0, L_0x55fdbe6bf720;  1 drivers
v0x55fdbe6a2960_0 .net "res", 26 0, L_0x55fdbe6c0590;  alias, 1 drivers
v0x55fdbe6a2a40_0 .net "sign_a", 0 0, L_0x55fdbe6bd790;  1 drivers
v0x55fdbe6a2b00_0 .net "sign_b", 0 0, L_0x55fdbe6bd830;  1 drivers
v0x55fdbe6a2bc0_0 .net "sign_res", 0 0, L_0x55fdbe6bde70;  1 drivers
v0x55fdbe6a2c80_0 .net "zero", 0 0, L_0x55fdbe6bd6d0;  1 drivers
v0x55fdbe6a2d40_0 .net "zero_res", 0 0, L_0x55fdbe6bf2b0;  1 drivers
E_0x55fdbe615200 .event edge, v0x55fdbe6a2280_0, v0x55fdbe6a2600_0, v0x55fdbe6a2880_0, v0x55fdbe6a21a0_0;
L_0x55fdbe6bd1a0 .part v0x55fdbe6a3d80_0, 0, 26;
L_0x55fdbe6bd2c0 .reduce/or L_0x55fdbe6bd1a0;
L_0x55fdbe6bd3b0 .part v0x55fdbe6a3e70_0, 0, 26;
L_0x55fdbe6bd4a0 .reduce/or L_0x55fdbe6bd3b0;
L_0x55fdbe6bd790 .part v0x55fdbe6a3d80_0, 26, 1;
L_0x55fdbe6bd830 .part v0x55fdbe6a3e70_0, 26, 1;
L_0x55fdbe6bd910 .part v0x55fdbe6a3d80_0, 18, 8;
L_0x55fdbe6bd9b0 .part v0x55fdbe6a3e70_0, 18, 8;
L_0x55fdbe6bdad0 .part v0x55fdbe6a3d80_0, 18, 8;
L_0x55fdbe6bdba0 .reduce/or L_0x55fdbe6bdad0;
L_0x55fdbe6bdcd0 .part v0x55fdbe6a3d80_0, 0, 18;
L_0x55fdbe6bdda0 .concat [ 18 1 0 0], L_0x55fdbe6bdcd0, L_0x7f2a26b2a7b0;
L_0x55fdbe6bdee0 .part v0x55fdbe6a3d80_0, 0, 18;
L_0x55fdbe6bdf80 .concat [ 18 1 0 0], L_0x55fdbe6bdee0, L_0x7f2a26b2a7f8;
L_0x55fdbe6be170 .functor MUXZ 19, L_0x55fdbe6bdf80, L_0x55fdbe6bdda0, L_0x55fdbe6bdba0, C4<>;
L_0x55fdbe6be300 .part v0x55fdbe6a3e70_0, 18, 8;
L_0x55fdbe6be430 .reduce/or L_0x55fdbe6be300;
L_0x55fdbe6be520 .part v0x55fdbe6a3e70_0, 0, 18;
L_0x55fdbe6be660 .concat [ 18 1 0 0], L_0x55fdbe6be520, L_0x7f2a26b2a840;
L_0x55fdbe6be7a0 .part v0x55fdbe6a3e70_0, 0, 18;
L_0x55fdbe6be5c0 .concat [ 18 1 0 0], L_0x55fdbe6be7a0, L_0x7f2a26b2a888;
L_0x55fdbe6be9c0 .functor MUXZ 19, L_0x55fdbe6be5c0, L_0x55fdbe6be660, L_0x55fdbe6be430, C4<>;
L_0x55fdbe6becb0 .concat [ 8 1 0 0], L_0x55fdbe6bd910, L_0x7f2a26b2a8d0;
L_0x55fdbe6bedf0 .concat [ 8 1 0 0], L_0x55fdbe6bd9b0, L_0x7f2a26b2a918;
L_0x55fdbe6bf210 .arith/sum 9, L_0x55fdbe6becb0, L_0x55fdbe6bedf0;
L_0x55fdbe6bf3c0 .concat [ 19 19 0 0], L_0x55fdbe6be170, L_0x7f2a26b2a960;
L_0x55fdbe6bf5e0 .concat [ 19 19 0 0], L_0x55fdbe6be9c0, L_0x7f2a26b2a9a8;
L_0x55fdbe6bf720 .arith/mult 38, L_0x55fdbe6bf3c0, L_0x55fdbe6bf5e0;
L_0x55fdbe6bf950 .part L_0x55fdbe6bf720, 36, 1;
L_0x55fdbe6bfa40 .functor MUXZ 1, L_0x7f2a26b2aa38, L_0x7f2a26b2a9f0, L_0x55fdbe6bf950, C4<>;
L_0x55fdbe6bfcd0 .concat [ 18 9 0 0], v0x55fdbe6a2520_0, v0x55fdbe6a21a0_0;
L_0x55fdbe6bfd70 .reduce/or L_0x55fdbe6bfcd0;
L_0x55fdbe6c0100 .concat [ 26 1 0 0], L_0x7f2a26b2aa80, L_0x55fdbe6bde70;
L_0x55fdbe6c0240 .part v0x55fdbe6a21a0_0, 0, 8;
L_0x55fdbe6c0450 .concat [ 18 8 1 0], v0x55fdbe6a2520_0, L_0x55fdbe6c0240, L_0x55fdbe6bde70;
L_0x55fdbe6c0590 .functor MUXZ 27, L_0x55fdbe6c0450, L_0x55fdbe6c0100, L_0x55fdbe6bfff0, C4<>;
    .scope S_0x55fdbe60a000;
T_0 ;
    %wait E_0x55fdbe61e4e0;
    %load/vec4 v0x55fdbe69bd20_0;
    %subi 127, 0, 9;
    %store/vec4 v0x55fdbe69bc40_0, 0, 9;
    %load/vec4 v0x55fdbe69c0a0_0;
    %flag_set/vec4 8;
    %jmp/0xz  T_0.0, 8;
    %load/vec4 v0x55fdbe69c300_0;
    %parti/s 18, 18, 6;
    %store/vec4 v0x55fdbe69bfc0_0, 0, 18;
    %jmp T_0.1;
T_0.0 ;
    %load/vec4 v0x55fdbe69c300_0;
    %parti/s 18, 19, 6;
    %store/vec4 v0x55fdbe69bfc0_0, 0, 18;
    %load/vec4 v0x55fdbe69bc40_0;
    %addi 1, 0, 9;
    %store/vec4 v0x55fdbe69bc40_0, 0, 9;
T_0.1 ;
    %jmp T_0;
    .thread T_0, $push;
    .scope S_0x55fdbe60b0d0;
T_1 ;
    %wait E_0x55fdbe6630a0;
    %load/vec4 v0x55fdbe69efa0_0;
    %subi 127, 0, 9;
    %store/vec4 v0x55fdbe69eec0_0, 0, 9;
    %load/vec4 v0x55fdbe69f320_0;
    %flag_set/vec4 8;
    %jmp/0xz  T_1.0, 8;
    %load/vec4 v0x55fdbe69f5a0_0;
    %parti/s 18, 18, 6;
    %store/vec4 v0x55fdbe69f240_0, 0, 18;
    %jmp T_1.1;
T_1.0 ;
    %load/vec4 v0x55fdbe69f5a0_0;
    %parti/s 18, 19, 6;
    %store/vec4 v0x55fdbe69f240_0, 0, 18;
    %load/vec4 v0x55fdbe69eec0_0;
    %addi 1, 0, 9;
    %store/vec4 v0x55fdbe69eec0_0, 0, 9;
T_1.1 ;
    %jmp T_1;
    .thread T_1, $push;
    .scope S_0x55fdbe608830;
T_2 ;
    %wait E_0x55fdbe612b10;
    %load/vec4 v0x55fdbe6985b0_0;
    %parti/s 8, 18, 6;
    %load/vec4 v0x55fdbe6984d0_0;
    %parti/s 8, 18, 6;
    %cmp/u;
    %jmp/0xz  T_2.0, 5;
    %load/vec4 v0x55fdbe6984d0_0;
    %assign/vec4 v0x55fdbe6983f0_0, 0;
    %load/vec4 v0x55fdbe6985b0_0;
    %assign/vec4 v0x55fdbe698c90_0, 0;
    %jmp T_2.1;
T_2.0 ;
    %load/vec4 v0x55fdbe6984d0_0;
    %parti/s 8, 18, 6;
    %load/vec4 v0x55fdbe6985b0_0;
    %parti/s 8, 18, 6;
    %cmp/e;
    %flag_get/vec4 4;
    %load/vec4 v0x55fdbe6985b0_0;
    %parti/s 18, 0, 2;
    %load/vec4 v0x55fdbe6984d0_0;
    %parti/s 18, 0, 2;
    %cmp/u;
    %flag_get/vec4 5;
    %and;
    %flag_set/vec4 8;
    %jmp/0xz  T_2.2, 8;
    %load/vec4 v0x55fdbe6984d0_0;
    %assign/vec4 v0x55fdbe6983f0_0, 0;
    %load/vec4 v0x55fdbe6985b0_0;
    %assign/vec4 v0x55fdbe698c90_0, 0;
    %jmp T_2.3;
T_2.2 ;
    %load/vec4 v0x55fdbe6985b0_0;
    %assign/vec4 v0x55fdbe6983f0_0, 0;
    %load/vec4 v0x55fdbe6984d0_0;
    %assign/vec4 v0x55fdbe698c90_0, 0;
T_2.3 ;
T_2.1 ;
    %jmp T_2;
    .thread T_2, $push;
    .scope S_0x55fdbe608830;
T_3 ;
    %wait E_0x55fdbe66b3e0;
    %load/vec4 v0x55fdbe6983f0_0;
    %parti/s 8, 18, 6;
    %load/vec4 v0x55fdbe698c90_0;
    %parti/s 8, 18, 6;
    %sub;
    %cmpi/u 18, 0, 8;
    %flag_or 5, 4;
    %jmp/0xz  T_3.0, 5;
    %pushi/vec4 1, 0, 1;
    %load/vec4 v0x55fdbe698c90_0;
    %parti/s 18, 0, 2;
    %concat/vec4; draw_concat_vec4
    %ix/getv 4, v0x55fdbe698bb0_0;
    %shiftr 4;
    %assign/vec4 v0x55fdbe698770_0, 0;
    %jmp T_3.1;
T_3.0 ;
    %pushi/vec4 0, 0, 19;
    %assign/vec4 v0x55fdbe698770_0, 0;
T_3.1 ;
    %jmp T_3;
    .thread T_3, $push;
    .scope S_0x55fdbe608830;
T_4 ;
    %wait E_0x55fdbe65f2b0;
    %load/vec4 v0x55fdbe698850_0;
    %pad/u 32;
    %cmpi/e 0, 0, 32;
    %jmp/0xz  T_4.0, 4;
    %pushi/vec4 0, 0, 27;
    %assign/vec4 v0x55fdbe698230_0, 0;
    %pushi/vec4 0, 0, 20;
    %assign/vec4 v0x55fdbe698910_0, 0;
    %pushi/vec4 0, 0, 8;
    %assign/vec4 v0x55fdbe698690_0, 0;
    %pushi/vec4 0, 0, 8;
    %assign/vec4 v0x55fdbe698ad0_0, 0;
    %jmp T_4.1;
T_4.0 ;
    %load/vec4 v0x55fdbe6983f0_0;
    %assign/vec4 v0x55fdbe698230_0, 0;
    %load/vec4 v0x55fdbe698c90_0;
    %parti/s 1, 26, 6;
    %load/vec4 v0x55fdbe698770_0;
    %concat/vec4; draw_concat_vec4
    %assign/vec4 v0x55fdbe698910_0, 0;
    %load/vec4 v0x55fdbe6983f0_0;
    %parti/s 8, 18, 6;
    %assign/vec4 v0x55fdbe698690_0, 0;
    %load/vec4 v0x55fdbe698bb0_0;
    %assign/vec4 v0x55fdbe698ad0_0, 0;
T_4.1 ;
    %jmp T_4;
    .thread T_4;
    .scope S_0x55fdbe608830;
T_5 ;
    %wait E_0x55fdbe66cbc0;
    %pushi/vec4 1, 0, 1;
    %load/vec4 v0x55fdbe698230_0;
    %parti/s 18, 0, 2;
    %concat/vec4; draw_concat_vec4
    %pad/u 20;
    %load/vec4 v0x55fdbe698910_0;
    %parti/s 19, 0, 2;
    %pad/u 20;
    %add;
    %assign/vec4 v0x55fdbe697d10_0, 0;
    %jmp T_5;
    .thread T_5, $push;
    .scope S_0x55fdbe608830;
T_6 ;
    %wait E_0x55fdbe66d3a0;
    %load/vec4 v0x55fdbe698690_0;
    %pushi/vec4 0, 0, 7;
    %load/vec4 v0x55fdbe697d10_0;
    %parti/s 1, 19, 6;
    %concat/vec4; draw_concat_vec4
    %add;
    %assign/vec4 v0x55fdbe697f90_0, 0;
    %jmp T_6;
    .thread T_6, $push;
    .scope S_0x55fdbe608830;
T_7 ;
    %wait E_0x55fdbe66c150;
    %load/vec4 v0x55fdbe698230_0;
    %parti/s 1, 26, 6;
    %load/vec4 v0x55fdbe697f90_0;
    %concat/vec4; draw_concat_vec4
    %load/vec4 v0x55fdbe698070_0;
    %concat/vec4; draw_concat_vec4
    %assign/vec4 v0x55fdbe697df0_0, 0;
    %jmp T_7;
    .thread T_7, $push;
    .scope S_0x55fdbe608830;
T_8 ;
    %wait E_0x55fdbe66cbc0;
    %pushi/vec4 1, 0, 1;
    %load/vec4 v0x55fdbe698230_0;
    %parti/s 18, 0, 2;
    %concat/vec4; draw_concat_vec4
    %load/vec4 v0x55fdbe698910_0;
    %parti/s 18, 0, 2;
    %pad/u 19;
    %sub;
    %assign/vec4 v0x55fdbe698f10_0, 0;
    %jmp T_8;
    .thread T_8, $push;
    .scope S_0x55fdbe608830;
T_9 ;
    %wait E_0x55fdbe680230;
    %load/vec4 v0x55fdbe698f10_0;
    %dup/vec4;
    %pushi/vec4 524287, 262143, 19;
    %cmp/x;
    %jmp/1 T_9.0, 4;
    %dup/vec4;
    %pushi/vec4 262143, 131071, 19;
    %cmp/x;
    %jmp/1 T_9.1, 4;
    %dup/vec4;
    %pushi/vec4 131071, 65535, 19;
    %cmp/x;
    %jmp/1 T_9.2, 4;
    %dup/vec4;
    %pushi/vec4 65535, 32767, 19;
    %cmp/x;
    %jmp/1 T_9.3, 4;
    %dup/vec4;
    %pushi/vec4 32767, 16383, 19;
    %cmp/x;
    %jmp/1 T_9.4, 4;
    %dup/vec4;
    %pushi/vec4 16383, 8191, 19;
    %cmp/x;
    %jmp/1 T_9.5, 4;
    %dup/vec4;
    %pushi/vec4 8191, 4095, 19;
    %cmp/x;
    %jmp/1 T_9.6, 4;
    %dup/vec4;
    %pushi/vec4 4095, 2047, 19;
    %cmp/x;
    %jmp/1 T_9.7, 4;
    %dup/vec4;
    %pushi/vec4 2047, 1023, 19;
    %cmp/x;
    %jmp/1 T_9.8, 4;
    %dup/vec4;
    %pushi/vec4 1023, 511, 19;
    %cmp/x;
    %jmp/1 T_9.9, 4;
    %dup/vec4;
    %pushi/vec4 511, 255, 19;
    %cmp/x;
    %jmp/1 T_9.10, 4;
    %dup/vec4;
    %pushi/vec4 255, 127, 19;
    %cmp/x;
    %jmp/1 T_9.11, 4;
    %dup/vec4;
    %pushi/vec4 127, 63, 19;
    %cmp/x;
    %jmp/1 T_9.12, 4;
    %dup/vec4;
    %pushi/vec4 63, 31, 19;
    %cmp/x;
    %jmp/1 T_9.13, 4;
    %dup/vec4;
    %pushi/vec4 31, 15, 19;
    %cmp/x;
    %jmp/1 T_9.14, 4;
    %dup/vec4;
    %pushi/vec4 15, 7, 19;
    %cmp/x;
    %jmp/1 T_9.15, 4;
    %dup/vec4;
    %pushi/vec4 7, 3, 19;
    %cmp/x;
    %jmp/1 T_9.16, 4;
    %dup/vec4;
    %pushi/vec4 3, 1, 19;
    %cmp/x;
    %jmp/1 T_9.17, 4;
    %dup/vec4;
    %pushi/vec4 1, 0, 19;
    %cmp/x;
    %jmp/1 T_9.18, 4;
    %dup/vec4;
    %pushi/vec4 0, 0, 19;
    %cmp/x;
    %jmp/1 T_9.19, 4;
    %pushi/vec4 0, 0, 5;
    %assign/vec4 v0x55fdbe6992e0_0, 0;
    %jmp T_9.21;
T_9.0 ;
    %pushi/vec4 0, 0, 5;
    %assign/vec4 v0x55fdbe6992e0_0, 0;
    %jmp T_9.21;
T_9.1 ;
    %pushi/vec4 1, 0, 5;
    %assign/vec4 v0x55fdbe6992e0_0, 0;
    %jmp T_9.21;
T_9.2 ;
    %pushi/vec4 2, 0, 5;
    %assign/vec4 v0x55fdbe6992e0_0, 0;
    %jmp T_9.21;
T_9.3 ;
    %pushi/vec4 3, 0, 5;
    %assign/vec4 v0x55fdbe6992e0_0, 0;
    %jmp T_9.21;
T_9.4 ;
    %pushi/vec4 4, 0, 5;
    %assign/vec4 v0x55fdbe6992e0_0, 0;
    %jmp T_9.21;
T_9.5 ;
    %pushi/vec4 5, 0, 5;
    %assign/vec4 v0x55fdbe6992e0_0, 0;
    %jmp T_9.21;
T_9.6 ;
    %pushi/vec4 6, 0, 5;
    %assign/vec4 v0x55fdbe6992e0_0, 0;
    %jmp T_9.21;
T_9.7 ;
    %pushi/vec4 7, 0, 5;
    %assign/vec4 v0x55fdbe6992e0_0, 0;
    %jmp T_9.21;
T_9.8 ;
    %pushi/vec4 8, 0, 5;
    %assign/vec4 v0x55fdbe6992e0_0, 0;
    %jmp T_9.21;
T_9.9 ;
    %pushi/vec4 9, 0, 5;
    %assign/vec4 v0x55fdbe6992e0_0, 0;
    %jmp T_9.21;
T_9.10 ;
    %pushi/vec4 10, 0, 5;
    %assign/vec4 v0x55fdbe6992e0_0, 0;
    %jmp T_9.21;
T_9.11 ;
    %pushi/vec4 11, 0, 5;
    %assign/vec4 v0x55fdbe6992e0_0, 0;
    %jmp T_9.21;
T_9.12 ;
    %pushi/vec4 12, 0, 5;
    %assign/vec4 v0x55fdbe6992e0_0, 0;
    %jmp T_9.21;
T_9.13 ;
    %pushi/vec4 13, 0, 5;
    %assign/vec4 v0x55fdbe6992e0_0, 0;
    %jmp T_9.21;
T_9.14 ;
    %pushi/vec4 14, 0, 5;
    %assign/vec4 v0x55fdbe6992e0_0, 0;
    %jmp T_9.21;
T_9.15 ;
    %pushi/vec4 15, 0, 5;
    %assign/vec4 v0x55fdbe6992e0_0, 0;
    %jmp T_9.21;
T_9.16 ;
    %pushi/vec4 16, 0, 5;
    %assign/vec4 v0x55fdbe6992e0_0, 0;
    %jmp T_9.21;
T_9.17 ;
    %pushi/vec4 17, 0, 5;
    %assign/vec4 v0x55fdbe6992e0_0, 0;
    %jmp T_9.21;
T_9.18 ;
    %pushi/vec4 18, 0, 5;
    %assign/vec4 v0x55fdbe6992e0_0, 0;
    %jmp T_9.21;
T_9.19 ;
    %pushi/vec4 19, 0, 5;
    %assign/vec4 v0x55fdbe6992e0_0, 0;
    %jmp T_9.21;
T_9.21 ;
    %pop/vec4 1;
    %jmp T_9;
    .thread T_9, $push;
    .scope S_0x55fdbe608830;
T_10 ;
    %wait E_0x55fdbe680130;
    %load/vec4 v0x55fdbe698690_0;
    %pushi/vec4 0, 0, 3;
    %load/vec4 v0x55fdbe6992e0_0;
    %concat/vec4; draw_concat_vec4
    %sub;
    %assign/vec4 v0x55fdbe698e30_0, 0;
    %jmp T_10;
    .thread T_10, $push;
    .scope S_0x55fdbe608830;
T_11 ;
    %wait E_0x55fdbe6800f0;
    %load/vec4 v0x55fdbe698f10_0;
    %ix/getv 4, v0x55fdbe6992e0_0;
    %shiftl 4;
    %assign/vec4 v0x55fdbe6994a0_0, 0;
    %load/vec4 v0x55fdbe6994a0_0;
    %parti/s 18, 0, 2;
    %assign/vec4 v0x55fdbe698150_0, 0;
    %jmp T_11;
    .thread T_11, $push;
    .scope S_0x55fdbe608830;
T_12 ;
    %wait E_0x55fdbe601ad0;
    %load/vec4 v0x55fdbe698230_0;
    %parti/s 1, 26, 6;
    %load/vec4 v0x55fdbe698e30_0;
    %concat/vec4; draw_concat_vec4
    %load/vec4 v0x55fdbe698150_0;
    %concat/vec4; draw_concat_vec4
    %assign/vec4 v0x55fdbe698ff0_0, 0;
    %jmp T_12;
    .thread T_12, $push;
    .scope S_0x55fdbe608830;
T_13 ;
    %wait E_0x55fdbe638940;
    %load/vec4 v0x55fdbe698d70_0;
    %flag_set/vec4 8;
    %jmp/0xz  T_13.0, 8;
    %load/vec4 v0x55fdbe698ff0_0;
    %assign/vec4 v0x55fdbe6993c0_0, 0;
    %jmp T_13.1;
T_13.0 ;
    %load/vec4 v0x55fdbe697df0_0;
    %assign/vec4 v0x55fdbe6993c0_0, 0;
T_13.1 ;
    %jmp T_13;
    .thread T_13, $push;
    .scope S_0x55fdbe60fbf0;
T_14 ;
    %wait E_0x55fdbe615200;
    %load/vec4 v0x55fdbe6a2280_0;
    %subi 127, 0, 9;
    %store/vec4 v0x55fdbe6a21a0_0, 0, 9;
    %load/vec4 v0x55fdbe6a2600_0;
    %flag_set/vec4 8;
    %jmp/0xz  T_14.0, 8;
    %load/vec4 v0x55fdbe6a2880_0;
    %parti/s 18, 18, 6;
    %store/vec4 v0x55fdbe6a2520_0, 0, 18;
    %jmp T_14.1;
T_14.0 ;
    %load/vec4 v0x55fdbe6a2880_0;
    %parti/s 18, 19, 6;
    %store/vec4 v0x55fdbe6a2520_0, 0, 18;
    %load/vec4 v0x55fdbe6a21a0_0;
    %addi 1, 0, 9;
    %store/vec4 v0x55fdbe6a21a0_0, 0, 9;
T_14.1 ;
    %jmp T_14;
    .thread T_14, $push;
    .scope S_0x55fdbe607760;
T_15 ;
    %wait E_0x55fdbe65f2b0;
    %load/vec4 v0x55fdbe6a36e0_0;
    %nor/r;
    %flag_set/vec4 8;
    %jmp/0xz  T_15.0, 8;
    %pushi/vec4 0, 0, 27;
    %assign/vec4 v0x55fdbe6a38e0_0, 0;
    %pushi/vec4 0, 0, 27;
    %assign/vec4 v0x55fdbe6a3980_0, 0;
    %pushi/vec4 0, 0, 27;
    %assign/vec4 v0x55fdbe6a3a20_0, 0;
    %pushi/vec4 0, 0, 27;
    %assign/vec4 v0x55fdbe6a3ae0_0, 0;
    %pushi/vec4 0, 0, 27;
    %assign/vec4 v0x55fdbe6a3bc0_0, 0;
    %pushi/vec4 0, 0, 27;
    %assign/vec4 v0x55fdbe6a3ca0_0, 0;
    %pushi/vec4 0, 0, 27;
    %assign/vec4 v0x55fdbe6a3d80_0, 0;
    %pushi/vec4 0, 0, 27;
    %assign/vec4 v0x55fdbe6a3e70_0, 0;
    %jmp T_15.1;
T_15.0 ;
    %load/vec4 v0x55fdbe6a40e0_0;
    %assign/vec4 v0x55fdbe6a38e0_0, 0;
    %load/vec4 v0x55fdbe6a41d0_0;
    %assign/vec4 v0x55fdbe6a3980_0, 0;
    %load/vec4 v0x55fdbe6a4290_0;
    %assign/vec4 v0x55fdbe6a3a20_0, 0;
    %load/vec4 v0x55fdbe6a4350_0;
    %assign/vec4 v0x55fdbe6a3ae0_0, 0;
    %load/vec4 v0x55fdbe6a4410_0;
    %assign/vec4 v0x55fdbe6a3bc0_0, 0;
    %load/vec4 v0x55fdbe6a44d0_0;
    %assign/vec4 v0x55fdbe6a3ca0_0, 0;
    %load/vec4 v0x55fdbe6a45b0_0;
    %assign/vec4 v0x55fdbe6a3d80_0, 0;
    %load/vec4 v0x55fdbe6a46a0_0;
    %assign/vec4 v0x55fdbe6a3e70_0, 0;
T_15.1 ;
    %jmp T_15;
    .thread T_15;
    .scope S_0x55fdbe610cc0;
T_16 ;
T_16.0 ;
    %delay 5000, 0;
    %load/vec4 v0x55fdbe6a48d0_0;
    %nor/r;
    %store/vec4 v0x55fdbe6a48d0_0, 0, 1;
    %jmp T_16.0;
    %end;
    .thread T_16;
    .scope S_0x55fdbe610cc0;
T_17 ;
    %wait E_0x55fdbe65f2b0;
    %load/vec4 v0x55fdbe6a4f40_0;
    %flag_set/vec4 8;
    %jmp/0xz  T_17.0, 8;
    %load/vec4 v0x55fdbe6a4d80_0;
    %subi 1, 0, 6;
    %assign/vec4 v0x55fdbe6a4d80_0, 0;
T_17.0 ;
    %jmp T_17;
    .thread T_17;
    .scope S_0x55fdbe610cc0;
T_18 ;
    %vpi_func 2 34 "$fopen" 32, "module_output.txt", "w" {0 0 0};
    %store/vec4 v0x55fdbe6a4b90_0, 0, 32;
    %vpi_func 2 35 "$fopen" 32, "binary.txt", "r" {0 0 0};
    %store/vec4 v0x55fdbe6a4c50_0, 0, 32;
    %pushi/vec4 7, 0, 6;
    %store/vec4 v0x55fdbe6a4d80_0, 0, 6;
    %pushi/vec4 0, 0, 1;
    %store/vec4 v0x55fdbe6a48d0_0, 0, 1;
    %pushi/vec4 0, 0, 1;
    %store/vec4 v0x55fdbe6a4f40_0, 0, 1;
    %delay 2000, 0;
    %pushi/vec4 1, 0, 1;
    %store/vec4 v0x55fdbe6a4f40_0, 0, 1;
T_18.0 ;
    %vpi_func 2 43 "$feof" 32, v0x55fdbe6a4c50_0 {0 0 0};
    %nor/r;
    %flag_set/vec4 8;
    %jmp/0xz T_18.1, 8;
    %vpi_func 2 45 "$fscanf" 32, v0x55fdbe6a4c50_0, "%b\012", v0x55fdbe6a49e0_0 {0 0 0};
    %store/vec4 v0x55fdbe6a4e60_0, 0, 32;
    %delay 10000, 0;
    %jmp T_18.0;
T_18.1 ;
    %vpi_call 2 49 "$fclose", v0x55fdbe6a4c50_0 {0 0 0};
    %end;
    .thread T_18;
    .scope S_0x55fdbe610cc0;
T_19 ;
    %wait E_0x55fdbe626b80;
    %load/vec4 v0x55fdbe6a4d80_0;
    %cmpi/ne 0, 0, 6;
    %jmp/0xz  T_19.0, 4;
    %vpi_call 2 58 "$fwrite", v0x55fdbe6a4b90_0, "%b\012", v0x55fdbe6a4aa0_0 {0 0 0};
    %jmp T_19.1;
T_19.0 ;
    %vpi_call 2 63 "$fclose", v0x55fdbe6a4b90_0 {0 0 0};
    %vpi_call 2 64 "$finish" {0 0 0};
T_19.1 ;
    %jmp T_19;
    .thread T_19;
# The file index is used to find the file name in the following table.
:file_names 6;
    "N/A";
    "<interactive>";
    "fast_inv_sqrt_tb.v";
    "fast_inv_sqrt.v";
    "FpAdd.v";
    "fp_mul.v";
