#! /usr/bin/vvp
:ivl_version "11.0 (stable)";
:ivl_delay_selection "TYPICAL";
:vpi_time_precision + 0;
:vpi_module "/usr/lib/x86_64-linux-gnu/ivl/system.vpi";
:vpi_module "/usr/lib/x86_64-linux-gnu/ivl/vhdl_sys.vpi";
:vpi_module "/usr/lib/x86_64-linux-gnu/ivl/vhdl_textio.vpi";
:vpi_module "/usr/lib/x86_64-linux-gnu/ivl/v2005_math.vpi";
:vpi_module "/usr/lib/x86_64-linux-gnu/ivl/va_math.vpi";
S_0x555aeca15220 .scope module, "FpAdd_tb" "FpAdd_tb" 2 1;
 .timescale 0 0;
v0x555aeca40d80_0 .var/i "count", 31 0;
v0x555aeca40e80_0 .var "fh", 31 0;
v0x555aeca40f60_0 .var "file_result", 31 0;
v0x555aeca41020_0 .var/i "total", 31 0;
v0x555aeca41100_0 .var "tst_clk", 0 0;
v0x555aeca411a0_0 .var "tst_in1", 26 0;
v0x555aeca41270_0 .var "tst_in2", 26 0;
v0x555aeca41340_0 .net "tst_out", 26 0, v0x555aeca40b20_0;  1 drivers
v0x555aeca41410_0 .var "tst_rst", 0 0;
v0x555aeca414e0 .array "vec1", 0 1023, 26 0;
v0x555aeca41580 .array "vec2", 0 1023, 26 0;
E_0x555aeca0cb30 .event posedge, v0x555aeca3f630_0;
S_0x555aeca153b0 .scope module, "dut" "FpAdd" 2 23, 3 16 0, S_0x555aeca15220;
 .timescale 0 0;
    .port_info 0 /INPUT 1 "clk";
    .port_info 1 /INPUT 27 "in1";
    .port_info 2 /INPUT 27 "in2";
    .port_info 3 /OUTPUT 27 "sum";
    .port_info 4 /INPUT 1 "rst";
P_0x555aec9c6cf0 .param/l "ex_end" 0 3 41, +C4<00000000000000000000000000011001>;
P_0x555aec9c6d30 .param/l "ex_st" 0 3 42, +C4<00000000000000000000000000010010>;
P_0x555aec9c6d70 .param/l "ma_end" 0 3 43, +C4<00000000000000000000000000010001>;
P_0x555aec9c6db0 .param/l "ma_st" 0 3 44, +C4<00000000000000000000000000000000>;
P_0x555aec9c6df0 .param/l "sign" 0 3 40, +C4<00000000000000000000000000011010>;
L_0x555aec9fe2b0 .functor XOR 1, L_0x555aeca41940, L_0x555aeca41a10, C4<0>, C4<0>;
v0x555aeca1e530_0 .net *"_ivl_1", 7 0, L_0x555aeca41620;  1 drivers
v0x555aec9f7d50_0 .net *"_ivl_13", 0 0, L_0x555aeca41be0;  1 drivers
v0x555aeca3ed60_0 .net *"_ivl_15", 17 0, L_0x555aeca41cc0;  1 drivers
v0x555aeca3ee50_0 .net *"_ivl_16", 17 0, L_0x555aeca41db0;  1 drivers
v0x555aeca3ef30_0 .net *"_ivl_19", 17 0, L_0x555aeca41ef0;  1 drivers
L_0x7f23b12c7018 .functor BUFT 1, C4<1>, C4<0>, C4<0>, C4<0>;
v0x555aeca3f010_0 .net/2u *"_ivl_24", 0 0, L_0x7f23b12c7018;  1 drivers
v0x555aeca3f0f0_0 .net *"_ivl_27", 17 0, L_0x555aeca42250;  1 drivers
v0x555aeca3f1d0_0 .net *"_ivl_3", 7 0, L_0x555aeca41720;  1 drivers
v0x555aeca3f2b0_0 .net *"_ivl_7", 0 0, L_0x555aeca41940;  1 drivers
v0x555aeca3f390_0 .net *"_ivl_9", 0 0, L_0x555aeca41a10;  1 drivers
v0x555aeca3f470_0 .var "add_out", 19 0;
v0x555aeca3f550_0 .var "add_result", 26 0;
v0x555aeca3f630_0 .net "clk", 0 0, v0x555aeca41100_0;  1 drivers
v0x555aeca3f6f0_0 .var "expt_carry", 25 18;
v0x555aeca3f7d0_0 .net "final_add", 17 0, L_0x555aeca41f90;  1 drivers
v0x555aeca3f8b0_0 .var "final_sub", 17 0;
v0x555aeca3f990_0 .var "gr", 26 0;
v0x555aeca3fa70_0 .net "gr_mant", 18 0, L_0x555aeca423b0;  1 drivers
v0x555aeca3fb50_0 .var "greater", 26 0;
v0x555aeca3fc30_0 .net "in1", 26 0, v0x555aeca411a0_0;  1 drivers
v0x555aeca3fd10_0 .net "in2", 26 0, v0x555aeca41270_0;  1 drivers
v0x555aeca3fdf0_0 .var "net_expt", 25 18;
v0x555aeca3fed0_0 .var "net_small", 18 0;
v0x555aeca3ffb0_0 .net "rst", 0 0, v0x555aeca41410_0;  1 drivers
v0x555aeca40070_0 .var "sm", 19 0;
v0x555aeca40150_0 .net "sm_mant", 18 0, L_0x555aeca42160;  1 drivers
v0x555aeca40230_0 .var "sm_shift", 25 18;
v0x555aeca40310_0 .net "small_shift", 25 18, L_0x555aeca41820;  1 drivers
v0x555aeca403f0_0 .var "smaller", 26 0;
v0x555aeca404d0_0 .net "sub", 0 0, L_0x555aec9fe2b0;  1 drivers
v0x555aeca40590_0 .var "sub_expt", 7 0;
v0x555aeca40670_0 .var "sub_out", 18 0;
v0x555aeca40750_0 .var "sub_result", 26 0;
v0x555aeca40a40_0 .var "sub_shift", 4 0;
v0x555aeca40b20_0 .var "sum", 26 0;
v0x555aeca40c00_0 .var "temp_sub", 18 0;
E_0x555aeca00340 .event edge, v0x555aeca404d0_0, v0x555aeca40750_0, v0x555aeca3f550_0;
E_0x555aeca11e00 .event edge, v0x555aeca3f990_0, v0x555aeca40590_0, v0x555aeca3f8b0_0;
E_0x555aec9ea9b0 .event edge, v0x555aeca40670_0, v0x555aeca40a40_0, v0x555aeca40c00_0;
E_0x555aeca1f4d0 .event edge, v0x555aeca3fdf0_0, v0x555aeca40a40_0;
E_0x555aeca1f620 .event edge, v0x555aeca40670_0;
E_0x555aec9ec060 .event edge, v0x555aeca3f990_0, v0x555aeca40070_0;
E_0x555aeca14580 .event edge, v0x555aeca3f990_0, v0x555aeca3f6f0_0, v0x555aeca3f7d0_0;
E_0x555aeca14c40 .event edge, v0x555aeca3fdf0_0, v0x555aeca3f470_0;
E_0x555aec9c6fd0/0 .event negedge, v0x555aeca3ffb0_0;
E_0x555aec9c6fd0/1 .event posedge, v0x555aeca3f630_0;
E_0x555aec9c6fd0 .event/or E_0x555aec9c6fd0/0, E_0x555aec9c6fd0/1;
E_0x555aeca0a9d0 .event edge, v0x555aeca3fb50_0, v0x555aeca403f0_0, v0x555aeca40310_0;
E_0x555aeca18760 .event edge, v0x555aeca3fc30_0, v0x555aeca3fd10_0;
L_0x555aeca41620 .part v0x555aeca3fb50_0, 18, 8;
L_0x555aeca41720 .part v0x555aeca403f0_0, 18, 8;
L_0x555aeca41820 .arith/sub 8, L_0x555aeca41620, L_0x555aeca41720;
L_0x555aeca41940 .part v0x555aeca3f990_0, 26, 1;
L_0x555aeca41a10 .part v0x555aeca40070_0, 19, 1;
L_0x555aeca41be0 .part v0x555aeca3f470_0, 19, 1;
L_0x555aeca41cc0 .part v0x555aeca3f470_0, 1, 18;
L_0x555aeca41db0 .concat [ 18 0 0 0], L_0x555aeca41cc0;
L_0x555aeca41ef0 .part v0x555aeca3f470_0, 0, 18;
L_0x555aeca41f90 .functor MUXZ 18, L_0x555aeca41ef0, L_0x555aeca41db0, L_0x555aeca41be0, C4<>;
L_0x555aeca42160 .part v0x555aeca40070_0, 0, 19;
L_0x555aeca42250 .part v0x555aeca3f990_0, 0, 18;
L_0x555aeca423b0 .concat [ 18 1 0 0], L_0x555aeca42250, L_0x7f23b12c7018;
    .scope S_0x555aeca153b0;
T_0 ;
    %wait E_0x555aeca18760;
    %load/vec4 v0x555aeca3fd10_0;
    %parti/s 8, 18, 6;
    %load/vec4 v0x555aeca3fc30_0;
    %parti/s 8, 18, 6;
    %cmp/u;
    %jmp/0xz  T_0.0, 5;
    %load/vec4 v0x555aeca3fc30_0;
    %assign/vec4 v0x555aeca3fb50_0, 0;
    %load/vec4 v0x555aeca3fd10_0;
    %assign/vec4 v0x555aeca403f0_0, 0;
    %jmp T_0.1;
T_0.0 ;
    %load/vec4 v0x555aeca3fc30_0;
    %parti/s 8, 18, 6;
    %load/vec4 v0x555aeca3fd10_0;
    %parti/s 8, 18, 6;
    %cmp/e;
    %flag_get/vec4 4;
    %load/vec4 v0x555aeca3fd10_0;
    %parti/s 18, 0, 2;
    %load/vec4 v0x555aeca3fc30_0;
    %parti/s 18, 0, 2;
    %cmp/u;
    %flag_get/vec4 5;
    %and;
    %flag_set/vec4 8;
    %jmp/0xz  T_0.2, 8;
    %load/vec4 v0x555aeca3fc30_0;
    %assign/vec4 v0x555aeca3fb50_0, 0;
    %load/vec4 v0x555aeca3fd10_0;
    %assign/vec4 v0x555aeca403f0_0, 0;
    %jmp T_0.3;
T_0.2 ;
    %load/vec4 v0x555aeca3fd10_0;
    %assign/vec4 v0x555aeca3fb50_0, 0;
    %load/vec4 v0x555aeca3fc30_0;
    %assign/vec4 v0x555aeca403f0_0, 0;
T_0.3 ;
T_0.1 ;
    %jmp T_0;
    .thread T_0, $push;
    .scope S_0x555aeca153b0;
T_1 ;
    %wait E_0x555aeca0a9d0;
    %load/vec4 v0x555aeca3fb50_0;
    %parti/s 8, 18, 6;
    %load/vec4 v0x555aeca403f0_0;
    %parti/s 8, 18, 6;
    %sub;
    %cmpi/u 18, 0, 8;
    %flag_or 5, 4;
    %jmp/0xz  T_1.0, 5;
    %pushi/vec4 1, 0, 1;
    %load/vec4 v0x555aeca403f0_0;
    %parti/s 18, 0, 2;
    %concat/vec4; draw_concat_vec4
    %ix/getv 4, v0x555aeca40310_0;
    %shiftr 4;
    %assign/vec4 v0x555aeca3fed0_0, 0;
    %jmp T_1.1;
T_1.0 ;
    %pushi/vec4 0, 0, 19;
    %assign/vec4 v0x555aeca3fed0_0, 0;
T_1.1 ;
    %jmp T_1;
    .thread T_1, $push;
    .scope S_0x555aeca153b0;
T_2 ;
    %wait E_0x555aec9c6fd0;
    %load/vec4 v0x555aeca3ffb0_0;
    %pad/u 32;
    %cmpi/e 0, 0, 32;
    %jmp/0xz  T_2.0, 4;
    %pushi/vec4 0, 0, 27;
    %assign/vec4 v0x555aeca3f990_0, 0;
    %pushi/vec4 0, 0, 20;
    %assign/vec4 v0x555aeca40070_0, 0;
    %pushi/vec4 0, 0, 8;
    %assign/vec4 v0x555aeca3fdf0_0, 0;
    %pushi/vec4 0, 0, 8;
    %assign/vec4 v0x555aeca40230_0, 0;
    %jmp T_2.1;
T_2.0 ;
    %load/vec4 v0x555aeca3fb50_0;
    %assign/vec4 v0x555aeca3f990_0, 0;
    %load/vec4 v0x555aeca403f0_0;
    %parti/s 1, 26, 6;
    %load/vec4 v0x555aeca3fed0_0;
    %concat/vec4; draw_concat_vec4
    %assign/vec4 v0x555aeca40070_0, 0;
    %load/vec4 v0x555aeca3fb50_0;
    %parti/s 8, 18, 6;
    %assign/vec4 v0x555aeca3fdf0_0, 0;
    %load/vec4 v0x555aeca40310_0;
    %assign/vec4 v0x555aeca40230_0, 0;
T_2.1 ;
    %jmp T_2;
    .thread T_2;
    .scope S_0x555aeca153b0;
T_3 ;
    %wait E_0x555aec9ec060;
    %pushi/vec4 1, 0, 1;
    %load/vec4 v0x555aeca3f990_0;
    %parti/s 18, 0, 2;
    %concat/vec4; draw_concat_vec4
    %pad/u 20;
    %load/vec4 v0x555aeca40070_0;
    %parti/s 19, 0, 2;
    %pad/u 20;
    %add;
    %assign/vec4 v0x555aeca3f470_0, 0;
    %jmp T_3;
    .thread T_3, $push;
    .scope S_0x555aeca153b0;
T_4 ;
    %wait E_0x555aeca14c40;
    %load/vec4 v0x555aeca3fdf0_0;
    %pushi/vec4 0, 0, 7;
    %load/vec4 v0x555aeca3f470_0;
    %parti/s 1, 19, 6;
    %concat/vec4; draw_concat_vec4
    %add;
    %assign/vec4 v0x555aeca3f6f0_0, 0;
    %jmp T_4;
    .thread T_4, $push;
    .scope S_0x555aeca153b0;
T_5 ;
    %wait E_0x555aeca14580;
    %load/vec4 v0x555aeca3f990_0;
    %parti/s 1, 26, 6;
    %load/vec4 v0x555aeca3f6f0_0;
    %concat/vec4; draw_concat_vec4
    %load/vec4 v0x555aeca3f7d0_0;
    %concat/vec4; draw_concat_vec4
    %assign/vec4 v0x555aeca3f550_0, 0;
    %jmp T_5;
    .thread T_5, $push;
    .scope S_0x555aeca153b0;
T_6 ;
    %wait E_0x555aec9ec060;
    %pushi/vec4 1, 0, 1;
    %load/vec4 v0x555aeca3f990_0;
    %parti/s 18, 0, 2;
    %concat/vec4; draw_concat_vec4
    %load/vec4 v0x555aeca40070_0;
    %parti/s 19, 0, 2;
    %sub;
    %assign/vec4 v0x555aeca40670_0, 0;
    %jmp T_6;
    .thread T_6, $push;
    .scope S_0x555aeca153b0;
T_7 ;
    %wait E_0x555aeca1f620;
    %load/vec4 v0x555aeca40670_0;
    %dup/vec4;
    %pushi/vec4 524287, 262143, 19;
    %cmp/x;
    %jmp/1 T_7.0, 4;
    %dup/vec4;
    %pushi/vec4 262143, 131071, 19;
    %cmp/x;
    %jmp/1 T_7.1, 4;
    %dup/vec4;
    %pushi/vec4 131071, 65535, 19;
    %cmp/x;
    %jmp/1 T_7.2, 4;
    %dup/vec4;
    %pushi/vec4 65535, 32767, 19;
    %cmp/x;
    %jmp/1 T_7.3, 4;
    %dup/vec4;
    %pushi/vec4 32767, 16383, 19;
    %cmp/x;
    %jmp/1 T_7.4, 4;
    %dup/vec4;
    %pushi/vec4 16383, 8191, 19;
    %cmp/x;
    %jmp/1 T_7.5, 4;
    %dup/vec4;
    %pushi/vec4 8191, 4095, 19;
    %cmp/x;
    %jmp/1 T_7.6, 4;
    %dup/vec4;
    %pushi/vec4 4095, 2047, 19;
    %cmp/x;
    %jmp/1 T_7.7, 4;
    %dup/vec4;
    %pushi/vec4 2047, 1023, 19;
    %cmp/x;
    %jmp/1 T_7.8, 4;
    %dup/vec4;
    %pushi/vec4 1023, 511, 19;
    %cmp/x;
    %jmp/1 T_7.9, 4;
    %dup/vec4;
    %pushi/vec4 511, 255, 19;
    %cmp/x;
    %jmp/1 T_7.10, 4;
    %dup/vec4;
    %pushi/vec4 255, 127, 19;
    %cmp/x;
    %jmp/1 T_7.11, 4;
    %dup/vec4;
    %pushi/vec4 127, 63, 19;
    %cmp/x;
    %jmp/1 T_7.12, 4;
    %dup/vec4;
    %pushi/vec4 63, 31, 19;
    %cmp/x;
    %jmp/1 T_7.13, 4;
    %dup/vec4;
    %pushi/vec4 31, 15, 19;
    %cmp/x;
    %jmp/1 T_7.14, 4;
    %dup/vec4;
    %pushi/vec4 15, 7, 19;
    %cmp/x;
    %jmp/1 T_7.15, 4;
    %dup/vec4;
    %pushi/vec4 7, 3, 19;
    %cmp/x;
    %jmp/1 T_7.16, 4;
    %dup/vec4;
    %pushi/vec4 3, 1, 19;
    %cmp/x;
    %jmp/1 T_7.17, 4;
    %dup/vec4;
    %pushi/vec4 1, 0, 19;
    %cmp/x;
    %jmp/1 T_7.18, 4;
    %dup/vec4;
    %pushi/vec4 0, 0, 19;
    %cmp/x;
    %jmp/1 T_7.19, 4;
    %pushi/vec4 0, 0, 5;
    %assign/vec4 v0x555aeca40a40_0, 0;
    %jmp T_7.21;
T_7.0 ;
    %pushi/vec4 0, 0, 5;
    %assign/vec4 v0x555aeca40a40_0, 0;
    %jmp T_7.21;
T_7.1 ;
    %pushi/vec4 1, 0, 5;
    %assign/vec4 v0x555aeca40a40_0, 0;
    %jmp T_7.21;
T_7.2 ;
    %pushi/vec4 2, 0, 5;
    %assign/vec4 v0x555aeca40a40_0, 0;
    %jmp T_7.21;
T_7.3 ;
    %pushi/vec4 3, 0, 5;
    %assign/vec4 v0x555aeca40a40_0, 0;
    %jmp T_7.21;
T_7.4 ;
    %pushi/vec4 4, 0, 5;
    %assign/vec4 v0x555aeca40a40_0, 0;
    %jmp T_7.21;
T_7.5 ;
    %pushi/vec4 5, 0, 5;
    %assign/vec4 v0x555aeca40a40_0, 0;
    %jmp T_7.21;
T_7.6 ;
    %pushi/vec4 6, 0, 5;
    %assign/vec4 v0x555aeca40a40_0, 0;
    %jmp T_7.21;
T_7.7 ;
    %pushi/vec4 7, 0, 5;
    %assign/vec4 v0x555aeca40a40_0, 0;
    %jmp T_7.21;
T_7.8 ;
    %pushi/vec4 8, 0, 5;
    %assign/vec4 v0x555aeca40a40_0, 0;
    %jmp T_7.21;
T_7.9 ;
    %pushi/vec4 9, 0, 5;
    %assign/vec4 v0x555aeca40a40_0, 0;
    %jmp T_7.21;
T_7.10 ;
    %pushi/vec4 10, 0, 5;
    %assign/vec4 v0x555aeca40a40_0, 0;
    %jmp T_7.21;
T_7.11 ;
    %pushi/vec4 11, 0, 5;
    %assign/vec4 v0x555aeca40a40_0, 0;
    %jmp T_7.21;
T_7.12 ;
    %pushi/vec4 12, 0, 5;
    %assign/vec4 v0x555aeca40a40_0, 0;
    %jmp T_7.21;
T_7.13 ;
    %pushi/vec4 13, 0, 5;
    %assign/vec4 v0x555aeca40a40_0, 0;
    %jmp T_7.21;
T_7.14 ;
    %pushi/vec4 14, 0, 5;
    %assign/vec4 v0x555aeca40a40_0, 0;
    %jmp T_7.21;
T_7.15 ;
    %pushi/vec4 15, 0, 5;
    %assign/vec4 v0x555aeca40a40_0, 0;
    %jmp T_7.21;
T_7.16 ;
    %pushi/vec4 16, 0, 5;
    %assign/vec4 v0x555aeca40a40_0, 0;
    %jmp T_7.21;
T_7.17 ;
    %pushi/vec4 17, 0, 5;
    %assign/vec4 v0x555aeca40a40_0, 0;
    %jmp T_7.21;
T_7.18 ;
    %pushi/vec4 18, 0, 5;
    %assign/vec4 v0x555aeca40a40_0, 0;
    %jmp T_7.21;
T_7.19 ;
    %pushi/vec4 19, 0, 5;
    %assign/vec4 v0x555aeca40a40_0, 0;
    %jmp T_7.21;
T_7.21 ;
    %pop/vec4 1;
    %jmp T_7;
    .thread T_7, $push;
    .scope S_0x555aeca153b0;
T_8 ;
    %wait E_0x555aeca1f4d0;
    %load/vec4 v0x555aeca3fdf0_0;
    %pushi/vec4 0, 0, 3;
    %load/vec4 v0x555aeca40a40_0;
    %concat/vec4; draw_concat_vec4
    %sub;
    %assign/vec4 v0x555aeca40590_0, 0;
    %jmp T_8;
    .thread T_8, $push;
    .scope S_0x555aeca153b0;
T_9 ;
    %wait E_0x555aec9ea9b0;
    %load/vec4 v0x555aeca40670_0;
    %ix/getv 4, v0x555aeca40a40_0;
    %shiftl 4;
    %assign/vec4 v0x555aeca40c00_0, 0;
    %load/vec4 v0x555aeca40c00_0;
    %parti/s 18, 0, 2;
    %assign/vec4 v0x555aeca3f8b0_0, 0;
    %jmp T_9;
    .thread T_9, $push;
    .scope S_0x555aeca153b0;
T_10 ;
    %wait E_0x555aeca11e00;
    %load/vec4 v0x555aeca3f990_0;
    %parti/s 1, 26, 6;
    %load/vec4 v0x555aeca40590_0;
    %concat/vec4; draw_concat_vec4
    %load/vec4 v0x555aeca3f8b0_0;
    %concat/vec4; draw_concat_vec4
    %assign/vec4 v0x555aeca40750_0, 0;
    %jmp T_10;
    .thread T_10, $push;
    .scope S_0x555aeca153b0;
T_11 ;
    %wait E_0x555aeca00340;
    %load/vec4 v0x555aeca404d0_0;
    %flag_set/vec4 8;
    %jmp/0xz  T_11.0, 8;
    %load/vec4 v0x555aeca40750_0;
    %assign/vec4 v0x555aeca40b20_0, 0;
    %jmp T_11.1;
T_11.0 ;
    %load/vec4 v0x555aeca3f550_0;
    %assign/vec4 v0x555aeca40b20_0, 0;
T_11.1 ;
    %jmp T_11;
    .thread T_11, $push;
    .scope S_0x555aeca15220;
T_12 ;
    %vpi_func 2 18 "$fopen" 32, "/home/omkar/projects/grav_sim/test/Fp_Add_tstvec.txt", "r" {0 0 0};
    %store/vec4 v0x555aeca40e80_0, 0, 32;
    %end;
    .thread T_12;
    .scope S_0x555aeca15220;
T_13 ;
    %pushi/vec4 1, 0, 1;
    %assign/vec4 v0x555aeca41100_0, 0;
    %delay 5, 0;
    %pushi/vec4 0, 0, 1;
    %assign/vec4 v0x555aeca41100_0, 0;
    %delay 5, 0;
    %jmp T_13;
    .thread T_13;
    .scope S_0x555aeca15220;
T_14 ;
    %wait E_0x555aeca0cb30;
    %load/vec4 v0x555aeca41410_0;
    %pad/u 32;
    %cmpi/e 1, 0, 32;
    %jmp/0xz  T_14.0, 4;
    %ix/getv/s 4, v0x555aeca40d80_0;
    %load/vec4a v0x555aeca414e0, 4;
    %assign/vec4 v0x555aeca411a0_0, 0;
    %ix/getv/s 4, v0x555aeca40d80_0;
    %load/vec4a v0x555aeca41580, 4;
    %assign/vec4 v0x555aeca41270_0, 0;
    %vpi_call 2 45 "$display", "%b", v0x555aeca41340_0 {0 0 0};
    %load/vec4 v0x555aeca40d80_0;
    %addi 1, 0, 32;
    %assign/vec4 v0x555aeca40d80_0, 0;
    %load/vec4 v0x555aeca40d80_0;
    %load/vec4 v0x555aeca41020_0;
    %cmp/e;
    %jmp/0xz  T_14.2, 4;
    %vpi_call 2 49 "$finish" {0 0 0};
T_14.2 ;
T_14.0 ;
    %jmp T_14;
    .thread T_14;
    .scope S_0x555aeca15220;
T_15 ;
    %vpi_call 2 59 "$dumpvars" {0 0 0};
    %pushi/vec4 0, 0, 32;
    %store/vec4 v0x555aeca40d80_0, 0, 32;
T_15.0 ;
    %vpi_func 2 61 "$feof" 32, v0x555aeca40e80_0 {0 0 0};
    %nor/r;
    %flag_set/vec4 8;
    %jmp/0xz T_15.1, 8;
    %vpi_func 2 63 "$fscanf" 32, v0x555aeca40e80_0, "%b %b", &A<v0x555aeca414e0, v0x555aeca40d80_0 >, &A<v0x555aeca41580, v0x555aeca40d80_0 > {0 0 0};
    %store/vec4 v0x555aeca40f60_0, 0, 32;
    %load/vec4 v0x555aeca40d80_0;
    %addi 1, 0, 32;
    %store/vec4 v0x555aeca40d80_0, 0, 32;
    %jmp T_15.0;
T_15.1 ;
    %load/vec4 v0x555aeca40d80_0;
    %assign/vec4 v0x555aeca41020_0, 0;
    %pushi/vec4 0, 0, 32;
    %assign/vec4 v0x555aeca40d80_0, 0;
    %pushi/vec4 0, 0, 1;
    %store/vec4 v0x555aeca41410_0, 0, 1;
    %pushi/vec4 5, 0, 32;
T_15.2 %dup/vec4;
    %pushi/vec4 0, 0, 32;
    %cmp/s;
    %jmp/1xz T_15.3, 5;
    %jmp/1 T_15.3, 4;
    %pushi/vec4 1, 0, 32;
    %sub;
    %wait E_0x555aeca0cb30;
    %jmp T_15.2;
T_15.3 ;
    %pop/vec4 1;
    %pushi/vec4 1, 0, 1;
    %assign/vec4 v0x555aeca41410_0, 0;
    %delay 1000, 0;
    %vpi_call 2 77 "$finish" {0 0 0};
    %end;
    .thread T_15;
# The file index is used to find the file name in the following table.
:file_names 4;
    "N/A";
    "<interactive>";
    "../prac/FpAdd_tb.v";
    "../prac/FpAdd.v";
