#! /usr/bin/vvp
:ivl_version "11.0 (stable)";
:ivl_delay_selection "TYPICAL";
:vpi_time_precision - 12;
:vpi_module "/usr/lib/x86_64-linux-gnu/ivl/system.vpi";
:vpi_module "/usr/lib/x86_64-linux-gnu/ivl/vhdl_sys.vpi";
:vpi_module "/usr/lib/x86_64-linux-gnu/ivl/vhdl_textio.vpi";
:vpi_module "/usr/lib/x86_64-linux-gnu/ivl/v2005_math.vpi";
:vpi_module "/usr/lib/x86_64-linux-gnu/ivl/va_math.vpi";
S_0x564ef4f15e20 .scope module, "fast_inv_sqrt_tb" "fast_inv_sqrt_tb" 2 72;
 .timescale -9 -12;
v0x564ef4fa8d30_0 .var "clk", 0 0;
v0x564ef4fa8e40_0 .var/i "count", 31 0;
v0x564ef4fa8f20_0 .var "data_in", 26 0;
v0x564ef4fa8fc0_0 .net "data_out", 26 0, L_0x564ef4fc4af0;  1 drivers
v0x564ef4fa90b0_0 .var/i "f1", 31 0;
v0x564ef4fa91e0_0 .var/i "f2", 31 0;
v0x564ef4fa92c0_0 .var/i "file_res", 31 0;
v0x564ef4fa93a0_0 .var "rst", 0 0;
E_0x564ef4f342f0 .event posedge, v0x564ef4f9c540_0;
S_0x564ef4f0c8c0 .scope module, "DUT" "fast_inv_sqrt" 2 86, 3 9 0, S_0x564ef4f15e20;
 .timescale -9 -12;
    .port_info 0 /INPUT 1 "i_clk";
    .port_info 1 /INPUT 1 "i_rst";
    .port_info 2 /INPUT 27 "i_x";
    .port_info 3 /OUTPUT 27 "o_inv_sqrt";
L_0x564ef4fc0340 .functor BUFZ 27, v0x564ef4fa7e80_0, C4<000000000000000000000000000>, C4<000000000000000000000000000>, C4<000000000000000000000000000>;
L_0x564ef4fc1260 .functor NOT 1, L_0x564ef4fc11c0, C4<0>, C4<0>, C4<0>;
L_0x564ef4fc1590 .functor BUFZ 27, v0x564ef4fa8020_0, C4<000000000000000000000000000>, C4<000000000000000000000000000>, C4<000000000000000000000000000>;
L_0x564ef4fc1600 .functor BUFZ 27, v0x564ef4fa8100_0, C4<000000000000000000000000000>, C4<000000000000000000000000000>, C4<000000000000000000000000000>;
v0x564ef4fa72e0_0 .net *"_ivl_10", 25 0, L_0x564ef4fb9700;  1 drivers
L_0x7f2628968060 .functor BUFT 1, C4<0>, C4<0>, C4<0>, C4<0>;
v0x564ef4fa73c0_0 .net *"_ivl_12", 0 0, L_0x7f2628968060;  1 drivers
L_0x7f26289680a8 .functor BUFT 1, C4<00000001>, C4<0>, C4<0>, C4<0>;
v0x564ef4fa74a0_0 .net/2u *"_ivl_16", 7 0, L_0x7f26289680a8;  1 drivers
v0x564ef4fa7560_0 .net *"_ivl_18", 7 0, L_0x564ef4fb9ad0;  1 drivers
v0x564ef4fa7640_0 .net *"_ivl_27", 0 0, L_0x564ef4fc11c0;  1 drivers
v0x564ef4fa7720_0 .net *"_ivl_28", 0 0, L_0x564ef4fc1260;  1 drivers
v0x564ef4fa7800_0 .net *"_ivl_31", 25 0, L_0x564ef4fc1350;  1 drivers
L_0x7f2628968018 .functor BUFT 1, C4<010111110011011101011001110>, C4<0>, C4<0>, C4<0>;
v0x564ef4fa78e0_0 .net/2u *"_ivl_6", 26 0, L_0x7f2628968018;  1 drivers
v0x564ef4fa79c0_0 .net *"_ivl_8", 26 0, L_0x564ef4fb9830;  1 drivers
v0x564ef4fa7aa0_0 .net "i_clk", 0 0, v0x564ef4fa8d30_0;  1 drivers
v0x564ef4fa7b40_0 .net "i_rst", 0 0, v0x564ef4fa93a0_0;  1 drivers
v0x564ef4fa7be0_0 .net "i_x", 26 0, v0x564ef4fa8f20_0;  1 drivers
v0x564ef4fa7c80_0 .net "o_inv_sqrt", 26 0, L_0x564ef4fc4af0;  alias, 1 drivers
v0x564ef4fa7d40_0 .var "r_s12_a", 26 0;
v0x564ef4fa7de0_0 .var "r_s12_b", 26 0;
v0x564ef4fa7e80_0 .var "r_s12_c", 26 0;
v0x564ef4fa7f40_0 .var "r_s23_a", 26 0;
v0x564ef4fa8020_0 .var "r_s23_b", 26 0;
v0x564ef4fa8100_0 .var "r_s34_a", 26 0;
v0x564ef4fa81e0_0 .var "r_s45_a", 26 0;
v0x564ef4fa82d0_0 .var "r_s45_b", 26 0;
v0x564ef4fa83a0_0 .net "w_exponent", 7 0, L_0x564ef4fa9580;  1 drivers
v0x564ef4fa8460_0 .net "w_mantissa", 17 0, L_0x564ef4fa9620;  1 drivers
v0x564ef4fa8540_0 .net "w_s12_a", 26 0, L_0x564ef4fbce70;  1 drivers
v0x564ef4fa8630_0 .net "w_s12_b", 26 0, L_0x564ef4fb9c10;  1 drivers
v0x564ef4fa86f0_0 .net "w_s12_c", 26 0, L_0x564ef4fb9950;  1 drivers
v0x564ef4fa87b0_0 .net "w_s23_a", 26 0, L_0x564ef4fc0120;  1 drivers
v0x564ef4fa8870_0 .net "w_s23_b", 26 0, L_0x564ef4fc0340;  1 drivers
v0x564ef4fa8930_0 .net "w_s34_a", 26 0, L_0x564ef4fc1590;  1 drivers
v0x564ef4fa8a10_0 .net "w_s45_a", 26 0, v0x564ef4f9d820_0;  1 drivers
v0x564ef4fa8b00_0 .net "w_s45_b", 26 0, L_0x564ef4fc1600;  1 drivers
v0x564ef4fa8bc0_0 .net "w_sign", 0 0, L_0x564ef4fa9490;  1 drivers
L_0x564ef4fa9490 .part v0x564ef4fa8f20_0, 26, 1;
L_0x564ef4fa9580 .part v0x564ef4fa8f20_0, 18, 8;
L_0x564ef4fa9620 .part v0x564ef4fa8f20_0, 0, 18;
L_0x564ef4fb9700 .part v0x564ef4fa8f20_0, 1, 26;
L_0x564ef4fb9830 .concat [ 26 1 0 0], L_0x564ef4fb9700, L_0x7f2628968060;
L_0x564ef4fb9950 .arith/sub 27, L_0x7f2628968018, L_0x564ef4fb9830;
L_0x564ef4fb9ad0 .arith/sub 8, L_0x564ef4fa9580, L_0x7f26289680a8;
L_0x564ef4fb9c10 .concat [ 18 8 1 0], L_0x564ef4fa9620, L_0x564ef4fb9ad0, L_0x564ef4fa9490;
L_0x564ef4fc11c0 .part v0x564ef4fa7f40_0, 26, 1;
L_0x564ef4fc1350 .part v0x564ef4fa7f40_0, 0, 26;
L_0x564ef4fc14a0 .concat [ 26 1 0 0], L_0x564ef4fc1350, L_0x564ef4fc1260;
S_0x564ef4f0d990 .scope module, "a_inst1" "FpAdd" 3 72, 4 16 0, S_0x564ef4f0c8c0;
 .timescale -9 -12;
    .port_info 0 /INPUT 1 "clk";
    .port_info 1 /INPUT 27 "in1";
    .port_info 2 /INPUT 27 "in2";
    .port_info 3 /OUTPUT 27 "sum";
    .port_info 4 /INPUT 1 "rst";
P_0x564ef4f72ba0 .param/l "ex_end" 0 4 41, +C4<00000000000000000000000000011001>;
P_0x564ef4f72be0 .param/l "ex_st" 0 4 42, +C4<00000000000000000000000000010010>;
P_0x564ef4f72c20 .param/l "ma_end" 0 4 43, +C4<00000000000000000000000000010001>;
P_0x564ef4f72c60 .param/l "ma_st" 0 4 44, +C4<00000000000000000000000000000000>;
P_0x564ef4f72ca0 .param/l "sign" 0 4 40, +C4<00000000000000000000000000011010>;
L_0x564ef4fc0590 .functor XOR 1, L_0x564ef4fc06a0, L_0x564ef4fc0740, C4<0>, C4<0>;
v0x564ef4f46da0_0 .net *"_ivl_1", 7 0, L_0x564ef4fc03b0;  1 drivers
v0x564ef4f346f0_0 .net *"_ivl_13", 0 0, L_0x564ef4fc08b0;  1 drivers
v0x564ef4f1c280_0 .net *"_ivl_15", 17 0, L_0x564ef4fc0990;  1 drivers
v0x564ef4f81f50_0 .net *"_ivl_16", 17 0, L_0x564ef4fc0a80;  1 drivers
v0x564ef4f81ff0_0 .net *"_ivl_19", 17 0, L_0x564ef4fc0bc0;  1 drivers
L_0x7f2628968720 .functor BUFT 1, C4<1>, C4<0>, C4<0>, C4<0>;
v0x564ef4f6bbe0_0 .net/2u *"_ivl_24", 0 0, L_0x7f2628968720;  1 drivers
v0x564ef4f20020_0 .net *"_ivl_27", 17 0, L_0x564ef4fc0f20;  1 drivers
v0x564ef4f9c0e0_0 .net *"_ivl_3", 7 0, L_0x564ef4fc0450;  1 drivers
v0x564ef4f9c1c0_0 .net *"_ivl_7", 0 0, L_0x564ef4fc06a0;  1 drivers
v0x564ef4f9c2a0_0 .net *"_ivl_9", 0 0, L_0x564ef4fc0740;  1 drivers
v0x564ef4f9c380_0 .var "add_out", 19 0;
v0x564ef4f9c460_0 .var "add_result", 26 0;
v0x564ef4f9c540_0 .net "clk", 0 0, v0x564ef4fa8d30_0;  alias, 1 drivers
v0x564ef4f9c600_0 .var "expt_carry", 25 18;
v0x564ef4f9c6e0_0 .net "final_add", 17 0, L_0x564ef4fc0c60;  1 drivers
v0x564ef4f9c7c0_0 .var "final_sub", 17 0;
v0x564ef4f9c8a0_0 .var "gr", 26 0;
v0x564ef4f9c980_0 .net "gr_mant", 18 0, L_0x564ef4fc1080;  1 drivers
v0x564ef4f9ca60_0 .var "greater", 26 0;
L_0x7f2628968768 .functor BUFT 1, C4<001111111100000000000000000>, C4<0>, C4<0>, C4<0>;
v0x564ef4f9cb40_0 .net "in1", 26 0, L_0x7f2628968768;  1 drivers
v0x564ef4f9cc20_0 .net "in2", 26 0, L_0x564ef4fc14a0;  1 drivers
v0x564ef4f9cd00_0 .var "net_expt", 25 18;
v0x564ef4f9cde0_0 .var "net_small", 18 0;
v0x564ef4f9cec0_0 .net "rst", 0 0, v0x564ef4fa93a0_0;  alias, 1 drivers
v0x564ef4f9cf80_0 .var "sm", 19 0;
v0x564ef4f9d060_0 .net "sm_mant", 18 0, L_0x564ef4fc0e30;  1 drivers
v0x564ef4f9d140_0 .var "sm_shift", 25 18;
v0x564ef4f9d220_0 .net "small_shift", 25 18, L_0x564ef4fc04f0;  1 drivers
v0x564ef4f9d300_0 .var "smaller", 26 0;
v0x564ef4f9d3e0_0 .net "sub", 0 0, L_0x564ef4fc0590;  1 drivers
v0x564ef4f9d4a0_0 .var "sub_expt", 7 0;
v0x564ef4f9d580_0 .var "sub_out", 18 0;
v0x564ef4f9d660_0 .var "sub_result", 26 0;
v0x564ef4f9d740_0 .var "sub_shift", 4 0;
v0x564ef4f9d820_0 .var "sum", 26 0;
v0x564ef4f9d900_0 .var "temp_sub", 18 0;
E_0x564ef4f460b0 .event edge, v0x564ef4f9d3e0_0, v0x564ef4f9d660_0, v0x564ef4f9c460_0;
E_0x564ef4f06ab0 .event edge, v0x564ef4f9c8a0_0, v0x564ef4f9d4a0_0, v0x564ef4f9c7c0_0;
E_0x564ef4f844f0 .event edge, v0x564ef4f9d580_0, v0x564ef4f9d740_0, v0x564ef4f9d900_0;
E_0x564ef4f84530 .event edge, v0x564ef4f9cd00_0, v0x564ef4f9d740_0;
E_0x564ef4f848b0 .event edge, v0x564ef4f9d580_0;
E_0x564ef4f71350 .event edge, v0x564ef4f9c8a0_0, v0x564ef4f9cf80_0;
E_0x564ef4f71b30 .event edge, v0x564ef4f9c8a0_0, v0x564ef4f9c600_0, v0x564ef4f9c6e0_0;
E_0x564ef4f6fb70 .event edge, v0x564ef4f9cd00_0, v0x564ef4f9c380_0;
E_0x564ef4f708e0/0 .event negedge, v0x564ef4f9cec0_0;
E_0x564ef4f708e0/1 .event posedge, v0x564ef4f9c540_0;
E_0x564ef4f708e0 .event/or E_0x564ef4f708e0/0, E_0x564ef4f708e0/1;
E_0x564ef4f17c70 .event edge, v0x564ef4f9ca60_0, v0x564ef4f9d300_0, v0x564ef4f9d220_0;
E_0x564ef4f095b0 .event edge, v0x564ef4f9cb40_0, v0x564ef4f9cc20_0;
L_0x564ef4fc03b0 .part v0x564ef4f9ca60_0, 18, 8;
L_0x564ef4fc0450 .part v0x564ef4f9d300_0, 18, 8;
L_0x564ef4fc04f0 .arith/sub 8, L_0x564ef4fc03b0, L_0x564ef4fc0450;
L_0x564ef4fc06a0 .part v0x564ef4f9c8a0_0, 26, 1;
L_0x564ef4fc0740 .part v0x564ef4f9cf80_0, 19, 1;
L_0x564ef4fc08b0 .part v0x564ef4f9c380_0, 19, 1;
L_0x564ef4fc0990 .part v0x564ef4f9c380_0, 1, 18;
L_0x564ef4fc0a80 .concat [ 18 0 0 0], L_0x564ef4fc0990;
L_0x564ef4fc0bc0 .part v0x564ef4f9c380_0, 0, 18;
L_0x564ef4fc0c60 .functor MUXZ 18, L_0x564ef4fc0bc0, L_0x564ef4fc0a80, L_0x564ef4fc08b0, C4<>;
L_0x564ef4fc0e30 .part v0x564ef4f9cf80_0, 0, 19;
L_0x564ef4fc0f20 .part v0x564ef4f9c8a0_0, 0, 18;
L_0x564ef4fc1080 .concat [ 18 1 0 0], L_0x564ef4fc0f20, L_0x7f2628968720;
S_0x564ef4f0f160 .scope module, "m_inst1" "fp_mul" 3 65, 5 1 0, S_0x564ef4f0c8c0;
 .timescale -9 -12;
    .port_info 0 /INPUT 27 "num1";
    .port_info 1 /INPUT 27 "num2";
    .port_info 2 /OUTPUT 27 "res";
L_0x564ef4f6ba30 .functor AND 1, L_0x564ef4fb9f20, L_0x564ef4fba060, C4<1>, C4<1>;
L_0x564ef4f200c0 .functor NOT 1, L_0x564ef4f6ba30, C4<0>, C4<0>, C4<0>;
L_0x564ef4fba990 .functor XOR 1, L_0x564ef4fba270, L_0x564ef4fba310, C4<0>, C4<0>;
L_0x564ef4fbbbe0 .functor NOT 1, L_0x564ef4fbc650, C4<0>, C4<0>, C4<0>;
L_0x564ef4fbc8d0 .functor OR 1, L_0x564ef4fbbbe0, L_0x564ef4f200c0, C4<0>, C4<0>;
v0x564ef4f9db40_0 .net *"_ivl_1", 25 0, L_0x564ef4fb9df0;  1 drivers
v0x564ef4f9dc40_0 .net *"_ivl_100", 26 0, L_0x564ef4fbcd30;  1 drivers
v0x564ef4f9dd20_0 .net *"_ivl_21", 7 0, L_0x564ef4fba580;  1 drivers
v0x564ef4f9dde0_0 .net *"_ivl_23", 0 0, L_0x564ef4fba620;  1 drivers
L_0x7f26289680f0 .functor BUFT 1, C4<1>, C4<0>, C4<0>, C4<0>;
v0x564ef4f9dea0_0 .net/2u *"_ivl_24", 0 0, L_0x7f26289680f0;  1 drivers
v0x564ef4f9dfd0_0 .net *"_ivl_27", 17 0, L_0x564ef4fba7a0;  1 drivers
v0x564ef4f9e0b0_0 .net *"_ivl_28", 18 0, L_0x564ef4fba870;  1 drivers
v0x564ef4f9e190_0 .net *"_ivl_3", 0 0, L_0x564ef4fb9f20;  1 drivers
L_0x7f2628968138 .functor BUFT 1, C4<0>, C4<0>, C4<0>, C4<0>;
v0x564ef4f9e250_0 .net/2u *"_ivl_30", 0 0, L_0x7f2628968138;  1 drivers
v0x564ef4f9e330_0 .net *"_ivl_33", 17 0, L_0x564ef4fbaa50;  1 drivers
v0x564ef4f9e410_0 .net *"_ivl_34", 18 0, L_0x564ef4fbaaf0;  1 drivers
v0x564ef4f9e4f0_0 .net *"_ivl_39", 7 0, L_0x564ef4fbae40;  1 drivers
v0x564ef4f9e5d0_0 .net *"_ivl_41", 0 0, L_0x564ef4fbaf70;  1 drivers
L_0x7f2628968180 .functor BUFT 1, C4<1>, C4<0>, C4<0>, C4<0>;
v0x564ef4f9e690_0 .net/2u *"_ivl_42", 0 0, L_0x7f2628968180;  1 drivers
v0x564ef4f9e770_0 .net *"_ivl_45", 17 0, L_0x564ef4fbb060;  1 drivers
v0x564ef4f9e850_0 .net *"_ivl_46", 18 0, L_0x564ef4fbb1a0;  1 drivers
L_0x7f26289681c8 .functor BUFT 1, C4<0>, C4<0>, C4<0>, C4<0>;
v0x564ef4f9e930_0 .net/2u *"_ivl_48", 0 0, L_0x7f26289681c8;  1 drivers
v0x564ef4f9ea10_0 .net *"_ivl_5", 25 0, L_0x564ef4fb9fc0;  1 drivers
v0x564ef4f9eaf0_0 .net *"_ivl_51", 17 0, L_0x564ef4fbb2e0;  1 drivers
v0x564ef4f9ebd0_0 .net *"_ivl_52", 18 0, L_0x564ef4fbb100;  1 drivers
v0x564ef4f9ecb0_0 .net *"_ivl_58", 8 0, L_0x564ef4fbb7f0;  1 drivers
L_0x7f2628968210 .functor BUFT 1, C4<0>, C4<0>, C4<0>, C4<0>;
v0x564ef4f9ed90_0 .net *"_ivl_61", 0 0, L_0x7f2628968210;  1 drivers
v0x564ef4f9ee70_0 .net *"_ivl_62", 8 0, L_0x564ef4fbb930;  1 drivers
L_0x7f2628968258 .functor BUFT 1, C4<0>, C4<0>, C4<0>, C4<0>;
v0x564ef4f9ef50_0 .net *"_ivl_65", 0 0, L_0x7f2628968258;  1 drivers
v0x564ef4f9f030_0 .net *"_ivl_68", 37 0, L_0x564ef4fbbca0;  1 drivers
v0x564ef4f9f110_0 .net *"_ivl_7", 0 0, L_0x564ef4fba060;  1 drivers
L_0x7f26289682a0 .functor BUFT 1, C4<0000000000000000000>, C4<0>, C4<0>, C4<0>;
v0x564ef4f9f1d0_0 .net *"_ivl_71", 18 0, L_0x7f26289682a0;  1 drivers
v0x564ef4f9f2b0_0 .net *"_ivl_72", 37 0, L_0x564ef4fbbec0;  1 drivers
L_0x7f26289682e8 .functor BUFT 1, C4<0000000000000000000>, C4<0>, C4<0>, C4<0>;
v0x564ef4f9f390_0 .net *"_ivl_75", 18 0, L_0x7f26289682e8;  1 drivers
v0x564ef4f9f470_0 .net *"_ivl_79", 0 0, L_0x564ef4fbc230;  1 drivers
L_0x7f2628968330 .functor BUFT 1, C4<1>, C4<0>, C4<0>, C4<0>;
v0x564ef4f9f550_0 .net/2u *"_ivl_80", 0 0, L_0x7f2628968330;  1 drivers
L_0x7f2628968378 .functor BUFT 1, C4<0>, C4<0>, C4<0>, C4<0>;
v0x564ef4f9f630_0 .net/2u *"_ivl_82", 0 0, L_0x7f2628968378;  1 drivers
v0x564ef4f9f710_0 .net *"_ivl_86", 26 0, L_0x564ef4fbc5b0;  1 drivers
v0x564ef4f9fa00_0 .net *"_ivl_89", 0 0, L_0x564ef4fbc650;  1 drivers
v0x564ef4f9fac0_0 .net *"_ivl_9", 0 0, L_0x564ef4f6ba30;  1 drivers
v0x564ef4f9fb80_0 .net *"_ivl_93", 0 0, L_0x564ef4fbc8d0;  1 drivers
L_0x7f26289683c0 .functor BUFT 1, C4<00000000000000000000000000>, C4<0>, C4<0>, C4<0>;
v0x564ef4f9fc40_0 .net/2u *"_ivl_94", 25 0, L_0x7f26289683c0;  1 drivers
v0x564ef4f9fd20_0 .net *"_ivl_96", 26 0, L_0x564ef4fbc9e0;  1 drivers
v0x564ef4f9fe00_0 .net *"_ivl_99", 7 0, L_0x564ef4fbcb20;  1 drivers
v0x564ef4f9fee0_0 .net "exp_a", 7 0, L_0x564ef4fba3f0;  1 drivers
v0x564ef4f9ffc0_0 .net "exp_b", 7 0, L_0x564ef4fba490;  1 drivers
v0x564ef4fa00a0_0 .var "exp_res", 8 0;
v0x564ef4fa0180_0 .net "exp_sum", 8 0, L_0x564ef4fbbb40;  1 drivers
v0x564ef4fa0260_0 .net "frac_a", 18 0, L_0x564ef4fbacb0;  1 drivers
v0x564ef4fa0340_0 .net "frac_b", 18 0, L_0x564ef4fbb500;  1 drivers
v0x564ef4fa0420_0 .var "mantissa", 17 0;
v0x564ef4fa0500_0 .net "norm", 0 0, L_0x564ef4fbc320;  1 drivers
v0x564ef4fa05c0_0 .net "num1", 26 0, L_0x564ef4fb9950;  alias, 1 drivers
v0x564ef4fa06a0_0 .net "num2", 26 0, L_0x564ef4fb9950;  alias, 1 drivers
v0x564ef4fa0760_0 .net "prod", 37 0, L_0x564ef4fbc000;  1 drivers
v0x564ef4fa0820_0 .net "res", 26 0, L_0x564ef4fbce70;  alias, 1 drivers
v0x564ef4fa0900_0 .net "sign_a", 0 0, L_0x564ef4fba270;  1 drivers
v0x564ef4fa09c0_0 .net "sign_b", 0 0, L_0x564ef4fba310;  1 drivers
v0x564ef4fa0a80_0 .net "sign_res", 0 0, L_0x564ef4fba990;  1 drivers
v0x564ef4fa0b40_0 .net "zero", 0 0, L_0x564ef4f200c0;  1 drivers
v0x564ef4fa0c00_0 .net "zero_res", 0 0, L_0x564ef4fbbbe0;  1 drivers
E_0x564ef4f28940 .event edge, v0x564ef4fa0180_0, v0x564ef4fa0500_0, v0x564ef4fa0760_0, v0x564ef4fa00a0_0;
L_0x564ef4fb9df0 .part L_0x564ef4fb9950, 0, 26;
L_0x564ef4fb9f20 .reduce/or L_0x564ef4fb9df0;
L_0x564ef4fb9fc0 .part L_0x564ef4fb9950, 0, 26;
L_0x564ef4fba060 .reduce/or L_0x564ef4fb9fc0;
L_0x564ef4fba270 .part L_0x564ef4fb9950, 26, 1;
L_0x564ef4fba310 .part L_0x564ef4fb9950, 26, 1;
L_0x564ef4fba3f0 .part L_0x564ef4fb9950, 18, 8;
L_0x564ef4fba490 .part L_0x564ef4fb9950, 18, 8;
L_0x564ef4fba580 .part L_0x564ef4fb9950, 18, 8;
L_0x564ef4fba620 .reduce/or L_0x564ef4fba580;
L_0x564ef4fba7a0 .part L_0x564ef4fb9950, 0, 18;
L_0x564ef4fba870 .concat [ 18 1 0 0], L_0x564ef4fba7a0, L_0x7f26289680f0;
L_0x564ef4fbaa50 .part L_0x564ef4fb9950, 0, 18;
L_0x564ef4fbaaf0 .concat [ 18 1 0 0], L_0x564ef4fbaa50, L_0x7f2628968138;
L_0x564ef4fbacb0 .functor MUXZ 19, L_0x564ef4fbaaf0, L_0x564ef4fba870, L_0x564ef4fba620, C4<>;
L_0x564ef4fbae40 .part L_0x564ef4fb9950, 18, 8;
L_0x564ef4fbaf70 .reduce/or L_0x564ef4fbae40;
L_0x564ef4fbb060 .part L_0x564ef4fb9950, 0, 18;
L_0x564ef4fbb1a0 .concat [ 18 1 0 0], L_0x564ef4fbb060, L_0x7f2628968180;
L_0x564ef4fbb2e0 .part L_0x564ef4fb9950, 0, 18;
L_0x564ef4fbb100 .concat [ 18 1 0 0], L_0x564ef4fbb2e0, L_0x7f26289681c8;
L_0x564ef4fbb500 .functor MUXZ 19, L_0x564ef4fbb100, L_0x564ef4fbb1a0, L_0x564ef4fbaf70, C4<>;
L_0x564ef4fbb7f0 .concat [ 8 1 0 0], L_0x564ef4fba3f0, L_0x7f2628968210;
L_0x564ef4fbb930 .concat [ 8 1 0 0], L_0x564ef4fba490, L_0x7f2628968258;
L_0x564ef4fbbb40 .arith/sum 9, L_0x564ef4fbb7f0, L_0x564ef4fbb930;
L_0x564ef4fbbca0 .concat [ 19 19 0 0], L_0x564ef4fbacb0, L_0x7f26289682a0;
L_0x564ef4fbbec0 .concat [ 19 19 0 0], L_0x564ef4fbb500, L_0x7f26289682e8;
L_0x564ef4fbc000 .arith/mult 38, L_0x564ef4fbbca0, L_0x564ef4fbbec0;
L_0x564ef4fbc230 .part L_0x564ef4fbc000, 37, 1;
L_0x564ef4fbc320 .functor MUXZ 1, L_0x7f2628968378, L_0x7f2628968330, L_0x564ef4fbc230, C4<>;
L_0x564ef4fbc5b0 .concat [ 18 9 0 0], v0x564ef4fa0420_0, v0x564ef4fa00a0_0;
L_0x564ef4fbc650 .reduce/or L_0x564ef4fbc5b0;
L_0x564ef4fbc9e0 .concat [ 26 1 0 0], L_0x7f26289683c0, L_0x564ef4fba990;
L_0x564ef4fbcb20 .part v0x564ef4fa00a0_0, 0, 8;
L_0x564ef4fbcd30 .concat [ 18 8 1 0], v0x564ef4fa0420_0, L_0x564ef4fbcb20, L_0x564ef4fba990;
L_0x564ef4fbce70 .functor MUXZ 27, L_0x564ef4fbcd30, L_0x564ef4fbc9e0, L_0x564ef4fbc8d0, C4<>;
S_0x564ef4f10230 .scope module, "m_inst2" "fp_mul" 3 68, 5 1 0, S_0x564ef4f0c8c0;
 .timescale -9 -12;
    .port_info 0 /INPUT 27 "num1";
    .port_info 1 /INPUT 27 "num2";
    .port_info 2 /OUTPUT 27 "res";
L_0x564ef4fbd450 .functor AND 1, L_0x564ef4fbd180, L_0x564ef4fbd360, C4<1>, C4<1>;
L_0x564ef4fbd560 .functor NOT 1, L_0x564ef4fbd450, C4<0>, C4<0>, C4<0>;
L_0x564ef4fbdca0 .functor XOR 1, L_0x564ef4fbd620, L_0x564ef4fbd6c0, C4<0>, C4<0>;
L_0x564ef4fbee70 .functor NOT 1, L_0x564ef4fbf930, C4<0>, C4<0>, C4<0>;
L_0x564ef4fbfb80 .functor OR 1, L_0x564ef4fbee70, L_0x564ef4fbd560, C4<0>, C4<0>;
v0x564ef4fa0dc0_0 .net *"_ivl_1", 25 0, L_0x564ef4fbd090;  1 drivers
v0x564ef4fa0ec0_0 .net *"_ivl_100", 26 0, L_0x564ef4fbffe0;  1 drivers
v0x564ef4fa0fa0_0 .net *"_ivl_21", 7 0, L_0x564ef4fbd9c0;  1 drivers
v0x564ef4fa1060_0 .net *"_ivl_23", 0 0, L_0x564ef4fbda60;  1 drivers
L_0x7f2628968408 .functor BUFT 1, C4<1>, C4<0>, C4<0>, C4<0>;
v0x564ef4fa1120_0 .net/2u *"_ivl_24", 0 0, L_0x7f2628968408;  1 drivers
v0x564ef4fa1250_0 .net *"_ivl_27", 17 0, L_0x564ef4fbdb60;  1 drivers
v0x564ef4fa1330_0 .net *"_ivl_28", 18 0, L_0x564ef4fbdc00;  1 drivers
v0x564ef4fa1410_0 .net *"_ivl_3", 0 0, L_0x564ef4fbd180;  1 drivers
L_0x7f2628968450 .functor BUFT 1, C4<0>, C4<0>, C4<0>, C4<0>;
v0x564ef4fa14d0_0 .net/2u *"_ivl_30", 0 0, L_0x7f2628968450;  1 drivers
v0x564ef4fa15b0_0 .net *"_ivl_33", 17 0, L_0x564ef4fbdd10;  1 drivers
v0x564ef4fa1690_0 .net *"_ivl_34", 18 0, L_0x564ef4fbddb0;  1 drivers
v0x564ef4fa1770_0 .net *"_ivl_39", 7 0, L_0x564ef4fbe100;  1 drivers
v0x564ef4fa1850_0 .net *"_ivl_41", 0 0, L_0x564ef4fbe230;  1 drivers
L_0x7f2628968498 .functor BUFT 1, C4<1>, C4<0>, C4<0>, C4<0>;
v0x564ef4fa1910_0 .net/2u *"_ivl_42", 0 0, L_0x7f2628968498;  1 drivers
v0x564ef4fa19f0_0 .net *"_ivl_45", 17 0, L_0x564ef4fbe320;  1 drivers
v0x564ef4fa1ad0_0 .net *"_ivl_46", 18 0, L_0x564ef4fbe460;  1 drivers
L_0x7f26289684e0 .functor BUFT 1, C4<0>, C4<0>, C4<0>, C4<0>;
v0x564ef4fa1bb0_0 .net/2u *"_ivl_48", 0 0, L_0x7f26289684e0;  1 drivers
v0x564ef4fa1c90_0 .net *"_ivl_5", 25 0, L_0x564ef4fbd270;  1 drivers
v0x564ef4fa1d70_0 .net *"_ivl_51", 17 0, L_0x564ef4fbe5a0;  1 drivers
v0x564ef4fa1e50_0 .net *"_ivl_52", 18 0, L_0x564ef4fbe3c0;  1 drivers
v0x564ef4fa1f30_0 .net *"_ivl_58", 8 0, L_0x564ef4fbea80;  1 drivers
L_0x7f2628968528 .functor BUFT 1, C4<0>, C4<0>, C4<0>, C4<0>;
v0x564ef4fa2010_0 .net *"_ivl_61", 0 0, L_0x7f2628968528;  1 drivers
v0x564ef4fa20f0_0 .net *"_ivl_62", 8 0, L_0x564ef4fbebc0;  1 drivers
L_0x7f2628968570 .functor BUFT 1, C4<0>, C4<0>, C4<0>, C4<0>;
v0x564ef4fa21d0_0 .net *"_ivl_65", 0 0, L_0x7f2628968570;  1 drivers
v0x564ef4fa22b0_0 .net *"_ivl_68", 37 0, L_0x564ef4fbef80;  1 drivers
v0x564ef4fa2390_0 .net *"_ivl_7", 0 0, L_0x564ef4fbd360;  1 drivers
L_0x7f26289685b8 .functor BUFT 1, C4<0000000000000000000>, C4<0>, C4<0>, C4<0>;
v0x564ef4fa2450_0 .net *"_ivl_71", 18 0, L_0x7f26289685b8;  1 drivers
v0x564ef4fa2530_0 .net *"_ivl_72", 37 0, L_0x564ef4fbf1a0;  1 drivers
L_0x7f2628968600 .functor BUFT 1, C4<0000000000000000000>, C4<0>, C4<0>, C4<0>;
v0x564ef4fa2610_0 .net *"_ivl_75", 18 0, L_0x7f2628968600;  1 drivers
v0x564ef4fa26f0_0 .net *"_ivl_79", 0 0, L_0x564ef4fbf510;  1 drivers
L_0x7f2628968648 .functor BUFT 1, C4<1>, C4<0>, C4<0>, C4<0>;
v0x564ef4fa27d0_0 .net/2u *"_ivl_80", 0 0, L_0x7f2628968648;  1 drivers
L_0x7f2628968690 .functor BUFT 1, C4<0>, C4<0>, C4<0>, C4<0>;
v0x564ef4fa28b0_0 .net/2u *"_ivl_82", 0 0, L_0x7f2628968690;  1 drivers
v0x564ef4fa2990_0 .net *"_ivl_86", 26 0, L_0x564ef4fbf890;  1 drivers
v0x564ef4fa2c80_0 .net *"_ivl_89", 0 0, L_0x564ef4fbf930;  1 drivers
v0x564ef4fa2d40_0 .net *"_ivl_9", 0 0, L_0x564ef4fbd450;  1 drivers
v0x564ef4fa2e00_0 .net *"_ivl_93", 0 0, L_0x564ef4fbfb80;  1 drivers
L_0x7f26289686d8 .functor BUFT 1, C4<00000000000000000000000000>, C4<0>, C4<0>, C4<0>;
v0x564ef4fa2ec0_0 .net/2u *"_ivl_94", 25 0, L_0x7f26289686d8;  1 drivers
v0x564ef4fa2fa0_0 .net *"_ivl_96", 26 0, L_0x564ef4fbfc90;  1 drivers
v0x564ef4fa3080_0 .net *"_ivl_99", 7 0, L_0x564ef4fbfdd0;  1 drivers
v0x564ef4fa3160_0 .net "exp_a", 7 0, L_0x564ef4fbd7a0;  1 drivers
v0x564ef4fa3240_0 .net "exp_b", 7 0, L_0x564ef4fbd840;  1 drivers
v0x564ef4fa3320_0 .var "exp_res", 8 0;
v0x564ef4fa3400_0 .net "exp_sum", 8 0, L_0x564ef4fbedd0;  1 drivers
v0x564ef4fa34e0_0 .net "frac_a", 18 0, L_0x564ef4fbdf70;  1 drivers
v0x564ef4fa35c0_0 .net "frac_b", 18 0, L_0x564ef4fbe790;  1 drivers
v0x564ef4fa36a0_0 .var "mantissa", 17 0;
v0x564ef4fa3780_0 .net "norm", 0 0, L_0x564ef4fbf600;  1 drivers
v0x564ef4fa3840_0 .net "num1", 26 0, v0x564ef4fa7d40_0;  1 drivers
v0x564ef4fa3920_0 .net "num2", 26 0, v0x564ef4fa7de0_0;  1 drivers
v0x564ef4fa3a00_0 .net "prod", 37 0, L_0x564ef4fbf2e0;  1 drivers
v0x564ef4fa3ae0_0 .net "res", 26 0, L_0x564ef4fc0120;  alias, 1 drivers
v0x564ef4fa3bc0_0 .net "sign_a", 0 0, L_0x564ef4fbd620;  1 drivers
v0x564ef4fa3c80_0 .net "sign_b", 0 0, L_0x564ef4fbd6c0;  1 drivers
v0x564ef4fa3d40_0 .net "sign_res", 0 0, L_0x564ef4fbdca0;  1 drivers
v0x564ef4fa3e00_0 .net "zero", 0 0, L_0x564ef4fbd560;  1 drivers
v0x564ef4fa3ec0_0 .net "zero_res", 0 0, L_0x564ef4fbee70;  1 drivers
E_0x564ef4f67880 .event edge, v0x564ef4fa3400_0, v0x564ef4fa3780_0, v0x564ef4fa3a00_0, v0x564ef4fa3320_0;
L_0x564ef4fbd090 .part v0x564ef4fa7d40_0, 0, 26;
L_0x564ef4fbd180 .reduce/or L_0x564ef4fbd090;
L_0x564ef4fbd270 .part v0x564ef4fa7de0_0, 0, 26;
L_0x564ef4fbd360 .reduce/or L_0x564ef4fbd270;
L_0x564ef4fbd620 .part v0x564ef4fa7d40_0, 26, 1;
L_0x564ef4fbd6c0 .part v0x564ef4fa7de0_0, 26, 1;
L_0x564ef4fbd7a0 .part v0x564ef4fa7d40_0, 18, 8;
L_0x564ef4fbd840 .part v0x564ef4fa7de0_0, 18, 8;
L_0x564ef4fbd9c0 .part v0x564ef4fa7d40_0, 18, 8;
L_0x564ef4fbda60 .reduce/or L_0x564ef4fbd9c0;
L_0x564ef4fbdb60 .part v0x564ef4fa7d40_0, 0, 18;
L_0x564ef4fbdc00 .concat [ 18 1 0 0], L_0x564ef4fbdb60, L_0x7f2628968408;
L_0x564ef4fbdd10 .part v0x564ef4fa7d40_0, 0, 18;
L_0x564ef4fbddb0 .concat [ 18 1 0 0], L_0x564ef4fbdd10, L_0x7f2628968450;
L_0x564ef4fbdf70 .functor MUXZ 19, L_0x564ef4fbddb0, L_0x564ef4fbdc00, L_0x564ef4fbda60, C4<>;
L_0x564ef4fbe100 .part v0x564ef4fa7de0_0, 18, 8;
L_0x564ef4fbe230 .reduce/or L_0x564ef4fbe100;
L_0x564ef4fbe320 .part v0x564ef4fa7de0_0, 0, 18;
L_0x564ef4fbe460 .concat [ 18 1 0 0], L_0x564ef4fbe320, L_0x7f2628968498;
L_0x564ef4fbe5a0 .part v0x564ef4fa7de0_0, 0, 18;
L_0x564ef4fbe3c0 .concat [ 18 1 0 0], L_0x564ef4fbe5a0, L_0x7f26289684e0;
L_0x564ef4fbe790 .functor MUXZ 19, L_0x564ef4fbe3c0, L_0x564ef4fbe460, L_0x564ef4fbe230, C4<>;
L_0x564ef4fbea80 .concat [ 8 1 0 0], L_0x564ef4fbd7a0, L_0x7f2628968528;
L_0x564ef4fbebc0 .concat [ 8 1 0 0], L_0x564ef4fbd840, L_0x7f2628968570;
L_0x564ef4fbedd0 .arith/sum 9, L_0x564ef4fbea80, L_0x564ef4fbebc0;
L_0x564ef4fbef80 .concat [ 19 19 0 0], L_0x564ef4fbdf70, L_0x7f26289685b8;
L_0x564ef4fbf1a0 .concat [ 19 19 0 0], L_0x564ef4fbe790, L_0x7f2628968600;
L_0x564ef4fbf2e0 .arith/mult 38, L_0x564ef4fbef80, L_0x564ef4fbf1a0;
L_0x564ef4fbf510 .part L_0x564ef4fbf2e0, 37, 1;
L_0x564ef4fbf600 .functor MUXZ 1, L_0x7f2628968690, L_0x7f2628968648, L_0x564ef4fbf510, C4<>;
L_0x564ef4fbf890 .concat [ 18 9 0 0], v0x564ef4fa36a0_0, v0x564ef4fa3320_0;
L_0x564ef4fbf930 .reduce/or L_0x564ef4fbf890;
L_0x564ef4fbfc90 .concat [ 26 1 0 0], L_0x7f26289686d8, L_0x564ef4fbdca0;
L_0x564ef4fbfdd0 .part v0x564ef4fa3320_0, 0, 8;
L_0x564ef4fbffe0 .concat [ 18 8 1 0], v0x564ef4fa36a0_0, L_0x564ef4fbfdd0, L_0x564ef4fbdca0;
L_0x564ef4fc0120 .functor MUXZ 27, L_0x564ef4fbffe0, L_0x564ef4fbfc90, L_0x564ef4fbfb80, C4<>;
S_0x564ef4f14d50 .scope module, "m_inst3" "fp_mul" 3 79, 5 1 0, S_0x564ef4f0c8c0;
 .timescale -9 -12;
    .port_info 0 /INPUT 27 "num1";
    .port_info 1 /INPUT 27 "num2";
    .port_info 2 /OUTPUT 27 "res";
L_0x564ef4fc1b20 .functor AND 1, L_0x564ef4fc1820, L_0x564ef4fc1a00, C4<1>, C4<1>;
L_0x564ef4fc1c30 .functor NOT 1, L_0x564ef4fc1b20, C4<0>, C4<0>, C4<0>;
L_0x564ef4fc23d0 .functor XOR 1, L_0x564ef4fc1cf0, L_0x564ef4fc1d90, C4<0>, C4<0>;
L_0x564ef4fc3810 .functor NOT 1, L_0x564ef4fc42d0, C4<0>, C4<0>, C4<0>;
L_0x564ef4fc4550 .functor OR 1, L_0x564ef4fc3810, L_0x564ef4fc1c30, C4<0>, C4<0>;
v0x564ef4fa40a0_0 .net *"_ivl_1", 25 0, L_0x564ef4fc1700;  1 drivers
v0x564ef4fa41a0_0 .net *"_ivl_100", 26 0, L_0x564ef4fc49b0;  1 drivers
v0x564ef4fa4280_0 .net *"_ivl_21", 7 0, L_0x564ef4fc2030;  1 drivers
v0x564ef4fa4340_0 .net *"_ivl_23", 0 0, L_0x564ef4fc2100;  1 drivers
L_0x7f26289687b0 .functor BUFT 1, C4<1>, C4<0>, C4<0>, C4<0>;
v0x564ef4fa4400_0 .net/2u *"_ivl_24", 0 0, L_0x7f26289687b0;  1 drivers
v0x564ef4fa4530_0 .net *"_ivl_27", 17 0, L_0x564ef4fc2230;  1 drivers
v0x564ef4fa4610_0 .net *"_ivl_28", 18 0, L_0x564ef4fc2300;  1 drivers
v0x564ef4fa46f0_0 .net *"_ivl_3", 0 0, L_0x564ef4fc1820;  1 drivers
L_0x7f26289687f8 .functor BUFT 1, C4<0>, C4<0>, C4<0>, C4<0>;
v0x564ef4fa47b0_0 .net/2u *"_ivl_30", 0 0, L_0x7f26289687f8;  1 drivers
v0x564ef4fa4890_0 .net *"_ivl_33", 17 0, L_0x564ef4fc2440;  1 drivers
v0x564ef4fa4970_0 .net *"_ivl_34", 18 0, L_0x564ef4fc24e0;  1 drivers
v0x564ef4fa4a50_0 .net *"_ivl_39", 7 0, L_0x564ef4fc2860;  1 drivers
v0x564ef4fa4b30_0 .net *"_ivl_41", 0 0, L_0x564ef4fc2990;  1 drivers
L_0x7f2628968840 .functor BUFT 1, C4<1>, C4<0>, C4<0>, C4<0>;
v0x564ef4fa4bf0_0 .net/2u *"_ivl_42", 0 0, L_0x7f2628968840;  1 drivers
v0x564ef4fa4cd0_0 .net *"_ivl_45", 17 0, L_0x564ef4fc2a80;  1 drivers
v0x564ef4fa4db0_0 .net *"_ivl_46", 18 0, L_0x564ef4fc2bc0;  1 drivers
L_0x7f2628968888 .functor BUFT 1, C4<0>, C4<0>, C4<0>, C4<0>;
v0x564ef4fa4e90_0 .net/2u *"_ivl_48", 0 0, L_0x7f2628968888;  1 drivers
v0x564ef4fa4f70_0 .net *"_ivl_5", 25 0, L_0x564ef4fc1910;  1 drivers
v0x564ef4fa5050_0 .net *"_ivl_51", 17 0, L_0x564ef4fc2d00;  1 drivers
v0x564ef4fa5130_0 .net *"_ivl_52", 18 0, L_0x564ef4fc2b20;  1 drivers
v0x564ef4fa5210_0 .net *"_ivl_58", 8 0, L_0x564ef4fc3210;  1 drivers
L_0x7f26289688d0 .functor BUFT 1, C4<0>, C4<0>, C4<0>, C4<0>;
v0x564ef4fa52f0_0 .net *"_ivl_61", 0 0, L_0x7f26289688d0;  1 drivers
v0x564ef4fa53d0_0 .net *"_ivl_62", 8 0, L_0x564ef4fc3350;  1 drivers
L_0x7f2628968918 .functor BUFT 1, C4<0>, C4<0>, C4<0>, C4<0>;
v0x564ef4fa54b0_0 .net *"_ivl_65", 0 0, L_0x7f2628968918;  1 drivers
v0x564ef4fa5590_0 .net *"_ivl_68", 37 0, L_0x564ef4fc3920;  1 drivers
v0x564ef4fa5670_0 .net *"_ivl_7", 0 0, L_0x564ef4fc1a00;  1 drivers
L_0x7f2628968960 .functor BUFT 1, C4<0000000000000000000>, C4<0>, C4<0>, C4<0>;
v0x564ef4fa5730_0 .net *"_ivl_71", 18 0, L_0x7f2628968960;  1 drivers
v0x564ef4fa5810_0 .net *"_ivl_72", 37 0, L_0x564ef4fc3b40;  1 drivers
L_0x7f26289689a8 .functor BUFT 1, C4<0000000000000000000>, C4<0>, C4<0>, C4<0>;
v0x564ef4fa58f0_0 .net *"_ivl_75", 18 0, L_0x7f26289689a8;  1 drivers
v0x564ef4fa59d0_0 .net *"_ivl_79", 0 0, L_0x564ef4fc3eb0;  1 drivers
L_0x7f26289689f0 .functor BUFT 1, C4<1>, C4<0>, C4<0>, C4<0>;
v0x564ef4fa5ab0_0 .net/2u *"_ivl_80", 0 0, L_0x7f26289689f0;  1 drivers
L_0x7f2628968a38 .functor BUFT 1, C4<0>, C4<0>, C4<0>, C4<0>;
v0x564ef4fa5b90_0 .net/2u *"_ivl_82", 0 0, L_0x7f2628968a38;  1 drivers
v0x564ef4fa5c70_0 .net *"_ivl_86", 26 0, L_0x564ef4fc4230;  1 drivers
v0x564ef4fa5f60_0 .net *"_ivl_89", 0 0, L_0x564ef4fc42d0;  1 drivers
v0x564ef4fa6020_0 .net *"_ivl_9", 0 0, L_0x564ef4fc1b20;  1 drivers
v0x564ef4fa60e0_0 .net *"_ivl_93", 0 0, L_0x564ef4fc4550;  1 drivers
L_0x7f2628968a80 .functor BUFT 1, C4<00000000000000000000000000>, C4<0>, C4<0>, C4<0>;
v0x564ef4fa61a0_0 .net/2u *"_ivl_94", 25 0, L_0x7f2628968a80;  1 drivers
v0x564ef4fa6280_0 .net *"_ivl_96", 26 0, L_0x564ef4fc4660;  1 drivers
v0x564ef4fa6360_0 .net *"_ivl_99", 7 0, L_0x564ef4fc47a0;  1 drivers
v0x564ef4fa6440_0 .net "exp_a", 7 0, L_0x564ef4fc1e70;  1 drivers
v0x564ef4fa6520_0 .net "exp_b", 7 0, L_0x564ef4fc1f10;  1 drivers
v0x564ef4fa6600_0 .var "exp_res", 8 0;
v0x564ef4fa66e0_0 .net "exp_sum", 8 0, L_0x564ef4fc3770;  1 drivers
v0x564ef4fa67c0_0 .net "frac_a", 18 0, L_0x564ef4fc26d0;  1 drivers
v0x564ef4fa68a0_0 .net "frac_b", 18 0, L_0x564ef4fc2f20;  1 drivers
v0x564ef4fa6980_0 .var "mantissa", 17 0;
v0x564ef4fa6a60_0 .net "norm", 0 0, L_0x564ef4fc3fa0;  1 drivers
v0x564ef4fa6b20_0 .net "num1", 26 0, v0x564ef4fa81e0_0;  1 drivers
v0x564ef4fa6c00_0 .net "num2", 26 0, v0x564ef4fa82d0_0;  1 drivers
v0x564ef4fa6ce0_0 .net "prod", 37 0, L_0x564ef4fc3c80;  1 drivers
v0x564ef4fa6dc0_0 .net "res", 26 0, L_0x564ef4fc4af0;  alias, 1 drivers
v0x564ef4fa6ea0_0 .net "sign_a", 0 0, L_0x564ef4fc1cf0;  1 drivers
v0x564ef4fa6f60_0 .net "sign_b", 0 0, L_0x564ef4fc1d90;  1 drivers
v0x564ef4fa7020_0 .net "sign_res", 0 0, L_0x564ef4fc23d0;  1 drivers
v0x564ef4fa70e0_0 .net "zero", 0 0, L_0x564ef4fc1c30;  1 drivers
v0x564ef4fa71a0_0 .net "zero_res", 0 0, L_0x564ef4fc3810;  1 drivers
E_0x564ef4f1a360 .event edge, v0x564ef4fa66e0_0, v0x564ef4fa6a60_0, v0x564ef4fa6ce0_0, v0x564ef4fa6600_0;
L_0x564ef4fc1700 .part v0x564ef4fa81e0_0, 0, 26;
L_0x564ef4fc1820 .reduce/or L_0x564ef4fc1700;
L_0x564ef4fc1910 .part v0x564ef4fa82d0_0, 0, 26;
L_0x564ef4fc1a00 .reduce/or L_0x564ef4fc1910;
L_0x564ef4fc1cf0 .part v0x564ef4fa81e0_0, 26, 1;
L_0x564ef4fc1d90 .part v0x564ef4fa82d0_0, 26, 1;
L_0x564ef4fc1e70 .part v0x564ef4fa81e0_0, 18, 8;
L_0x564ef4fc1f10 .part v0x564ef4fa82d0_0, 18, 8;
L_0x564ef4fc2030 .part v0x564ef4fa81e0_0, 18, 8;
L_0x564ef4fc2100 .reduce/or L_0x564ef4fc2030;
L_0x564ef4fc2230 .part v0x564ef4fa81e0_0, 0, 18;
L_0x564ef4fc2300 .concat [ 18 1 0 0], L_0x564ef4fc2230, L_0x7f26289687b0;
L_0x564ef4fc2440 .part v0x564ef4fa81e0_0, 0, 18;
L_0x564ef4fc24e0 .concat [ 18 1 0 0], L_0x564ef4fc2440, L_0x7f26289687f8;
L_0x564ef4fc26d0 .functor MUXZ 19, L_0x564ef4fc24e0, L_0x564ef4fc2300, L_0x564ef4fc2100, C4<>;
L_0x564ef4fc2860 .part v0x564ef4fa82d0_0, 18, 8;
L_0x564ef4fc2990 .reduce/or L_0x564ef4fc2860;
L_0x564ef4fc2a80 .part v0x564ef4fa82d0_0, 0, 18;
L_0x564ef4fc2bc0 .concat [ 18 1 0 0], L_0x564ef4fc2a80, L_0x7f2628968840;
L_0x564ef4fc2d00 .part v0x564ef4fa82d0_0, 0, 18;
L_0x564ef4fc2b20 .concat [ 18 1 0 0], L_0x564ef4fc2d00, L_0x7f2628968888;
L_0x564ef4fc2f20 .functor MUXZ 19, L_0x564ef4fc2b20, L_0x564ef4fc2bc0, L_0x564ef4fc2990, C4<>;
L_0x564ef4fc3210 .concat [ 8 1 0 0], L_0x564ef4fc1e70, L_0x7f26289688d0;
L_0x564ef4fc3350 .concat [ 8 1 0 0], L_0x564ef4fc1f10, L_0x7f2628968918;
L_0x564ef4fc3770 .arith/sum 9, L_0x564ef4fc3210, L_0x564ef4fc3350;
L_0x564ef4fc3920 .concat [ 19 19 0 0], L_0x564ef4fc26d0, L_0x7f2628968960;
L_0x564ef4fc3b40 .concat [ 19 19 0 0], L_0x564ef4fc2f20, L_0x7f26289689a8;
L_0x564ef4fc3c80 .arith/mult 38, L_0x564ef4fc3920, L_0x564ef4fc3b40;
L_0x564ef4fc3eb0 .part L_0x564ef4fc3c80, 37, 1;
L_0x564ef4fc3fa0 .functor MUXZ 1, L_0x7f2628968a38, L_0x7f26289689f0, L_0x564ef4fc3eb0, C4<>;
L_0x564ef4fc4230 .concat [ 18 9 0 0], v0x564ef4fa6980_0, v0x564ef4fa6600_0;
L_0x564ef4fc42d0 .reduce/or L_0x564ef4fc4230;
L_0x564ef4fc4660 .concat [ 26 1 0 0], L_0x7f2628968a80, L_0x564ef4fc23d0;
L_0x564ef4fc47a0 .part v0x564ef4fa6600_0, 0, 8;
L_0x564ef4fc49b0 .concat [ 18 8 1 0], v0x564ef4fa6980_0, L_0x564ef4fc47a0, L_0x564ef4fc23d0;
L_0x564ef4fc4af0 .functor MUXZ 27, L_0x564ef4fc49b0, L_0x564ef4fc4660, L_0x564ef4fc4550, C4<>;
    .scope S_0x564ef4f0f160;
T_0 ;
    %wait E_0x564ef4f28940;
    %load/vec4 v0x564ef4fa0180_0;
    %subi 127, 0, 9;
    %store/vec4 v0x564ef4fa00a0_0, 0, 9;
    %load/vec4 v0x564ef4fa0500_0;
    %nor/r;
    %flag_set/vec4 8;
    %jmp/0xz  T_0.0, 8;
    %load/vec4 v0x564ef4fa0760_0;
    %parti/s 18, 18, 6;
    %store/vec4 v0x564ef4fa0420_0, 0, 18;
    %jmp T_0.1;
T_0.0 ;
    %load/vec4 v0x564ef4fa0760_0;
    %parti/s 18, 19, 6;
    %store/vec4 v0x564ef4fa0420_0, 0, 18;
    %load/vec4 v0x564ef4fa00a0_0;
    %addi 1, 0, 9;
    %store/vec4 v0x564ef4fa00a0_0, 0, 9;
T_0.1 ;
    %jmp T_0;
    .thread T_0, $push;
    .scope S_0x564ef4f10230;
T_1 ;
    %wait E_0x564ef4f67880;
    %load/vec4 v0x564ef4fa3400_0;
    %subi 127, 0, 9;
    %store/vec4 v0x564ef4fa3320_0, 0, 9;
    %load/vec4 v0x564ef4fa3780_0;
    %nor/r;
    %flag_set/vec4 8;
    %jmp/0xz  T_1.0, 8;
    %load/vec4 v0x564ef4fa3a00_0;
    %parti/s 18, 18, 6;
    %store/vec4 v0x564ef4fa36a0_0, 0, 18;
    %jmp T_1.1;
T_1.0 ;
    %load/vec4 v0x564ef4fa3a00_0;
    %parti/s 18, 19, 6;
    %store/vec4 v0x564ef4fa36a0_0, 0, 18;
    %load/vec4 v0x564ef4fa3320_0;
    %addi 1, 0, 9;
    %store/vec4 v0x564ef4fa3320_0, 0, 9;
T_1.1 ;
    %jmp T_1;
    .thread T_1, $push;
    .scope S_0x564ef4f0d990;
T_2 ;
    %wait E_0x564ef4f095b0;
    %load/vec4 v0x564ef4f9cc20_0;
    %parti/s 8, 18, 6;
    %load/vec4 v0x564ef4f9cb40_0;
    %parti/s 8, 18, 6;
    %cmp/u;
    %jmp/0xz  T_2.0, 5;
    %load/vec4 v0x564ef4f9cb40_0;
    %assign/vec4 v0x564ef4f9ca60_0, 0;
    %load/vec4 v0x564ef4f9cc20_0;
    %assign/vec4 v0x564ef4f9d300_0, 0;
    %jmp T_2.1;
T_2.0 ;
    %load/vec4 v0x564ef4f9cb40_0;
    %parti/s 8, 18, 6;
    %load/vec4 v0x564ef4f9cc20_0;
    %parti/s 8, 18, 6;
    %cmp/e;
    %flag_get/vec4 4;
    %load/vec4 v0x564ef4f9cc20_0;
    %parti/s 18, 0, 2;
    %load/vec4 v0x564ef4f9cb40_0;
    %parti/s 18, 0, 2;
    %cmp/u;
    %flag_get/vec4 5;
    %and;
    %flag_set/vec4 8;
    %jmp/0xz  T_2.2, 8;
    %load/vec4 v0x564ef4f9cb40_0;
    %assign/vec4 v0x564ef4f9ca60_0, 0;
    %load/vec4 v0x564ef4f9cc20_0;
    %assign/vec4 v0x564ef4f9d300_0, 0;
    %jmp T_2.3;
T_2.2 ;
    %load/vec4 v0x564ef4f9cc20_0;
    %assign/vec4 v0x564ef4f9ca60_0, 0;
    %load/vec4 v0x564ef4f9cb40_0;
    %assign/vec4 v0x564ef4f9d300_0, 0;
T_2.3 ;
T_2.1 ;
    %jmp T_2;
    .thread T_2, $push;
    .scope S_0x564ef4f0d990;
T_3 ;
    %wait E_0x564ef4f17c70;
    %load/vec4 v0x564ef4f9ca60_0;
    %parti/s 8, 18, 6;
    %load/vec4 v0x564ef4f9d300_0;
    %parti/s 8, 18, 6;
    %sub;
    %cmpi/u 18, 0, 8;
    %flag_or 5, 4;
    %jmp/0xz  T_3.0, 5;
    %pushi/vec4 1, 0, 1;
    %load/vec4 v0x564ef4f9d300_0;
    %parti/s 18, 0, 2;
    %concat/vec4; draw_concat_vec4
    %ix/getv 4, v0x564ef4f9d220_0;
    %shiftr 4;
    %assign/vec4 v0x564ef4f9cde0_0, 0;
    %jmp T_3.1;
T_3.0 ;
    %pushi/vec4 0, 0, 19;
    %assign/vec4 v0x564ef4f9cde0_0, 0;
T_3.1 ;
    %jmp T_3;
    .thread T_3, $push;
    .scope S_0x564ef4f0d990;
T_4 ;
    %wait E_0x564ef4f708e0;
    %load/vec4 v0x564ef4f9cec0_0;
    %pad/u 32;
    %cmpi/e 0, 0, 32;
    %jmp/0xz  T_4.0, 4;
    %pushi/vec4 0, 0, 27;
    %assign/vec4 v0x564ef4f9c8a0_0, 0;
    %pushi/vec4 0, 0, 20;
    %assign/vec4 v0x564ef4f9cf80_0, 0;
    %pushi/vec4 0, 0, 8;
    %assign/vec4 v0x564ef4f9cd00_0, 0;
    %pushi/vec4 0, 0, 8;
    %assign/vec4 v0x564ef4f9d140_0, 0;
    %jmp T_4.1;
T_4.0 ;
    %load/vec4 v0x564ef4f9ca60_0;
    %assign/vec4 v0x564ef4f9c8a0_0, 0;
    %load/vec4 v0x564ef4f9d300_0;
    %parti/s 1, 26, 6;
    %load/vec4 v0x564ef4f9cde0_0;
    %concat/vec4; draw_concat_vec4
    %assign/vec4 v0x564ef4f9cf80_0, 0;
    %load/vec4 v0x564ef4f9ca60_0;
    %parti/s 8, 18, 6;
    %assign/vec4 v0x564ef4f9cd00_0, 0;
    %load/vec4 v0x564ef4f9d220_0;
    %assign/vec4 v0x564ef4f9d140_0, 0;
T_4.1 ;
    %jmp T_4;
    .thread T_4;
    .scope S_0x564ef4f0d990;
T_5 ;
    %wait E_0x564ef4f71350;
    %pushi/vec4 1, 0, 1;
    %load/vec4 v0x564ef4f9c8a0_0;
    %parti/s 18, 0, 2;
    %concat/vec4; draw_concat_vec4
    %pad/u 20;
    %load/vec4 v0x564ef4f9cf80_0;
    %parti/s 19, 0, 2;
    %pad/u 20;
    %add;
    %assign/vec4 v0x564ef4f9c380_0, 0;
    %jmp T_5;
    .thread T_5, $push;
    .scope S_0x564ef4f0d990;
T_6 ;
    %wait E_0x564ef4f6fb70;
    %load/vec4 v0x564ef4f9cd00_0;
    %pushi/vec4 0, 0, 7;
    %load/vec4 v0x564ef4f9c380_0;
    %parti/s 1, 19, 6;
    %concat/vec4; draw_concat_vec4
    %add;
    %assign/vec4 v0x564ef4f9c600_0, 0;
    %jmp T_6;
    .thread T_6, $push;
    .scope S_0x564ef4f0d990;
T_7 ;
    %wait E_0x564ef4f71b30;
    %load/vec4 v0x564ef4f9c8a0_0;
    %parti/s 1, 26, 6;
    %load/vec4 v0x564ef4f9c600_0;
    %concat/vec4; draw_concat_vec4
    %load/vec4 v0x564ef4f9c6e0_0;
    %concat/vec4; draw_concat_vec4
    %assign/vec4 v0x564ef4f9c460_0, 0;
    %jmp T_7;
    .thread T_7, $push;
    .scope S_0x564ef4f0d990;
T_8 ;
    %wait E_0x564ef4f71350;
    %pushi/vec4 1, 0, 1;
    %load/vec4 v0x564ef4f9c8a0_0;
    %parti/s 18, 0, 2;
    %concat/vec4; draw_concat_vec4
    %load/vec4 v0x564ef4f9cf80_0;
    %parti/s 19, 0, 2;
    %sub;
    %assign/vec4 v0x564ef4f9d580_0, 0;
    %jmp T_8;
    .thread T_8, $push;
    .scope S_0x564ef4f0d990;
T_9 ;
    %wait E_0x564ef4f848b0;
    %load/vec4 v0x564ef4f9d580_0;
    %dup/vec4;
    %pushi/vec4 524287, 262143, 19;
    %cmp/x;
    %jmp/1 T_9.0, 4;
    %dup/vec4;
    %pushi/vec4 262143, 131071, 19;
    %cmp/x;
    %jmp/1 T_9.1, 4;
    %dup/vec4;
    %pushi/vec4 131071, 65535, 19;
    %cmp/x;
    %jmp/1 T_9.2, 4;
    %dup/vec4;
    %pushi/vec4 65535, 32767, 19;
    %cmp/x;
    %jmp/1 T_9.3, 4;
    %dup/vec4;
    %pushi/vec4 32767, 16383, 19;
    %cmp/x;
    %jmp/1 T_9.4, 4;
    %dup/vec4;
    %pushi/vec4 16383, 8191, 19;
    %cmp/x;
    %jmp/1 T_9.5, 4;
    %dup/vec4;
    %pushi/vec4 8191, 4095, 19;
    %cmp/x;
    %jmp/1 T_9.6, 4;
    %dup/vec4;
    %pushi/vec4 4095, 2047, 19;
    %cmp/x;
    %jmp/1 T_9.7, 4;
    %dup/vec4;
    %pushi/vec4 2047, 1023, 19;
    %cmp/x;
    %jmp/1 T_9.8, 4;
    %dup/vec4;
    %pushi/vec4 1023, 511, 19;
    %cmp/x;
    %jmp/1 T_9.9, 4;
    %dup/vec4;
    %pushi/vec4 511, 255, 19;
    %cmp/x;
    %jmp/1 T_9.10, 4;
    %dup/vec4;
    %pushi/vec4 255, 127, 19;
    %cmp/x;
    %jmp/1 T_9.11, 4;
    %dup/vec4;
    %pushi/vec4 127, 63, 19;
    %cmp/x;
    %jmp/1 T_9.12, 4;
    %dup/vec4;
    %pushi/vec4 63, 31, 19;
    %cmp/x;
    %jmp/1 T_9.13, 4;
    %dup/vec4;
    %pushi/vec4 31, 15, 19;
    %cmp/x;
    %jmp/1 T_9.14, 4;
    %dup/vec4;
    %pushi/vec4 15, 7, 19;
    %cmp/x;
    %jmp/1 T_9.15, 4;
    %dup/vec4;
    %pushi/vec4 7, 3, 19;
    %cmp/x;
    %jmp/1 T_9.16, 4;
    %dup/vec4;
    %pushi/vec4 3, 1, 19;
    %cmp/x;
    %jmp/1 T_9.17, 4;
    %dup/vec4;
    %pushi/vec4 1, 0, 19;
    %cmp/x;
    %jmp/1 T_9.18, 4;
    %dup/vec4;
    %pushi/vec4 0, 0, 19;
    %cmp/x;
    %jmp/1 T_9.19, 4;
    %pushi/vec4 0, 0, 5;
    %assign/vec4 v0x564ef4f9d740_0, 0;
    %jmp T_9.21;
T_9.0 ;
    %pushi/vec4 0, 0, 5;
    %assign/vec4 v0x564ef4f9d740_0, 0;
    %jmp T_9.21;
T_9.1 ;
    %pushi/vec4 1, 0, 5;
    %assign/vec4 v0x564ef4f9d740_0, 0;
    %jmp T_9.21;
T_9.2 ;
    %pushi/vec4 2, 0, 5;
    %assign/vec4 v0x564ef4f9d740_0, 0;
    %jmp T_9.21;
T_9.3 ;
    %pushi/vec4 3, 0, 5;
    %assign/vec4 v0x564ef4f9d740_0, 0;
    %jmp T_9.21;
T_9.4 ;
    %pushi/vec4 4, 0, 5;
    %assign/vec4 v0x564ef4f9d740_0, 0;
    %jmp T_9.21;
T_9.5 ;
    %pushi/vec4 5, 0, 5;
    %assign/vec4 v0x564ef4f9d740_0, 0;
    %jmp T_9.21;
T_9.6 ;
    %pushi/vec4 6, 0, 5;
    %assign/vec4 v0x564ef4f9d740_0, 0;
    %jmp T_9.21;
T_9.7 ;
    %pushi/vec4 7, 0, 5;
    %assign/vec4 v0x564ef4f9d740_0, 0;
    %jmp T_9.21;
T_9.8 ;
    %pushi/vec4 8, 0, 5;
    %assign/vec4 v0x564ef4f9d740_0, 0;
    %jmp T_9.21;
T_9.9 ;
    %pushi/vec4 9, 0, 5;
    %assign/vec4 v0x564ef4f9d740_0, 0;
    %jmp T_9.21;
T_9.10 ;
    %pushi/vec4 10, 0, 5;
    %assign/vec4 v0x564ef4f9d740_0, 0;
    %jmp T_9.21;
T_9.11 ;
    %pushi/vec4 11, 0, 5;
    %assign/vec4 v0x564ef4f9d740_0, 0;
    %jmp T_9.21;
T_9.12 ;
    %pushi/vec4 12, 0, 5;
    %assign/vec4 v0x564ef4f9d740_0, 0;
    %jmp T_9.21;
T_9.13 ;
    %pushi/vec4 13, 0, 5;
    %assign/vec4 v0x564ef4f9d740_0, 0;
    %jmp T_9.21;
T_9.14 ;
    %pushi/vec4 14, 0, 5;
    %assign/vec4 v0x564ef4f9d740_0, 0;
    %jmp T_9.21;
T_9.15 ;
    %pushi/vec4 15, 0, 5;
    %assign/vec4 v0x564ef4f9d740_0, 0;
    %jmp T_9.21;
T_9.16 ;
    %pushi/vec4 16, 0, 5;
    %assign/vec4 v0x564ef4f9d740_0, 0;
    %jmp T_9.21;
T_9.17 ;
    %pushi/vec4 17, 0, 5;
    %assign/vec4 v0x564ef4f9d740_0, 0;
    %jmp T_9.21;
T_9.18 ;
    %pushi/vec4 18, 0, 5;
    %assign/vec4 v0x564ef4f9d740_0, 0;
    %jmp T_9.21;
T_9.19 ;
    %pushi/vec4 19, 0, 5;
    %assign/vec4 v0x564ef4f9d740_0, 0;
    %jmp T_9.21;
T_9.21 ;
    %pop/vec4 1;
    %jmp T_9;
    .thread T_9, $push;
    .scope S_0x564ef4f0d990;
T_10 ;
    %wait E_0x564ef4f84530;
    %load/vec4 v0x564ef4f9cd00_0;
    %pushi/vec4 0, 0, 3;
    %load/vec4 v0x564ef4f9d740_0;
    %concat/vec4; draw_concat_vec4
    %sub;
    %assign/vec4 v0x564ef4f9d4a0_0, 0;
    %jmp T_10;
    .thread T_10, $push;
    .scope S_0x564ef4f0d990;
T_11 ;
    %wait E_0x564ef4f844f0;
    %load/vec4 v0x564ef4f9d580_0;
    %ix/getv 4, v0x564ef4f9d740_0;
    %shiftl 4;
    %assign/vec4 v0x564ef4f9d900_0, 0;
    %load/vec4 v0x564ef4f9d900_0;
    %parti/s 18, 0, 2;
    %assign/vec4 v0x564ef4f9c7c0_0, 0;
    %jmp T_11;
    .thread T_11, $push;
    .scope S_0x564ef4f0d990;
T_12 ;
    %wait E_0x564ef4f06ab0;
    %load/vec4 v0x564ef4f9c8a0_0;
    %parti/s 1, 26, 6;
    %load/vec4 v0x564ef4f9d4a0_0;
    %concat/vec4; draw_concat_vec4
    %load/vec4 v0x564ef4f9c7c0_0;
    %concat/vec4; draw_concat_vec4
    %assign/vec4 v0x564ef4f9d660_0, 0;
    %jmp T_12;
    .thread T_12, $push;
    .scope S_0x564ef4f0d990;
T_13 ;
    %wait E_0x564ef4f460b0;
    %load/vec4 v0x564ef4f9d3e0_0;
    %flag_set/vec4 8;
    %jmp/0xz  T_13.0, 8;
    %load/vec4 v0x564ef4f9d660_0;
    %assign/vec4 v0x564ef4f9d820_0, 0;
    %jmp T_13.1;
T_13.0 ;
    %load/vec4 v0x564ef4f9c460_0;
    %assign/vec4 v0x564ef4f9d820_0, 0;
T_13.1 ;
    %jmp T_13;
    .thread T_13, $push;
    .scope S_0x564ef4f14d50;
T_14 ;
    %wait E_0x564ef4f1a360;
    %load/vec4 v0x564ef4fa66e0_0;
    %subi 127, 0, 9;
    %store/vec4 v0x564ef4fa6600_0, 0, 9;
    %load/vec4 v0x564ef4fa6a60_0;
    %nor/r;
    %flag_set/vec4 8;
    %jmp/0xz  T_14.0, 8;
    %load/vec4 v0x564ef4fa6ce0_0;
    %parti/s 18, 18, 6;
    %store/vec4 v0x564ef4fa6980_0, 0, 18;
    %jmp T_14.1;
T_14.0 ;
    %load/vec4 v0x564ef4fa6ce0_0;
    %parti/s 18, 19, 6;
    %store/vec4 v0x564ef4fa6980_0, 0, 18;
    %load/vec4 v0x564ef4fa6600_0;
    %addi 1, 0, 9;
    %store/vec4 v0x564ef4fa6600_0, 0, 9;
T_14.1 ;
    %jmp T_14;
    .thread T_14, $push;
    .scope S_0x564ef4f0c8c0;
T_15 ;
    %wait E_0x564ef4f708e0;
    %load/vec4 v0x564ef4fa7b40_0;
    %nor/r;
    %flag_set/vec4 8;
    %jmp/0xz  T_15.0, 8;
    %pushi/vec4 0, 0, 27;
    %assign/vec4 v0x564ef4fa7d40_0, 0;
    %pushi/vec4 0, 0, 27;
    %assign/vec4 v0x564ef4fa7de0_0, 0;
    %pushi/vec4 0, 0, 27;
    %assign/vec4 v0x564ef4fa7e80_0, 0;
    %pushi/vec4 0, 0, 27;
    %assign/vec4 v0x564ef4fa7f40_0, 0;
    %pushi/vec4 0, 0, 27;
    %assign/vec4 v0x564ef4fa8020_0, 0;
    %pushi/vec4 0, 0, 27;
    %assign/vec4 v0x564ef4fa8100_0, 0;
    %pushi/vec4 0, 0, 27;
    %assign/vec4 v0x564ef4fa81e0_0, 0;
    %pushi/vec4 0, 0, 27;
    %assign/vec4 v0x564ef4fa82d0_0, 0;
    %jmp T_15.1;
T_15.0 ;
    %load/vec4 v0x564ef4fa8540_0;
    %assign/vec4 v0x564ef4fa7d40_0, 0;
    %load/vec4 v0x564ef4fa8630_0;
    %assign/vec4 v0x564ef4fa7de0_0, 0;
    %load/vec4 v0x564ef4fa86f0_0;
    %assign/vec4 v0x564ef4fa7e80_0, 0;
    %load/vec4 v0x564ef4fa87b0_0;
    %assign/vec4 v0x564ef4fa7f40_0, 0;
    %load/vec4 v0x564ef4fa8870_0;
    %assign/vec4 v0x564ef4fa8020_0, 0;
    %load/vec4 v0x564ef4fa8930_0;
    %assign/vec4 v0x564ef4fa8100_0, 0;
    %load/vec4 v0x564ef4fa8a10_0;
    %assign/vec4 v0x564ef4fa81e0_0, 0;
    %load/vec4 v0x564ef4fa8b00_0;
    %assign/vec4 v0x564ef4fa82d0_0, 0;
T_15.1 ;
    %jmp T_15;
    .thread T_15;
    .scope S_0x564ef4f15e20;
T_16 ;
    %pushi/vec4 0, 0, 32;
    %store/vec4 v0x564ef4fa8e40_0, 0, 32;
    %end;
    .thread T_16;
    .scope S_0x564ef4f15e20;
T_17 ;
T_17.0 ;
    %delay 5000, 0;
    %load/vec4 v0x564ef4fa8d30_0;
    %nor/r;
    %store/vec4 v0x564ef4fa8d30_0, 0, 1;
    %jmp T_17.0;
    %end;
    .thread T_17;
    .scope S_0x564ef4f15e20;
T_18 ;
    %vpi_func 2 102 "$fopen" 32, "module_output.txt", "w" {0 0 0};
    %store/vec4 v0x564ef4fa90b0_0, 0, 32;
    %vpi_func 2 103 "$fopen" 32, "fisqr_binary.txt", "r" {0 0 0};
    %store/vec4 v0x564ef4fa91e0_0, 0, 32;
    %pushi/vec4 0, 0, 1;
    %store/vec4 v0x564ef4fa8d30_0, 0, 1;
    %pushi/vec4 0, 0, 1;
    %store/vec4 v0x564ef4fa93a0_0, 0, 1;
    %delay 2000, 0;
    %pushi/vec4 1, 0, 1;
    %store/vec4 v0x564ef4fa93a0_0, 0, 1;
T_18.0 ;
    %vpi_func 2 110 "$feof" 32, v0x564ef4fa91e0_0 {0 0 0};
    %nor/r;
    %flag_set/vec4 8;
    %jmp/0xz T_18.1, 8;
    %vpi_func 2 112 "$fscanf" 32, v0x564ef4fa91e0_0, "%b\012", v0x564ef4fa8f20_0 {0 0 0};
    %store/vec4 v0x564ef4fa92c0_0, 0, 32;
    %delay 10000, 0;
    %jmp T_18.0;
T_18.1 ;
    %delay 40000, 0;
    %vpi_func 2 117 "$feof" 32, v0x564ef4fa91e0_0 {0 0 0};
    %cmpi/ne 0, 0, 32;
    %jmp/0xz  T_18.2, 4;
    %vpi_call 2 119 "$fclose", v0x564ef4fa91e0_0 {0 0 0};
    %vpi_call 2 120 "$finish" {0 0 0};
T_18.2 ;
    %end;
    .thread T_18;
    .scope S_0x564ef4f15e20;
T_19 ;
    %wait E_0x564ef4f342f0;
    %vpi_call 2 127 "$fwrite", v0x564ef4fa90b0_0, "%b\012", v0x564ef4fa8fc0_0 {0 0 0};
    %jmp T_19;
    .thread T_19;
# The file index is used to find the file name in the following table.
:file_names 6;
    "N/A";
    "<interactive>";
    "../prototype/automation/fast_inv_sqrt_tb.v";
    "../prototype/automation/fast_inv_sqrt.v";
    "../prototype/automation/FpAdd.v";
    "../prototype/automation/fp_mul_new.v";
