011100111011010111011010100
011000110100111111100100001
011000001011010011110000010
110110000011110100011011010
111011110010010111100101011
011100001011010100001101111
100101110011110011110011110
101100100100101011010101111
001101111000010011101000110
011100101000111111011001010
010101011100110000011010101
111001110010111011000101001
111110111010111110000110110
110110010000111011010011111
110000011100100111110110111
011010010011100111010001001
011011010001011000111000101
011010101110111100101100010
110000010011010001101101111
101011111001100100100100000
100101111010000000111001000
010110011011011111100011010
010110011110111000000000110
110001000011000011101000010
111001100011001000001101111
110101101011010001100110010
101000000101001110110010111
110000111001001111011011111
011011111100100011000110100
101001101110100000111101010
000111010101000110001101111
011110000000000101011111001
011000011001011111110110011
110010001110010001000010000
011010101000011110010001011
111000010101011110110101101
011101111001100110001111110
011101111000011100100010111
111011111111001000010101011
001000101010011001110111110
011101010100101111100100100
010010000100001001100010101
010101101100010011010100010
001010101110110100110000000
111101001110000110110101110
010101001000011101010000111
111110111001111101100010010
110100111000011101010111000
010100100011111110101110010
101111000010100001000010011
011011110001100100001010110
011011000101011001000111110
011100011100010111111110100
011101010111101000010010011
111110011111110010000101111
110011101000111000101001011
010110111101100100001000011
001011101011100001001011110
011100000010110111101011101
010101000011011100101000110
010100111000111011001000100
111100011000011111010110000
011000010110110001011010111
111100100101000000001111010
010101001111110100000111010
110000010011100000101000101
101100011100100001110100010
111000100101110100111100110
011110010100111000101100010
111100111101111011101110100
010011100101010100001110110
111001101011101110110101011
110100001111010110010101010
110101110100111100110101000
000011110111110111101010101
001100001101011010010000110
111001001110101101011011001
011101110110111100000011110
110101000100100101000111111
111101011100111011111100011
111001010001101101011110010
101001111001110011101000011
110101010000000011101000011
011011001111110101011011011
110010011010100011100001000
001101000011000101010110001
011111101111110101001000111
010001001111011100001110101
010011010100111101111111110
010111111001000100111001001
011110111010000100010001100
011111110001011111100111111
110000110001100101110010110
110110010100111101100100101
010001101011001100001111110
101001110000110010001010101
111001010010111101110111010
101010111111011000111101111
110111100000101010100111011
011110011110011000100100111
