011000010001001100110111011
100110010000110011100111100
001000011100100011011011100
111001111101010111110001001
101001011101011010010010010
110010000001111010101110101
010110111111111100111001110
111110101111010100101111101
110110000111101110111000010
111011001000010101000101000
011000010100100111111111000
011000001011011000010111001
011101111101001111001001000
111101101001000011000011110
111111100000010100110100101
011011111000100000000001011
101011001010100100001011111
101001001011001010101100110
001011001011100101100100010
111011111110001111100010110
011000111111010110000110111
011110011110011011001011110
010110011000100100001000001
011011110011001001100001111
110101101110101001010111100
010000110111100101001100000
001101001111010000001111001
010011010100001010011100111
111000101000010100000111001
100111111011011111011110000
111010101110001000110000111
001100010100110000100100010
010010000111000001101100101
010011000111101010000011110
110001110000110000010000010
111000100001110001011101111
011101000011000111011000010
010000111110111101101001100
001000011111100110011110111
111110010101100010101101110
010110101001111001100010101
011001010110100100101110110
011110010111010100101010111
101111101000011110111101110
011001000011000110010011101
001001100000101111100000111
001111110111011111100010000
011101000101000101001010111
111001001111100110011000100
110011001010100000100000111
111110011011010111110100011
001101111100011000010110110
011111011011000001011101101
010100110101010111011111110
011000010100100101010010111
111111101001010010010111011
010001011100110100111011010
111101000110011111110100010
010011110010100100000110100
110111010111011100001100111
110001100101100101011011110
011111011011100000101101010
110101011100110000110100001
111101011000001001110101110
011110011001110011001110110
111011001101100000010100111
001000100111110011100000011
111111010001110011101010110
011110001010100101000001000
010110000101011001101000111
110100001100101010010010010
010010001111100111000111101
010011111001101101011111010
011100000000110110001010110
011110011011011101010100100
010001110001001111111010100
111110100111000111001100000
001000010000011000100010110
111111110010111101001010001
000111000000101100111101101
011110010010011110010000010
111011111011111110011000001
100111101101010111100111100
111011111010110011111000011
011101100001011110111111110
011111111100111101101000001
110101111101111011101111011
011111010101111111000100010
110010101111000011111111100
110111011101000110100010110
111111101011010001111001000
010000100111000010101010111
111000101001111101111101000
111100010000100001000101011
110100000110111010101110000
111110110011011001110111001
110110111111000100001101101
011010010101000011111001100
010011111101111110100000110
001000111001010110000110011
111000010001011111101010010
011000101000100110100100001
111101111100100100100111001
011111110100100111010010001
111101110111001011100001010
010010100100100111110000101
110000000010010111110011101
101100101110101110001000111
011101000010011101000111010
111011100110010110101100010
110010110110101111000110111
111101101100001101011010111
010111110011010101110111100
010010110000001000011011111
001011000100101101111011110
011111111010000110000000010
010100011100111001110110110
111101111010010101111100110
011111000101000011110000110
010110000100110011110100011
010100000011111100001011010
011000110111110000110010000
110011110101011110101110101
111111011101110101001001111
010110010101100110001000010
010001010001010001010100101
100111101111011001101010101
011011001011000010001011010
110011001101100101100011110
010010001000001000011001001
000010110100001010001010011
011010100011001011010111101
101011001111100011110100011
010100111110101011110100110
110110011011100100101110001
001110000000100101111001100
111101101100001000101110110
111100000100110010110111111
011100000110101001000101100
011100010100000000111000101
110110101101111101011000101
011101111001000001110011000
011001110011100101101000110
001001111001101010011010110
011011000001111001101010011
011110000000001110101001110
001101110101100101000100001
110110110110110100100011100
010111010101110001001101101
100011110101100001010011010
111111100101110001000011111
010010000001100110100000111
110100110000101101100001011
000101010011000100111010000
111100111101100110010111101
011110111000000010010000001
110010110010111111001101101
111010010110110111100001111
010110000011111110000000001
111001111011110101110011010
100010001001101000000001100
110110010110100111100011111
110001001101101000101100100
110000000010000001011001000
100001110000011101110001000
111100101010110100110000110
110010110111100010011111101
010111011001001111110110000
111111111100100100001111001
101111101011101100101101110
111111100110010011000011110
111011001100010111110100101
111101101100101010101001101
001011011101111111110101110
111110000010000000111000000
111011111000010100000010000
111110010011001111111000110
010110010001001011101111000
010100010010011001010111110
011110001101110100111011100
101011000100100000110100010
110111010000011000100001111
101100110011001101101011010
001100111111111101011100010
011011001110111111001001011
110111000100001110000100100
010110111000101001010000000
001100000000000010001101010
010110011010010100010000110
010011010101000101010011010
111110000110111100100101100
001101101111010100111001001
100111110101110001100010100
010011101111110101001111101
111011010000100110010000101
101101000100010110011101000
111100111010001111001000100
011111110111010111100000111
111010111111101100101110001
011000000101101100111000100
010100100011110001000000010
011001110001000000100111110
110000111000101011111001000
011111000101110001101011011
010100001000111100010100000
010000111100111111000000000
110111100000101101100011100
011101110110111110110010110
110010000011010011011110000
111010010010101001001011100
010100110001001001101110000
101000100101111111100001100
010111000000110010111001111
110111100000100100111001010
010010001100010101001111001
111000000100111000010111001
011010101000011100100101010
011110001000000001011011011
010001110001000111000101110
011100101110000000000101101
110110101100111110011100100
110000100110001011011010101
110110111001011110110101000
100101111100011110000101000
100010011111000101111011001
001111000000111010111111110
110011100011110011110101011
011111100111000111000010010
111011000100011011101010011
100100100111100100110100101
001111101101111010101111001
011110000111000100110011010
111011100000100101110010110
110001111011100100100010010
101011001001100010100100110
001010100110010111010000011
111010110101111001101111101
111011010000111110110001011
011001011010010100010011100
101110001000110010000011010
001011111011111101111000000
101110011000000011110111110
110011011111101000011011001
011011110011001011101100011
011111011101001001001111010
011010010101010010011000101
011011101100001100100100011
001111101110001111001100110
110110001010000011001111010
111011000001100101011110001
010000000111011110001110111
101111101110010000101001001
101011110111111101010101111
100000011000010000000111110
110111010011110010000010001
110001010101100100010010011
010010011101111100101010010
111011111110001101110011110
011011011101011101111010110
110100110011101100000111110
001100111000110101000101010
101111001001100001011010101
111111101001011101001101010
010110110101101111110110100
111110100101000011111110010
111111110010001000101011110
011010000010000101010110110
010111110000010110001110001
010001001000010000011101001
101001000000110111100010111
000111010000011100110000000
100111101010001111011100001
100011110100001111100010110
001010111110001101111100010
110010001010001000010110110
010010111100000110000100101
110100101010101010001111100
100101010100110101110000101
011001011101101100010010111
111011000110101101000100111
111111000000001001100111001
001100011111001011000000110
101001000011111000001010000
111110101100010101110100101
101111011011010101110110010
100100000100001001101110100
000100111011000111000101001
011110101110110010011010011
110111111001000111111111100
011010110111100111101100100
011001101111000101110101101
110111010010010100111011100
101011110111001011011111101
000101001010100010001010010
010110100111001001110011101
110101000000101011110011111
010111110101111111001100011
001000001011001110111000001
111111011001011101101001111
011111011111011101001111011
111010000010001011000100000
110111101011110110101000010
010111111011101001011100000
000101111111110111111101100
000100010010111111101001000
111101001101111111111010111
111001001000000100010111001
111101010100011101011100110
011101010011111101110010000
100111011000111011110011000
110010100101001010101010000
111001011011111011111010011
001111000010100001001110011
000011110111100100010001010
011001001101100100101011011
100110011011001010001000000
100111001101000100101001000
000011110000001101110011000
010010110110111110000111010
110010010001100000000011001
010011010100110100000000100
000100000111001010110101010
111110000101011110000111111
111101100010011100010101110
011000001101111001100000011
001110101100011000010001000
011101001010111110101001101
111111110111000011110100100
011010010001010110100011010
111110100111000100101000000
110100011101100001011001000
011110001101111010100001101
011111010111110000101100101
011101100010001111110111100
011010010100111010100100011
010101100111010001101001000
001000011000000101111111010
101101001000110000111110110
111111101011101100110101000
010000000010011000000111001
111011000001100110110101010
010010001101011111101110100
101101111111100110000010111
011001110001101110011101000
111000100011001101001110111
001000001001000010111101010
010011011100011001010100010
010111010110000101100010110
101111110011000100000001100
110000000111110100010010111
111111101110111110011000001
101111111010110100111000110
010101110110010011111000110
101101000011001110110011010
011111101001000111100101010
110010011111111100010001010
011100100000111110110011110
011100001101110000110010101
011101100110111010001010001
011011010111111001101111011
001011011010111010001100001
011001100111110000110011100
101100110110100101111110100
010010011110000001000111001
011010111110000101000101011
001111101111011010011100111
110110101000111000001100110
011010110011010011111110000
111111001001101001111111010
011100001011010101110101011
111110010010100001010111010
001011110111111011011100111
110010110001010000110110100
011110001101111111011010000
101010110111111001110111100
110001111001001011001001000
001111011110110101000110011
110011111011110010001100100
011011010011100000010110101
111001011010011011111110110
010100010101101110000100110
010101011011110011100101101
011100111010101100100010110
100010101101010010100011111
101110110111001010101011011
101101011011011110101000110
001011101111110001111010101
010100011101101101001100110
001110111110100110010010001
111011111010011110110000100
111010100101101101100101011
111100011010011111101001100
011010111000111100010101110
100011011000010001011010101
111100010010000110100011100
110101011001001001000000000
111101010001010000001111111
111100001110011001001111010
010010000010011001000010001
010101110100110000000010100
101101100011011010111001101
010010000111000110011100000
010001110000101111100010110
110011100100101010011011100
001111000101110010110111111
111101111100101010111110100
001011000001111110010100001
111111011010011011000001101
101000011000101001000110000
010001010011010101101010100
111010110101101111010110010
101100110111110100101111110
100110111110011100001111111
111100010110101101101110001
010101100110001111001001000
111101110000011000001010011
011101110001000100110110111
011010111011111011001011010
001101011010001111010000100
110111011111101100100111110
011111010100001001000111001
010100010100001000011101010
011011000011001100001011011
010000101001001101101000011
111000000001011000001111110
111100000001101110100110111
110110100000100011101111100
001101011101100101010000000
101111110010001010100000111
111110100101100010100001100
011101000000011100101000111
010001010110110011111101001
111011000011001010101001100
101001000101100000101000100
110000100101010011111100000
010101110101111110101110111
101000110010110110000011001
111010000000100011100110101
010000010010100100010000001
000110111010011110110010010
111110101110000101110101111
001011001010011000101100111
010100011110000110000100101
100110001111010111011100101
111000000010001111000000000
111100001111000111010111100
010101111110100000110111011
111110001111101101001000000
110000000010011100001010000
001000110110101011000001011
010010101101001011001111010
110010010111101011110101001
110110100111000111001011010
001111111001100101100000000
010111101001100100000110111
011111001100101001001010111
010110100111110011111000000
011000010001111101001010001
011010110111010010001011110
110110000000111000010001100
111101001010001110101101000
101011110100111101010001001
111100001101010011010101011
110011111011001001110100001
001011001000011011011011010
011011111001000101001001101
011100100000000000010000100
110000001110001000111011011
010111100001010011111000000
111011111010000111101010000
001110010001111000001101010
110011001110001010000111000
101110101100100101000111000
001000001100101100010110001
011001111011100101111011001
110111001100010000011101011
111100011010100000001110101
010111100110111001111101110
010110011011011110010110000
000011111110011111001110010
101001110001001110000001011
111001100111111000110110111
000110000001111110100000001
110000010101101010111110000
011100010111001111000111110
110010111000011011100011100
001100111111001110001101101
011011100001000111101101011
100111110100000110111111001
101110111101011011001111110
001001110001001010011111100
111001001100111010110000000
010001101100010111011100101
100010111110100010110001111
111111011100101110101000101
010011011011000011000001100
011100110001111001001100010
111001010001111110100011001
010111100100101011000110000
111010000001111011001110000
001000100111111011011110110
001111100101011110111010001
010010011110110011001111110
011011010010100100111001100
001001010110111111001110011
011000110111110011100111111
010110101100100010010010001
111100000010101100101101110
111001101110011111001100100
101110000001110101101111011
100101011011010010111001110
110101101010011100100110011
111111101000110001010000110
110100000101111000001010010
101110001000000010100100100
010000001001111011100111100
100011011101011000010100100
111101111001011100101110100
101100101000000110011111110
010011010011001101010100100
001100000100101110010001011
011100011011001000101100101
010001111111010001011010001
111100011011101100110010001
110010001111000001001000110
011110000111010001010000101
110111011111000010001110100
110111110001000110000011001
111110001001100101100001100
000110001000010010111010101
101110111100100000111101001
010010101000111101111100100
110100100011010001011001011
110000000101101101001011101
010011100111101101100000111
110101110100010100011100001
010100011000110010011111011
011110100100001110011110111
010110011011001000010101001
110110000100000011101001010
101111110111110010010100000
111011111001011110000001000
111000011100111111100000010
110010110001011101010010011
010001110011001010010011101
011000011011100110101101101
011011010100101111011001101
111111001011000110011010010
111110110011000101001001111
010101110000000000011000111
100101010110010111101000010
111110000111000010010100010
111110000001101010100000101
001000000111000100110100000
010000100011000001001111010
111000100100110010111011101
111000000101101000100010000
011010110011000011110100111
101001110010001100111100101
101111010101100000110101011
011000101001011111100111001
011100101010011110100100101
110011000110001100010111000
001111111001101000110111100
000111111110101101001010100
011001101110100100000001100
010000111111001001000101111
010100110011100110100001110
011101110001011001100100100
100100001010000011100010001
011001111101011000000100100
011101011000100110100000101
000101011001000001010011000
011010111101001110100011101
111110000110000011010111000
010000011001000111001101011
111111010000111111000001100
100111000111110010111101111
110010111000010111001101111
010100110001010110110001101
010111000110000100111001000
010101000101100001011110010
010101001001111000100001001
111000000101000101000100111
000100011001011010010011111
111100000000000110110000010
010001110001111111110000001
111110001101111111000001111
010010101110001100100100011
011011111011001111111011000
011101010111000100000111000
010000001010110000101110111
011111111100000110001110100
011000100100011011100000010
111000110101111111100111110
011111001011101001110100010
011111111100010101000101011
101101010010010011011100111
111100010001010001000101000
110111111111001100001010011
010001111010000010110101111
011110111001010011010001101
011000111000111101011011111
110100000110011111010111010
111010011010111111010000101
001110000101111110100100111
111101101001010100011010100
001110000011001011000001100
010100000001011111000100010
010010010101110111111110100
101001010000011110001001001
111100010111000000010001100
111010111111101100101000011
111110010111010010110001000
111101100111110011110100010
111011111010011010001000110
010010111011101011001111101
010001001011111000110000100
111001111100010001100000001
011110101101001100010110010
110011111000110001111100001
111011011010100010001111011
100010110100110010001100011
011111100001110001101011110
010010010000111101111110100
010100010110000011011001110
000110000010000000011110101
110110000100100000101110110
101011101110110001011001111
011001011011010001100101010
111111100001011110110001000
010001010100111110011000001
110100011110101100010000101
011101110011011011000011101
110011000110000111110111100
001111001101000001100001000
001010101100001100101100110
111001010100000000101001011
101111010110100100111111001
010100101110011101110110110
111110000111010001100111001
100110111111111010110101000
111001000010100011011101111
101111101011110010010111111
010110111100000011101010011
011110101010110100011000100
110111010010010010011100110
101011011101111010010101001
111010111000001001100100000
101001011000100000001000110
011001101100100111111111111
001001001110101001001011000
011010111000100011001011010
101010101001101110010001111
111100011010001010001001100
111101110000110100101110000
000010010100010011000101100
011101011111100010110010011
111001101010011010011100001
111010000010010001011111100
111010001111101010111111100
011010011110100000111110100
110001001110110111001110100
001101101001111111011101101
110111101110101010110001101
110110011010100001101110000
011011001101110000011110001
110111101100000110001001000
011010110010011100111111000
011000101101111000010101110
010001000110000101000001000
011111101110100001111100111
010101011011100101001110111
010011111000000100010111010
010111001100101110011101011
011111110110100001111110001
111010101010000101000110010
110110111000101111001101000
011011101001111000101010100
011000010001100000010010011
010111111010111110010111011
011101011000000100100101000
111111000001010001100001110
010101011001111111001010001
010100000010110001110111111
111111101101000010101101001
011100100101000010110010110
011111010011101101001010001
011101110101011110011010001
101011100111010100111010001
010001111100000110110001111
010110101000111100111001001
010111000011101110010100011
101110111000011010010111101
110010100110000111100001010
110011111001011100000110111
011001111000001011111100001
111101101000000000110111010
011110001001000000101001111
011011011111001111111101100
110110101110100000100001010
111110100101110001001000111
111111001110000100011011011
010100111100100001011111110
011010100110100111111110011
111101000101110001110001101
001101111111011010100010010
011010111100100101100000101
000100111110010110101011100
111111110010000001010101110
011001111001011010010110000
010001010110000110010100011
001011001110000000111000101
110000110000010010100001011
111111001100011000000011101
000011111001101001110100010
011101101001101010111100111
101011000110001010010011100
111100111011001101000010001
011101100010010001100100010
010010011110100100010101011
101011100101011100011100010
110111111111010101011101010
101111001100001000011101101
110101000110110010111010101
111110001101000111001111010
111110000100000001000010000
011001000001100101110100011
111101111011100001110111111
111011101000010001000001110
010110110000001101101111010
010101011001001001010110000
111101100010001100010001110
111100111001001010010010110
111000101101000111101001010
111101100001110101000100001
001010010000100110111010010
101010001111111011111110001
110010010011111001010100001
010110000100101100111101001
011111110011100011001110111
111100001010000110110101000
101111010111010010111101111
010100011000011011011111110
100011101101001101011101110
101110101100111110111000011
101001010010100010011000001
010010110100101100000011010
010101010110011010010111011
101001101100010001001101000
011100100011101111110110111
010001000000111001100001001
110110000010000001011101010
000011001101111101001001110
011011101110011010011011110
010111110000110100011101100
110000001011101010011000001
011100110111110000111111101
111011101001010000010011110
011110011000101001110011101
111000000000000001000001111
101110101010101101101100101
110011100000100111000001011
101010010100010111111111100
110100111001100110101101101
111110010101010011011010101
110101111010111000100010101
010101011101101101101110001
111100000110111100010111000
110110001110110101111010101
101110100111111000001000010
011010101010101000101010000
001111100100111110001010111
101001010111011011001110101
111111111011110010001011011
010001011110010011000110011
010101000010011110111010011
111110111111111010010101000
011011000110010011110001000
110110001000101011001100011
011000111110110011101001000
011001010000000110101101101
111101001100001101010010111
110100011100100011111111011
111010101110100110111101010
011110111101101111000011000
111101110100010111101011110
110100111000101001111001001
111000110101000010111111010
000010101100110100001001010
110011000101111010111111110
111110111010011010101000000
111001111011001110111110110
010101110001101010111110010
001010100010101110011011101
111011101111101011010001011
010000110111011000111001001
111010101001110110111100001
011110011100000111011001001
110001010011111111011111100
001011000100001011101010100
010111111010010110011001000
000110110101110110001011001
110110000110101001101011111
111100010111011111100100101
010001111001101101000110100
011011100000111000101011010
111011011101010111000110001
011010111110100100010100000
111001001011111010011100011
001101110110000001010111001
111010100101101011110010100
010101110100011001001000010
011001010100010010000111001
101110100110111101001111100
011100000111000011000011110
111111110110111110011001100
111010101001000111101100111
100110011010010100100000010
101100110001001001100001011
101110011110111111100010000
101011010011011111001000100
111100110000111010111100101
110101100010101001110100010
010100000001010011010100011
010111101001101100001101100
110100111001001001111111110
111011000111110010010111110
110000111111111001011000101
011010111001100001101111111
111101100110011111010100110
110010110110101000101010111
101110010100110010010000001
110111000010010000110110111
011100111110001010111001000
010011111000000100001010101
011101001110111000000111110
101001101101011011101001100
000100101111011111011110111
010001110111010111010111101
110111100111000110111001001
101000010000000001100011101
001110101000010100100100110
001100000011001101000011111
011100100100011000001010000
011101100011000000111011001
011100100011101011000000001
011000110010100100010110111
010111110000101110011110010
011111101001001110100000010
011111110000011011100110000
011010001010011110111000010
011100111110111101010111111
000111110011011101011111000
010100000101000111110010110
101100000100010001101111010
110110110100110011111011000
111010001101001000100110000
000101110011000111000010000
010110011110101111010111101
111100100010000001101100101
000101000111100010001001010
111111000010100010011100001
110110010101011011100011100
111011001000101010010111110
101001010000011110011010111
010100110100000111111001011
111111100010001001111101000
000110010100101110101001010
110101000110011101001011111
011111001101010001111010011
011001111010101100011011111
011000111110000111100111111
000011111000011101110010110
011110011100000100111111111
111111000011011111110011110
010101110010001101111100011
011010000101111110011001110
010001100111110100110010011
110100001011100011101100000
001111100010100100100110000
010000100010010100001010100
010110010111001101100011101
011111101100001100110111101
011110110101110010111111110
110011011101011000010101101
011101010101110000101000010
101101111101110000010100111
110101010110000111001011000
111011101001111110100110110
001111100011010100101100011
010110100011100101011111111
010000110101101000101101110
011010000001100101110110000
101110010011110101110000101
111010101000111000010000110
110001111110000010110110100
001001010110100111011000100
011110110000001001001010101
111011011001011010000111011
110110011100111101000000010
011111000111111110110011101
101110110111101001001001100
110010000100101101101101011
011101001001010101111101110
110100111001011101000101001
000010111101100011001000100
111110001010111010101111001
010010010001010100001100111
101001111011101000010101000
010111100100001101010001000
110101101001100111111011010
101010000010010001010100010
111000011111011000110101011
101110011100001001011111111
011111010010100001110011110
100010111100001110001011010
101100001100000011011100101
111101010001001110101001110
011101100011100011100111110
110000010011110110011101100
001111111010100111011000110
011001001001000110101010110
111001001010100101001010111
000100000010001110101111111
011101000001100011111110011
001111010001101001000001010
001101000110100001011001000
001000101010101101111100001
011111010001010101010001000
001101101110101111111010001
001111110110110010000101110
110100110000011010101110110
011100001000010011101101001
110111101110000001110100110
101101110100110101010110000
011001011110100001110100100
110110001100100001000111111
011010110110011011111000001
111110010101001101000111101
010101011011010001101011000
110010011111110111111110011
101111011001001011110000001
111000100110101011001000001
101100000011101000101011001
010111111010110101001011011
110011111000110110100110001
011010011000001111010100001
111000111011011001001010010
010001111110000001101100101
010111110110100111001100000
010110011101110000011001100
101111011101011010011101101
111110101011001110000101100
011100110110010010101110010
111110101010111011110010010
101110110010000000010000010
011101110010000000100110000
011010010100101011011010110
110011001111100100010010101
010111011011011001001001000
010010100110001100101011101
111001001101010100111011110
010100000010100100110000010
101100010111110000101101111
000111000100000000110011011
111111110111010110111100111
101011001011100101100110110
111100001001100111100110000
110000010010111001000101001
001011110100101011000101011
111110101000010100000001100
010110111101111010011101110
111110110100111001000101011
010000001001111101110100010
011110110111100001000101100
010011100010100001011101101
011010100111011011111111010
100010110110100001000001011
100101010001101101110100111
101101101001011010001100111
011111000110010101001111000
001111110001111000000011010
111000101000110100100000100
010001100001010111011000110
001000111101000001011110100
011000101111110011011110010
110110100011010101010100000
101100010101010100100010101
010011000001101000101100011
011100000010000110011111110
011110011011111110110001101
010000010110010101010000101
011001010011111001000101110
110110101000011100001010100
011111011110110000001011111
100100011110001100011010011
011110101011011101010000000
001100001101111010000101011
111100111110101110010101000
